[ 2017-09-04T09:35:40+08:00 ] 192.168.1.138 /admin.php/
INFO: [ route_check ] --START--
INFO: CheckRoute Behavior ::run [ RunTime:0.000000s ]
INFO: [ route_check ] --END-- [ RunTime:0.000000s ]
INFO: [ app_begin ] --START--
INFO: ReadHtmlCache Behavior ::run [ RunTime:0.000000s ]
INFO: [ app_begin ] --END-- [ RunTime:0.000000s ]
INFO: [ view_parse ] --START--
NOTIC: [8] Undefined index: role_name D:\phpStudy\WWW\application\admin\Runtime\Cache\a4808b0abfd86dcf6a8b1993c999793c.php 第 35 行.
NOTIC: [8] Undefined index: staff_account D:\phpStudy\WWW\application\admin\Runtime\Cache\a4808b0abfd86dcf6a8b1993c999793c.php 第 36 行.
NOTIC: [8] Undefined index: status D:\phpStudy\WWW\application\admin\Runtime\Cache\a4808b0abfd86dcf6a8b1993c999793c.php 第 55 行.
INFO: ParseTemplate Behavior ::run [ RunTime:0.015600s ]
INFO: [ view_parse ] --END-- [ RunTime:0.015600s ]
INFO: [ view_filter ] --START--
INFO: ContentReplace Behavior ::run [ RunTime:0.000000s ]
INFO: TokenBuild Behavior ::run [ RunTime:0.000000s ]
INFO: WriteHtmlCache Behavior ::run [ RunTime:0.000000s ]
INFO: ShowRuntime Behavior ::run [ RunTime:0.000000s ]
INFO: [ view_filter ] --END-- [ RunTime:0.000000s ]
INFO: [ view_end ] --START--
INFO: ShowPageTrace Behavior ::run [ RunTime:0.015600s ]
INFO: [ view_end ] --END-- [ RunTime:0.015600s ]

[ 2017-09-04T09:35:43+08:00 ] 192.168.1.138 /admin.php/admin/login.html
INFO: [ route_check ] --START--
INFO: CheckRoute Behavior ::run [ RunTime:0.000000s ]
INFO: [ route_check ] --END-- [ RunTime:0.000000s ]
INFO: [ app_begin ] --START--
INFO: ReadHtmlCache Behavior ::run [ RunTime:0.000000s ]
INFO: [ app_begin ] --END-- [ RunTime:0.000000s ]
INFO: [ view_parse ] --START--
NOTIC: [8] Undefined index: verify D:\phpStudy\WWW\application\admin\Runtime\Cache\26e0773d10aead9269ee1a28630267fd.php 第 35 行.
INFO: ParseTemplate Behavior ::run [ RunTime:0.000000s ]
INFO: [ view_parse ] --END-- [ RunTime:0.000000s ]
INFO: [ view_filter ] --START--
INFO: ContentReplace Behavior ::run [ RunTime:0.000000s ]
INFO: TokenBuild Behavior ::run [ RunTime:0.000000s ]
INFO: WriteHtmlCache Behavior ::run [ RunTime:0.000000s ]
INFO: ShowRuntime Behavior ::run [ RunTime:0.015600s ]
INFO: [ view_filter ] --END-- [ RunTime:0.015600s ]
INFO: [ view_end ] --START--
INFO: ShowPageTrace Behavior ::run [ RunTime:0.000000s ]
INFO: [ view_end ] --END-- [ RunTime:0.000000s ]

[ 2017-09-04T09:35:51+08:00 ] 192.168.1.138 /admin.php/admin/check_staff.html
INFO: [ route_check ] --START--
INFO: CheckRoute Behavior ::run [ RunTime:0.000000s ]
INFO: [ route_check ] --END-- [ RunTime:0.000000s ]
INFO: [ app_begin ] --START--
INFO: ReadHtmlCache Behavior ::run [ RunTime:0.000000s ]
INFO: [ app_begin ] --END-- [ RunTime:0.000000s ]
NOTIC: [2048] Declaration of StaffModel::check() should be compatible with Model::check($value, $rule, $type = 'regex') D:\phpStudy\WWW\application\admin\Lib\Model\StaffModel.class.php 第 8 行.
SQL: SHOW COLUMNS FROM `staff` [ RunTime:0.000000s ]
SQL: SHOW COLUMNS FROM `staff` [ RunTime:0.015600s ]
SQL: SELECT * FROM `staff` LEFT JOIN role on staff.staff_role=role.role_id WHERE (  staff_account='admin' and  staff_password= 'f379eaf3c831b04de153469d1bec345e' and staff_state=1 )  [ RunTime:0.000000s ]

[ 2017-09-04T09:35:55+08:00 ] 192.168.1.138 /admin.php/admin/check_staff.html
INFO: [ route_check ] --START--
INFO: CheckRoute Behavior ::run [ RunTime:0.000000s ]
INFO: [ route_check ] --END-- [ RunTime:0.000000s ]
INFO: [ app_begin ] --START--
INFO: ReadHtmlCache Behavior ::run [ RunTime:0.000000s ]
INFO: [ app_begin ] --END-- [ RunTime:0.000000s ]
NOTIC: [2048] Declaration of StaffModel::check() should be compatible with Model::check($value, $rule, $type = 'regex') D:\phpStudy\WWW\application\admin\Lib\Model\StaffModel.class.php 第 8 行.
SQL: SHOW COLUMNS FROM `staff` [ RunTime:0.000000s ]
SQL: SHOW COLUMNS FROM `staff` [ RunTime:0.000000s ]
SQL: SELECT * FROM `staff` LEFT JOIN role on staff.staff_role=role.role_id WHERE (  staff_account='admin' and  staff_password= 'e10adc3949ba59abbe56e057f20f883e' and staff_state=1 )  [ RunTime:0.000000s ]

[ 2017-09-04T09:35:56+08:00 ] 192.168.1.138 /admin.php/index/index.html
INFO: [ route_check ] --START--
INFO: CheckRoute Behavior ::run [ RunTime:0.000000s ]
INFO: [ route_check ] --END-- [ RunTime:0.000000s ]
INFO: [ app_begin ] --START--
INFO: ReadHtmlCache Behavior ::run [ RunTime:0.000000s ]
INFO: [ app_begin ] --END-- [ RunTime:0.000000s ]
INFO: [ view_parse ] --START--
INFO: ParseTemplate Behavior ::run [ RunTime:0.015600s ]
INFO: [ view_parse ] --END-- [ RunTime:0.015600s ]
INFO: [ view_filter ] --START--
INFO: ContentReplace Behavior ::run [ RunTime:0.000000s ]
INFO: TokenBuild Behavior ::run [ RunTime:0.000000s ]
INFO: WriteHtmlCache Behavior ::run [ RunTime:0.000000s ]
INFO: ShowRuntime Behavior ::run [ RunTime:0.000000s ]
INFO: [ view_filter ] --END-- [ RunTime:0.000000s ]
INFO: [ view_end ] --START--
INFO: ShowPageTrace Behavior ::run [ RunTime:0.000000s ]
INFO: [ view_end ] --END-- [ RunTime:0.000000s ]

[ 2017-09-04T09:36:00+08:00 ] 192.168.1.138 /admin.php/index/show_basics.html
INFO: [ route_check ] --START--
INFO: CheckRoute Behavior ::run [ RunTime:0.000000s ]
INFO: [ route_check ] --END-- [ RunTime:0.000000s ]
INFO: [ app_begin ] --START--
INFO: ReadHtmlCache Behavior ::run [ RunTime:0.000000s ]
INFO: [ app_begin ] --END-- [ RunTime:0.000000s ]
SQL: SHOW COLUMNS FROM `bank` [ RunTime:0.000000s ]
SQL: SELECT * FROM `bank`  [ RunTime:0.000000s ]
SQL: SHOW COLUMNS FROM `param` [ RunTime:0.000000s ]
SQL: SELECT * FROM `param`  [ RunTime:0.000000s ]
INFO: [ view_parse ] --START--
INFO: ParseTemplate Behavior ::run [ RunTime:0.015600s ]
INFO: [ view_parse ] --END-- [ RunTime:0.015600s ]
INFO: [ view_filter ] --START--
INFO: ContentReplace Behavior ::run [ RunTime:0.000000s ]
INFO: TokenBuild Behavior ::run [ RunTime:0.000000s ]
INFO: WriteHtmlCache Behavior ::run [ RunTime:0.000000s ]
INFO: ShowRuntime Behavior ::run [ RunTime:0.000000s ]
INFO: [ view_filter ] --END-- [ RunTime:0.000000s ]
INFO: [ view_end ] --START--
INFO: ShowPageTrace Behavior ::run [ RunTime:0.000000s ]
INFO: [ view_end ] --END-- [ RunTime:0.000000s ]

[ 2017-09-04T09:36:02+08:00 ] 192.168.1.138 /admin.php/staff/show.html
INFO: [ route_check ] --START--
INFO: CheckRoute Behavior ::run [ RunTime:0.000000s ]
INFO: [ route_check ] --END-- [ RunTime:0.000000s ]
INFO: [ app_begin ] --START--
INFO: ReadHtmlCache Behavior ::run [ RunTime:0.000000s ]
INFO: [ app_begin ] --END-- [ RunTime:0.000000s ]
NOTIC: [2048] Declaration of StaffAction::show() should be compatible with Action::show($content, $charset = '', $contentType = '', $prefix = '') D:\phpStudy\WWW\application\admin\Lib\Action\StaffAction.class.php 第 9 行.
NOTIC: [2048] Declaration of StaffModel::check() should be compatible with Model::check($value, $rule, $type = 'regex') D:\phpStudy\WWW\application\admin\Lib\Model\StaffModel.class.php 第 8 行.
SQL: SHOW COLUMNS FROM `staff` [ RunTime:0.000000s ]
SQL: SHOW COLUMNS FROM `staff` [ RunTime:0.000000s ]
SQL: SELECT COUNT(staff_id) AS tp_count FROM `staff` LIMIT 1   [ RunTime:0.000000s ]
SQL: SELECT * FROM `staff` LEFT JOIN role on staff.staff_role=role.role_id LIMIT 0,5   [ RunTime:0.000000s ]
SQL: SHOW COLUMNS FROM `role` [ RunTime:0.000000s ]
SQL: SELECT * FROM `role`  [ RunTime:0.000000s ]
INFO: [ view_parse ] --START--
INFO: ParseTemplate Behavior ::run [ RunTime:0.031200s ]
INFO: [ view_parse ] --END-- [ RunTime:0.031200s ]
INFO: [ view_filter ] --START--
INFO: ContentReplace Behavior ::run [ RunTime:0.000000s ]
INFO: TokenBuild Behavior ::run [ RunTime:0.000000s ]
INFO: WriteHtmlCache Behavior ::run [ RunTime:0.000000s ]
INFO: ShowRuntime Behavior ::run [ RunTime:0.000000s ]
INFO: [ view_filter ] --END-- [ RunTime:0.000000s ]
INFO: [ view_end ] --START--
INFO: ShowPageTrace Behavior ::run [ RunTime:0.000000s ]
INFO: [ view_end ] --END-- [ RunTime:0.000000s ]

[ 2017-09-04T09:36:02+08:00 ] 192.168.1.138 /admin.php/staff/check_account.html
INFO: [ route_check ] --START--
INFO: CheckRoute Behavior ::run [ RunTime:0.000000s ]
INFO: [ route_check ] --END-- [ RunTime:0.000000s ]
INFO: [ app_begin ] --START--
INFO: ReadHtmlCache Behavior ::run [ RunTime:0.000000s ]
INFO: [ app_begin ] --END-- [ RunTime:0.000000s ]
NOTIC: [2048] Declaration of StaffAction::show() should be compatible with Action::show($content, $charset = '', $contentType = '', $prefix = '') D:\phpStudy\WWW\application\admin\Lib\Action\StaffAction.class.php 第 9 行.
SQL: SHOW COLUMNS FROM `staff` [ RunTime:0.000000s ]
SQL: SELECT `staff_id` FROM `staff` WHERE ( staff_account='成都' )  [ RunTime:0.000000s ]

[ 2017-09-04T09:36:02+08:00 ] 192.168.1.138 /admin.php/staff/check_account.html
INFO: [ route_check ] --START--
INFO: CheckRoute Behavior ::run [ RunTime:0.000000s ]
INFO: [ route_check ] --END-- [ RunTime:0.000000s ]
INFO: [ app_begin ] --START--
INFO: ReadHtmlCache Behavior ::run [ RunTime:0.000000s ]
INFO: [ app_begin ] --END-- [ RunTime:0.000000s ]
NOTIC: [2048] Declaration of StaffAction::show() should be compatible with Action::show($content, $charset = '', $contentType = '', $prefix = '') D:\phpStudy\WWW\application\admin\Lib\Action\StaffAction.class.php 第 9 行.
SQL: SHOW COLUMNS FROM `staff` [ RunTime:0.000000s ]
SQL: SELECT `staff_id` FROM `staff` WHERE ( staff_account='成都' )  [ RunTime:0.000000s ]

[ 2017-09-04T09:36:02+08:00 ] 192.168.1.138 /admin.php/examine/show_examine.html
INFO: [ route_check ] --START--
INFO: CheckRoute Behavior ::run [ RunTime:0.000000s ]
INFO: [ route_check ] --END-- [ RunTime:0.000000s ]
INFO: [ app_begin ] --START--
INFO: ReadHtmlCache Behavior ::run [ RunTime:0.000000s ]
INFO: [ app_begin ] --END-- [ RunTime:0.000000s ]
SQL: SHOW COLUMNS FROM `examine` [ RunTime:0.000000s ]
SQL: SHOW COLUMNS FROM `role` [ RunTime:0.000000s ]
SQL: SELECT * FROM `role`  [ RunTime:0.000000s ]
SQL: SHOW COLUMNS FROM `menu` [ RunTime:0.000000s ]
SQL: SELECT * FROM `menu` WHERE ( parent_id=1 )  [ RunTime:0.000000s ]
SQL: SHOW COLUMNS FROM examine as a [ RunTime:0.000000s ]
ERR: 1064:You have an error in your SQL syntax; check the manual that corresponds to your MySQL server version for the right syntax to use near 'as a' at line 1
 [ SQL语句 ] : SHOW COLUMNS FROM examine as a
SQL: SELECT * FROM examine as a LEFT JOIN role on a.role_id=role.role_id WHERE ( menu_id=1 )  [ RunTime:0.000000s ]
SQL: SELECT * FROM examine as a LEFT JOIN role on a.role_id=role.role_id WHERE ( menu_id=2 )  [ RunTime:0.000000s ]
SQL: SELECT * FROM examine as a LEFT JOIN role on a.role_id=role.role_id WHERE ( menu_id=3 )  [ RunTime:0.000000s ]
SQL: SELECT * FROM examine as a LEFT JOIN role on a.role_id=role.role_id WHERE ( menu_id=4 )  [ RunTime:0.000000s ]
SQL: SELECT * FROM examine as a LEFT JOIN role on a.role_id=role.role_id WHERE ( menu_id=5 )  [ RunTime:0.000000s ]
INFO: [ view_parse ] --START--
INFO: ParseTemplate Behavior ::run [ RunTime:0.015600s ]
INFO: [ view_parse ] --END-- [ RunTime:0.015600s ]
INFO: [ view_filter ] --START--
INFO: ContentReplace Behavior ::run [ RunTime:0.000000s ]
INFO: TokenBuild Behavior ::run [ RunTime:0.000000s ]
INFO: WriteHtmlCache Behavior ::run [ RunTime:0.000000s ]
INFO: ShowRuntime Behavior ::run [ RunTime:0.000000s ]
INFO: [ view_filter ] --END-- [ RunTime:0.000000s ]
INFO: [ view_end ] --START--
INFO: ShowPageTrace Behavior ::run [ RunTime:0.000000s ]
INFO: [ view_end ] --END-- [ RunTime:0.000000s ]

[ 2017-09-04T09:36:03+08:00 ] 192.168.1.138 /admin.php/index/show_level_setting.html
INFO: [ route_check ] --START--
INFO: CheckRoute Behavior ::run [ RunTime:0.000000s ]
INFO: [ route_check ] --END-- [ RunTime:0.000000s ]
INFO: [ app_begin ] --START--
INFO: ReadHtmlCache Behavior ::run [ RunTime:0.000000s ]
INFO: [ app_begin ] --END-- [ RunTime:0.000000s ]
SQL: SHOW COLUMNS FROM `level` [ RunTime:0.000000s ]
SQL: SELECT * FROM `level`  [ RunTime:0.000000s ]
INFO: [ view_parse ] --START--
INFO: ParseTemplate Behavior ::run [ RunTime:0.015600s ]
INFO: [ view_parse ] --END-- [ RunTime:0.015600s ]
INFO: [ view_filter ] --START--
INFO: ContentReplace Behavior ::run [ RunTime:0.000000s ]
INFO: TokenBuild Behavior ::run [ RunTime:0.000000s ]
INFO: WriteHtmlCache Behavior ::run [ RunTime:0.000000s ]
INFO: ShowRuntime Behavior ::run [ RunTime:0.000000s ]
INFO: [ view_filter ] --END-- [ RunTime:0.000000s ]
INFO: [ view_end ] --START--
INFO: ShowPageTrace Behavior ::run [ RunTime:0.000000s ]
INFO: [ view_end ] --END-- [ RunTime:0.000000s ]

[ 2017-09-04T09:43:05+08:00 ] 192.168.1.139 /admin.php/index/index.html
INFO: [ route_check ] --START--
INFO: CheckRoute Behavior ::run [ RunTime:0.015600s ]
INFO: [ route_check ] --END-- [ RunTime:0.015600s ]
INFO: [ app_begin ] --START--
INFO: ReadHtmlCache Behavior ::run [ RunTime:0.000000s ]
INFO: [ app_begin ] --END-- [ RunTime:0.000000s ]
INFO: [ view_parse ] --START--
NOTIC: [8] Undefined index: role_name D:\phpStudy\WWW\application\admin\Runtime\Cache\a4808b0abfd86dcf6a8b1993c999793c.php 第 35 行.
NOTIC: [8] Undefined index: staff_account D:\phpStudy\WWW\application\admin\Runtime\Cache\a4808b0abfd86dcf6a8b1993c999793c.php 第 36 行.
NOTIC: [8] Undefined index: status D:\phpStudy\WWW\application\admin\Runtime\Cache\a4808b0abfd86dcf6a8b1993c999793c.php 第 55 行.
INFO: ParseTemplate Behavior ::run [ RunTime:0.015600s ]
INFO: [ view_parse ] --END-- [ RunTime:0.015600s ]
INFO: [ view_filter ] --START--
INFO: ContentReplace Behavior ::run [ RunTime:0.000000s ]
INFO: TokenBuild Behavior ::run [ RunTime:0.000000s ]
INFO: WriteHtmlCache Behavior ::run [ RunTime:0.000000s ]
INFO: ShowRuntime Behavior ::run [ RunTime:0.000000s ]
INFO: [ view_filter ] --END-- [ RunTime:0.000000s ]
INFO: [ view_end ] --START--
INFO: ShowPageTrace Behavior ::run [ RunTime:0.000000s ]
INFO: [ view_end ] --END-- [ RunTime:0.000000s ]

[ 2017-09-04T09:43:08+08:00 ] 192.168.1.139 /admin.php/admin/login.html
INFO: [ route_check ] --START--
INFO: CheckRoute Behavior ::run [ RunTime:0.000000s ]
INFO: [ route_check ] --END-- [ RunTime:0.000000s ]
INFO: [ app_begin ] --START--
INFO: ReadHtmlCache Behavior ::run [ RunTime:0.000000s ]
INFO: [ app_begin ] --END-- [ RunTime:0.000000s ]
INFO: [ view_parse ] --START--
NOTIC: [8] Undefined index: verify D:\phpStudy\WWW\application\admin\Runtime\Cache\26e0773d10aead9269ee1a28630267fd.php 第 35 行.
INFO: ParseTemplate Behavior ::run [ RunTime:0.000000s ]
INFO: [ view_parse ] --END-- [ RunTime:0.015600s ]
INFO: [ view_filter ] --START--
INFO: ContentReplace Behavior ::run [ RunTime:0.000000s ]
INFO: TokenBuild Behavior ::run [ RunTime:0.000000s ]
INFO: WriteHtmlCache Behavior ::run [ RunTime:0.000000s ]
INFO: ShowRuntime Behavior ::run [ RunTime:0.000000s ]
INFO: [ view_filter ] --END-- [ RunTime:0.000000s ]
INFO: [ view_end ] --START--
INFO: ShowPageTrace Behavior ::run [ RunTime:0.000000s ]
INFO: [ view_end ] --END-- [ RunTime:0.000000s ]

[ 2017-09-04T09:45:11+08:00 ] 192.168.1.139 /admin.php/index/index.html
INFO: [ route_check ] --START--
INFO: CheckRoute Behavior ::run [ RunTime:0.000000s ]
INFO: [ route_check ] --END-- [ RunTime:0.000000s ]
INFO: [ app_begin ] --START--
INFO: ReadHtmlCache Behavior ::run [ RunTime:0.000000s ]
INFO: [ app_begin ] --END-- [ RunTime:0.000000s ]
INFO: [ view_parse ] --START--
NOTIC: [8] Undefined index: role_name D:\phpStudy\WWW\application\admin\Runtime\Cache\a4808b0abfd86dcf6a8b1993c999793c.php 第 35 行.
NOTIC: [8] Undefined index: staff_account D:\phpStudy\WWW\application\admin\Runtime\Cache\a4808b0abfd86dcf6a8b1993c999793c.php 第 36 行.
NOTIC: [8] Undefined index: status D:\phpStudy\WWW\application\admin\Runtime\Cache\a4808b0abfd86dcf6a8b1993c999793c.php 第 55 行.
INFO: ParseTemplate Behavior ::run [ RunTime:0.015600s ]
INFO: [ view_parse ] --END-- [ RunTime:0.015600s ]
INFO: [ view_filter ] --START--
INFO: ContentReplace Behavior ::run [ RunTime:0.000000s ]
INFO: TokenBuild Behavior ::run [ RunTime:0.000000s ]
INFO: WriteHtmlCache Behavior ::run [ RunTime:0.000000s ]
INFO: ShowRuntime Behavior ::run [ RunTime:0.015600s ]
INFO: [ view_filter ] --END-- [ RunTime:0.015600s ]
INFO: [ view_end ] --START--
INFO: ShowPageTrace Behavior ::run [ RunTime:0.000000s ]
INFO: [ view_end ] --END-- [ RunTime:0.000000s ]

[ 2017-09-04T09:45:13+08:00 ] 192.168.1.139 /admin.php/admin/login.html
INFO: [ route_check ] --START--
INFO: CheckRoute Behavior ::run [ RunTime:0.015600s ]
INFO: [ route_check ] --END-- [ RunTime:0.015600s ]
INFO: [ app_begin ] --START--
INFO: ReadHtmlCache Behavior ::run [ RunTime:0.000000s ]
INFO: [ app_begin ] --END-- [ RunTime:0.000000s ]
INFO: [ view_parse ] --START--
NOTIC: [8] Undefined index: verify D:\phpStudy\WWW\application\admin\Runtime\Cache\26e0773d10aead9269ee1a28630267fd.php 第 35 行.
INFO: ParseTemplate Behavior ::run [ RunTime:0.000000s ]
INFO: [ view_parse ] --END-- [ RunTime:0.000000s ]
INFO: [ view_filter ] --START--
INFO: ContentReplace Behavior ::run [ RunTime:0.015600s ]
INFO: TokenBuild Behavior ::run [ RunTime:0.000000s ]
INFO: WriteHtmlCache Behavior ::run [ RunTime:0.000000s ]
INFO: ShowRuntime Behavior ::run [ RunTime:0.000000s ]
INFO: [ view_filter ] --END-- [ RunTime:0.015600s ]
INFO: [ view_end ] --START--
INFO: ShowPageTrace Behavior ::run [ RunTime:0.000000s ]
INFO: [ view_end ] --END-- [ RunTime:0.000000s ]

[ 2017-09-04T09:45:17+08:00 ] 192.168.1.139 /admin.php/admin/check_staff.html
INFO: [ route_check ] --START--
INFO: CheckRoute Behavior ::run [ RunTime:0.000000s ]
INFO: [ route_check ] --END-- [ RunTime:0.000000s ]
INFO: [ app_begin ] --START--
INFO: ReadHtmlCache Behavior ::run [ RunTime:0.000000s ]
INFO: [ app_begin ] --END-- [ RunTime:0.000000s ]
NOTIC: [2048] Declaration of StaffModel::check() should be compatible with Model::check($value, $rule, $type = 'regex') D:\phpStudy\WWW\application\admin\Lib\Model\StaffModel.class.php 第 8 行.
SQL: SHOW COLUMNS FROM `staff` [ RunTime:0.000000s ]
SQL: SHOW COLUMNS FROM `staff` [ RunTime:0.000000s ]
SQL: SELECT * FROM `staff` LEFT JOIN role on staff.staff_role=role.role_id WHERE (  staff_account='admin' and  staff_password= 'e10adc3949ba59abbe56e057f20f883e' and staff_state=1 )  [ RunTime:0.000000s ]

[ 2017-09-04T09:45:18+08:00 ] 192.168.1.139 /admin.php/index/index.html
INFO: [ route_check ] --START--
INFO: CheckRoute Behavior ::run [ RunTime:0.000000s ]
INFO: [ route_check ] --END-- [ RunTime:0.000000s ]
INFO: [ app_begin ] --START--
INFO: ReadHtmlCache Behavior ::run [ RunTime:0.000000s ]
INFO: [ app_begin ] --END-- [ RunTime:0.000000s ]
INFO: [ view_parse ] --START--
INFO: ParseTemplate Behavior ::run [ RunTime:0.015600s ]
INFO: [ view_parse ] --END-- [ RunTime:0.015600s ]
INFO: [ view_filter ] --START--
INFO: ContentReplace Behavior ::run [ RunTime:0.000000s ]
INFO: TokenBuild Behavior ::run [ RunTime:0.000000s ]
INFO: WriteHtmlCache Behavior ::run [ RunTime:0.000000s ]
INFO: ShowRuntime Behavior ::run [ RunTime:0.000000s ]
INFO: [ view_filter ] --END-- [ RunTime:0.000000s ]
INFO: [ view_end ] --START--
INFO: ShowPageTrace Behavior ::run [ RunTime:0.000000s ]
INFO: [ view_end ] --END-- [ RunTime:0.000000s ]

[ 2017-09-04T09:45:21+08:00 ] 192.168.1.139 /admin.php/core/index.html
INFO: [ route_check ] --START--
INFO: CheckRoute Behavior ::run [ RunTime:0.000000s ]
INFO: [ route_check ] --END-- [ RunTime:0.000000s ]
INFO: [ app_begin ] --START--
INFO: ReadHtmlCache Behavior ::run [ RunTime:0.000000s ]
INFO: [ app_begin ] --END-- [ RunTime:0.000000s ]
INFO: [ view_parse ] --START--
NOTIC: [8] Undefined variable: info D:\phpStudy\WWW\application\admin\Runtime\Cache\62d4ae5ced6cb0a7e42fa18402c2369c.php 第 73 行.
INFO: ParseTemplate Behavior ::run [ RunTime:0.015600s ]
INFO: [ view_parse ] --END-- [ RunTime:0.015600s ]
INFO: [ view_filter ] --START--
INFO: ContentReplace Behavior ::run [ RunTime:0.000000s ]
INFO: TokenBuild Behavior ::run [ RunTime:0.000000s ]
INFO: WriteHtmlCache Behavior ::run [ RunTime:0.000000s ]
INFO: ShowRuntime Behavior ::run [ RunTime:0.000000s ]
INFO: [ view_filter ] --END-- [ RunTime:0.000000s ]
INFO: [ view_end ] --START--
INFO: ShowPageTrace Behavior ::run [ RunTime:0.000000s ]
INFO: [ view_end ] --END-- [ RunTime:0.000000s ]

[ 2017-09-04T09:45:35+08:00 ] 192.168.1.139 /admin.php/index/show_basics.html
INFO: [ route_check ] --START--
INFO: CheckRoute Behavior ::run [ RunTime:0.000000s ]
INFO: [ route_check ] --END-- [ RunTime:0.000000s ]
INFO: [ app_begin ] --START--
INFO: ReadHtmlCache Behavior ::run [ RunTime:0.000000s ]
INFO: [ app_begin ] --END-- [ RunTime:0.000000s ]
SQL: SHOW COLUMNS FROM `bank` [ RunTime:0.000000s ]
SQL: SELECT * FROM `bank`  [ RunTime:0.000000s ]
SQL: SHOW COLUMNS FROM `param` [ RunTime:0.000000s ]
SQL: SELECT * FROM `param`  [ RunTime:0.000000s ]
INFO: [ view_parse ] --START--
INFO: ParseTemplate Behavior ::run [ RunTime:0.015600s ]
INFO: [ view_parse ] --END-- [ RunTime:0.015600s ]
INFO: [ view_filter ] --START--
INFO: ContentReplace Behavior ::run [ RunTime:0.000000s ]
INFO: TokenBuild Behavior ::run [ RunTime:0.000000s ]
INFO: WriteHtmlCache Behavior ::run [ RunTime:0.000000s ]
INFO: ShowRuntime Behavior ::run [ RunTime:0.000000s ]
INFO: [ view_filter ] --END-- [ RunTime:0.000000s ]
INFO: [ view_end ] --START--
INFO: ShowPageTrace Behavior ::run [ RunTime:0.000000s ]
INFO: [ view_end ] --END-- [ RunTime:0.000000s ]

[ 2017-09-04T09:45:36+08:00 ] 192.168.1.139 /admin.php/staff/show.html
INFO: [ route_check ] --START--
INFO: CheckRoute Behavior ::run [ RunTime:0.000000s ]
INFO: [ route_check ] --END-- [ RunTime:0.000000s ]
INFO: [ app_begin ] --START--
INFO: ReadHtmlCache Behavior ::run [ RunTime:0.000000s ]
INFO: [ app_begin ] --END-- [ RunTime:0.000000s ]
NOTIC: [2048] Declaration of StaffAction::show() should be compatible with Action::show($content, $charset = '', $contentType = '', $prefix = '') D:\phpStudy\WWW\application\admin\Lib\Action\StaffAction.class.php 第 9 行.
NOTIC: [2048] Declaration of StaffModel::check() should be compatible with Model::check($value, $rule, $type = 'regex') D:\phpStudy\WWW\application\admin\Lib\Model\StaffModel.class.php 第 8 行.
SQL: SHOW COLUMNS FROM `staff` [ RunTime:0.000000s ]
SQL: SHOW COLUMNS FROM `staff` [ RunTime:0.000000s ]
SQL: SELECT COUNT(staff_id) AS tp_count FROM `staff` LIMIT 1   [ RunTime:0.000000s ]
SQL: SELECT * FROM `staff` LEFT JOIN role on staff.staff_role=role.role_id LIMIT 0,5   [ RunTime:0.000000s ]
SQL: SHOW COLUMNS FROM `role` [ RunTime:0.000000s ]
SQL: SELECT * FROM `role`  [ RunTime:0.000000s ]
INFO: [ view_parse ] --START--
INFO: ParseTemplate Behavior ::run [ RunTime:0.031200s ]
INFO: [ view_parse ] --END-- [ RunTime:0.031200s ]
INFO: [ view_filter ] --START--
INFO: ContentReplace Behavior ::run [ RunTime:0.000000s ]
INFO: TokenBuild Behavior ::run [ RunTime:0.000000s ]
INFO: WriteHtmlCache Behavior ::run [ RunTime:0.000000s ]
INFO: ShowRuntime Behavior ::run [ RunTime:0.000000s ]
INFO: [ view_filter ] --END-- [ RunTime:0.000000s ]
INFO: [ view_end ] --START--
INFO: ShowPageTrace Behavior ::run [ RunTime:0.000000s ]
INFO: [ view_end ] --END-- [ RunTime:0.000000s ]

[ 2017-09-04T09:45:40+08:00 ] 192.168.1.139 /admin.php/examine/show_examine.html
INFO: [ route_check ] --START--
INFO: CheckRoute Behavior ::run [ RunTime:0.000000s ]
INFO: [ route_check ] --END-- [ RunTime:0.000000s ]
INFO: [ app_begin ] --START--
INFO: ReadHtmlCache Behavior ::run [ RunTime:0.000000s ]
INFO: [ app_begin ] --END-- [ RunTime:0.000000s ]
SQL: SHOW COLUMNS FROM `examine` [ RunTime:0.000000s ]
SQL: SHOW COLUMNS FROM `role` [ RunTime:0.000000s ]
SQL: SELECT * FROM `role`  [ RunTime:0.000000s ]
SQL: SHOW COLUMNS FROM `menu` [ RunTime:0.000000s ]
SQL: SELECT * FROM `menu` WHERE ( parent_id=1 )  [ RunTime:0.000000s ]
SQL: SHOW COLUMNS FROM examine as a [ RunTime:0.000000s ]
ERR: 1064:You have an error in your SQL syntax; check the manual that corresponds to your MySQL server version for the right syntax to use near 'as a' at line 1
 [ SQL语句 ] : SHOW COLUMNS FROM examine as a
SQL: SELECT * FROM examine as a LEFT JOIN role on a.role_id=role.role_id WHERE ( menu_id=1 )  [ RunTime:0.000000s ]
SQL: SELECT * FROM examine as a LEFT JOIN role on a.role_id=role.role_id WHERE ( menu_id=2 )  [ RunTime:0.000000s ]
SQL: SELECT * FROM examine as a LEFT JOIN role on a.role_id=role.role_id WHERE ( menu_id=3 )  [ RunTime:0.000000s ]
SQL: SELECT * FROM examine as a LEFT JOIN role on a.role_id=role.role_id WHERE ( menu_id=4 )  [ RunTime:0.000000s ]
SQL: SELECT * FROM examine as a LEFT JOIN role on a.role_id=role.role_id WHERE ( menu_id=5 )  [ RunTime:0.000000s ]
INFO: [ view_parse ] --START--
INFO: ParseTemplate Behavior ::run [ RunTime:0.031200s ]
INFO: [ view_parse ] --END-- [ RunTime:0.031200s ]
INFO: [ view_filter ] --START--
INFO: ContentReplace Behavior ::run [ RunTime:0.000000s ]
INFO: TokenBuild Behavior ::run [ RunTime:0.000000s ]
INFO: WriteHtmlCache Behavior ::run [ RunTime:0.000000s ]
INFO: ShowRuntime Behavior ::run [ RunTime:0.000000s ]
INFO: [ view_filter ] --END-- [ RunTime:0.000000s ]
INFO: [ view_end ] --START--
INFO: ShowPageTrace Behavior ::run [ RunTime:0.000000s ]
INFO: [ view_end ] --END-- [ RunTime:0.000000s ]

[ 2017-09-04T09:45:57+08:00 ] 192.168.1.139 /admin.php/remit/show_service.html
INFO: [ route_check ] --START--
INFO: CheckRoute Behavior ::run [ RunTime:0.000000s ]
INFO: [ route_check ] --END-- [ RunTime:0.000000s ]
INFO: [ app_begin ] --START--
INFO: ReadHtmlCache Behavior ::run [ RunTime:0.000000s ]
INFO: [ app_begin ] --END-- [ RunTime:0.000000s ]
SQL: SHOW COLUMNS FROM `examine` [ RunTime:0.000000s ]
SQL: SELECT * FROM `examine` WHERE ( menu_id=4 )  [ RunTime:0.000000s ]
SQL: SHOW COLUMNS FROM `remit` [ RunTime:0.000000s ]
ERR: 1146:Table 'cxhadmin.remit' doesn't exist
 [ SQL语句 ] : SHOW COLUMNS FROM `remit`
SQL: SHOW COLUMNS FROM service as a [ RunTime:0.000000s ]
ERR: 1064:You have an error in your SQL syntax; check the manual that corresponds to your MySQL server version for the right syntax to use near 'as a' at line 1
 [ SQL语句 ] : SHOW COLUMNS FROM service as a
SQL: SELECT COUNT(*) AS tp_count FROM service as a WHERE ( state_level=(1-1) ) AND ( `service_state` <> 2 ) LIMIT 1   [ RunTime:0.000000s ]
SQL: SELECT * FROM service as a WHERE ( state_level=(1-1) ) AND ( `service_state` <> 2 ) LIMIT 0,5   [ RunTime:0.000000s ]
NOTIC: [2] Invalid argument supplied for foreach() D:\phpStudy\WWW\application\admin\Lib\Model\RemitModel.class.php 第 89 行.
NOTIC: [2] urlencode() expects parameter 1 to be string, array given D:\phpStudy\WWW\application\admin\Lib\Action\RemitAction.class.php 第 359 行.
INFO: [ view_parse ] --START--
INFO: ParseTemplate Behavior ::run [ RunTime:0.031200s ]
INFO: [ view_parse ] --END-- [ RunTime:0.031200s ]
INFO: [ view_filter ] --START--
INFO: ContentReplace Behavior ::run [ RunTime:0.000000s ]
INFO: TokenBuild Behavior ::run [ RunTime:0.000000s ]
INFO: WriteHtmlCache Behavior ::run [ RunTime:0.000000s ]
INFO: ShowRuntime Behavior ::run [ RunTime:0.000000s ]
INFO: [ view_filter ] --END-- [ RunTime:0.000000s ]
INFO: [ view_end ] --START--
INFO: ShowPageTrace Behavior ::run [ RunTime:0.000000s ]
INFO: [ view_end ] --END-- [ RunTime:0.000000s ]

[ 2017-09-04T09:48:43+08:00 ] 192.168.1.139 /admin.php/remit/show_service.html
INFO: [ route_check ] --START--
INFO: CheckRoute Behavior ::run [ RunTime:0.000000s ]
INFO: [ route_check ] --END-- [ RunTime:0.000000s ]
INFO: [ app_begin ] --START--
INFO: ReadHtmlCache Behavior ::run [ RunTime:0.000000s ]
INFO: [ app_begin ] --END-- [ RunTime:0.000000s ]
NOTIC: [8] Undefined index: role_id D:\phpStudy\WWW\application\admin\Lib\Action\RemitAction.class.php 第 317 行.
SQL: SHOW COLUMNS FROM `examine` [ RunTime:0.000000s ]
SQL: SELECT * FROM `examine` WHERE ( menu_id=4 )  [ RunTime:0.000000s ]
SQL: SHOW COLUMNS FROM `remit` [ RunTime:0.000000s ]
ERR: 1146:Table 'cxhadmin.remit' doesn't exist
 [ SQL语句 ] : SHOW COLUMNS FROM `remit`
SQL: SHOW COLUMNS FROM service as a [ RunTime:0.000000s ]
ERR: 1064:You have an error in your SQL syntax; check the manual that corresponds to your MySQL server version for the right syntax to use near 'as a' at line 1
 [ SQL语句 ] : SHOW COLUMNS FROM service as a
SQL: SELECT COUNT(*) AS tp_count FROM service as a WHERE ( state_level=(-1) ) AND ( `service_state` <> 2 ) LIMIT 1   [ RunTime:0.000000s ]
SQL: SELECT * FROM service as a WHERE ( state_level=(-1) ) AND ( `service_state` <> 2 ) LIMIT 0,5   [ RunTime:0.000000s ]
NOTIC: [2] Invalid argument supplied for foreach() D:\phpStudy\WWW\application\admin\Lib\Model\RemitModel.class.php 第 89 行.
NOTIC: [2] urlencode() expects parameter 1 to be string, array given D:\phpStudy\WWW\application\admin\Lib\Action\RemitAction.class.php 第 359 行.
INFO: [ view_parse ] --START--
INFO: ParseTemplate Behavior ::run [ RunTime:0.031200s ]
INFO: [ view_parse ] --END-- [ RunTime:0.031200s ]
INFO: [ view_filter ] --START--
INFO: ContentReplace Behavior ::run [ RunTime:0.000000s ]
INFO: TokenBuild Behavior ::run [ RunTime:0.000000s ]
INFO: WriteHtmlCache Behavior ::run [ RunTime:0.000000s ]
INFO: ShowRuntime Behavior ::run [ RunTime:0.000000s ]
INFO: [ view_filter ] --END-- [ RunTime:0.000000s ]
INFO: [ view_end ] --START--
INFO: ShowPageTrace Behavior ::run [ RunTime:0.000000s ]
INFO: [ view_end ] --END-- [ RunTime:0.000000s ]

[ 2017-09-04T09:48:44+08:00 ] 192.168.1.139 /admin.php/admin/login.html
INFO: [ route_check ] --START--
INFO: CheckRoute Behavior ::run [ RunTime:0.000000s ]
INFO: [ route_check ] --END-- [ RunTime:0.000000s ]
INFO: [ app_begin ] --START--
INFO: ReadHtmlCache Behavior ::run [ RunTime:0.000000s ]
INFO: [ app_begin ] --END-- [ RunTime:0.000000s ]
INFO: [ view_parse ] --START--
NOTIC: [8] Undefined index: verify D:\phpStudy\WWW\application\admin\Runtime\Cache\26e0773d10aead9269ee1a28630267fd.php 第 35 行.
INFO: ParseTemplate Behavior ::run [ RunTime:0.000000s ]
INFO: [ view_parse ] --END-- [ RunTime:0.000000s ]
INFO: [ view_filter ] --START--
INFO: ContentReplace Behavior ::run [ RunTime:0.000000s ]
INFO: TokenBuild Behavior ::run [ RunTime:0.000000s ]
INFO: WriteHtmlCache Behavior ::run [ RunTime:0.000000s ]
INFO: ShowRuntime Behavior ::run [ RunTime:0.000000s ]
INFO: [ view_filter ] --END-- [ RunTime:0.000000s ]
INFO: [ view_end ] --START--
INFO: ShowPageTrace Behavior ::run [ RunTime:0.000000s ]
INFO: [ view_end ] --END-- [ RunTime:0.000000s ]

[ 2017-09-04T09:48:47+08:00 ] 192.168.1.139 /admin.php/remit/show_service.html
INFO: [ route_check ] --START--
INFO: CheckRoute Behavior ::run [ RunTime:0.000000s ]
INFO: [ route_check ] --END-- [ RunTime:0.000000s ]
INFO: [ app_begin ] --START--
INFO: ReadHtmlCache Behavior ::run [ RunTime:0.000000s ]
INFO: [ app_begin ] --END-- [ RunTime:0.000000s ]
NOTIC: [8] Undefined index: role_id D:\phpStudy\WWW\application\admin\Lib\Action\RemitAction.class.php 第 317 行.
SQL: SHOW COLUMNS FROM `examine` [ RunTime:0.000000s ]
SQL: SELECT * FROM `examine` WHERE ( menu_id=4 )  [ RunTime:0.000000s ]
SQL: SHOW COLUMNS FROM `remit` [ RunTime:0.000000s ]
ERR: 1146:Table 'cxhadmin.remit' doesn't exist
 [ SQL语句 ] : SHOW COLUMNS FROM `remit`
SQL: SHOW COLUMNS FROM service as a [ RunTime:0.000000s ]
ERR: 1064:You have an error in your SQL syntax; check the manual that corresponds to your MySQL server version for the right syntax to use near 'as a' at line 1
 [ SQL语句 ] : SHOW COLUMNS FROM service as a
SQL: SELECT COUNT(*) AS tp_count FROM service as a WHERE ( state_level=(-1) ) AND ( `service_state` <> 2 ) LIMIT 1   [ RunTime:0.000000s ]
SQL: SELECT * FROM service as a WHERE ( state_level=(-1) ) AND ( `service_state` <> 2 ) LIMIT 0,5   [ RunTime:0.000000s ]
NOTIC: [2] Invalid argument supplied for foreach() D:\phpStudy\WWW\application\admin\Lib\Model\RemitModel.class.php 第 89 行.
NOTIC: [2] urlencode() expects parameter 1 to be string, array given D:\phpStudy\WWW\application\admin\Lib\Action\RemitAction.class.php 第 359 行.
INFO: [ view_parse ] --START--
INFO: ParseTemplate Behavior ::run [ RunTime:0.031200s ]
INFO: [ view_parse ] --END-- [ RunTime:0.031200s ]
INFO: [ view_filter ] --START--
INFO: ContentReplace Behavior ::run [ RunTime:0.000000s ]
INFO: TokenBuild Behavior ::run [ RunTime:0.000000s ]
INFO: WriteHtmlCache Behavior ::run [ RunTime:0.000000s ]
INFO: ShowRuntime Behavior ::run [ RunTime:0.000000s ]
INFO: [ view_filter ] --END-- [ RunTime:0.000000s ]
INFO: [ view_end ] --START--
INFO: ShowPageTrace Behavior ::run [ RunTime:0.000000s ]
INFO: [ view_end ] --END-- [ RunTime:0.000000s ]

[ 2017-09-04T09:48:48+08:00 ] 192.168.1.139 /admin.php/admin/login.html
INFO: [ route_check ] --START--
INFO: CheckRoute Behavior ::run [ RunTime:0.000000s ]
INFO: [ route_check ] --END-- [ RunTime:0.000000s ]
INFO: [ app_begin ] --START--
INFO: ReadHtmlCache Behavior ::run [ RunTime:0.000000s ]
INFO: [ app_begin ] --END-- [ RunTime:0.000000s ]
INFO: [ view_parse ] --START--
NOTIC: [8] Undefined index: verify D:\phpStudy\WWW\application\admin\Runtime\Cache\26e0773d10aead9269ee1a28630267fd.php 第 35 行.
INFO: ParseTemplate Behavior ::run [ RunTime:0.015600s ]
INFO: [ view_parse ] --END-- [ RunTime:0.015600s ]
INFO: [ view_filter ] --START--
INFO: ContentReplace Behavior ::run [ RunTime:0.000000s ]
INFO: TokenBuild Behavior ::run [ RunTime:0.000000s ]
INFO: WriteHtmlCache Behavior ::run [ RunTime:0.000000s ]
INFO: ShowRuntime Behavior ::run [ RunTime:0.000000s ]
INFO: [ view_filter ] --END-- [ RunTime:0.000000s ]
INFO: [ view_end ] --START--
INFO: ShowPageTrace Behavior ::run [ RunTime:0.000000s ]
INFO: [ view_end ] --END-- [ RunTime:0.000000s ]

[ 2017-09-04T09:50:01+08:00 ] 192.168.1.139 /admin.php/remit/show_remit.html
INFO: [ route_check ] --START--
INFO: CheckRoute Behavior ::run [ RunTime:0.000000s ]
INFO: [ route_check ] --END-- [ RunTime:0.000000s ]
INFO: [ app_begin ] --START--
INFO: ReadHtmlCache Behavior ::run [ RunTime:0.000000s ]
INFO: [ app_begin ] --END-- [ RunTime:0.000000s ]
NOTIC: [8] Undefined index: role_id D:\phpStudy\WWW\application\admin\Lib\Action\RemitAction.class.php 第 14 行.
SQL: SHOW COLUMNS FROM `examine` [ RunTime:0.000000s ]
SQL: SELECT * FROM `examine` WHERE ( menu_id=1 )  [ RunTime:0.000000s ]
SQL: SHOW COLUMNS FROM `remit` [ RunTime:0.000000s ]
ERR: 1146:Table 'cxhadmin.remit' doesn't exist
 [ SQL语句 ] : SHOW COLUMNS FROM `remit`
SQL: SHOW COLUMNS FROM remittance as a [ RunTime:0.000000s ]
ERR: 1064:You have an error in your SQL syntax; check the manual that corresponds to your MySQL server version for the right syntax to use near 'as a' at line 1
 [ SQL语句 ] : SHOW COLUMNS FROM remittance as a
SQL: SELECT COUNT(*) AS tp_count FROM remittance as a LEFT JOIN bank on a.bank_id=bank.bank_id WHERE ( state_level=(-1) ) AND ( `remit_state` <> 2 ) LIMIT 1   [ RunTime:0.000000s ]
SQL: SELECT a.*,bank.*,user.userid FROM remittance as a LEFT JOIN bank on a.bank_id=bank.bank_id LEFT JOIN user on a.user_id=user.id WHERE ( state_level=(-1) ) AND ( `remit_state` <> 2 ) LIMIT 0,5   [ RunTime:0.000000s ]
NOTIC: [2] urlencode() expects parameter 1 to be string, array given D:\phpStudy\WWW\application\admin\Lib\Action\RemitAction.class.php 第 54 行.
INFO: [ view_parse ] --START--
INFO: ParseTemplate Behavior ::run [ RunTime:0.031200s ]
INFO: [ view_parse ] --END-- [ RunTime:0.031200s ]
INFO: [ view_filter ] --START--
INFO: ContentReplace Behavior ::run [ RunTime:0.000000s ]
INFO: TokenBuild Behavior ::run [ RunTime:0.000000s ]
INFO: WriteHtmlCache Behavior ::run [ RunTime:0.000000s ]
INFO: ShowRuntime Behavior ::run [ RunTime:0.000000s ]
INFO: [ view_filter ] --END-- [ RunTime:0.000000s ]
INFO: [ view_end ] --START--
INFO: ShowPageTrace Behavior ::run [ RunTime:0.000000s ]
INFO: [ view_end ] --END-- [ RunTime:0.000000s ]

[ 2017-09-04T09:50:03+08:00 ] 192.168.1.139 /admin.php/admin/login.html
INFO: [ route_check ] --START--
INFO: CheckRoute Behavior ::run [ RunTime:0.000000s ]
INFO: [ route_check ] --END-- [ RunTime:0.000000s ]
INFO: [ app_begin ] --START--
INFO: ReadHtmlCache Behavior ::run [ RunTime:0.000000s ]
INFO: [ app_begin ] --END-- [ RunTime:0.000000s ]
INFO: [ view_parse ] --START--
NOTIC: [8] Undefined index: verify D:\phpStudy\WWW\application\admin\Runtime\Cache\26e0773d10aead9269ee1a28630267fd.php 第 35 行.
INFO: ParseTemplate Behavior ::run [ RunTime:0.015600s ]
INFO: [ view_parse ] --END-- [ RunTime:0.015600s ]
INFO: [ view_filter ] --START--
INFO: ContentReplace Behavior ::run [ RunTime:0.000000s ]
INFO: TokenBuild Behavior ::run [ RunTime:0.000000s ]
INFO: WriteHtmlCache Behavior ::run [ RunTime:0.000000s ]
INFO: ShowRuntime Behavior ::run [ RunTime:0.015600s ]
INFO: [ view_filter ] --END-- [ RunTime:0.015600s ]
INFO: [ view_end ] --START--
INFO: ShowPageTrace Behavior ::run [ RunTime:0.000000s ]
INFO: [ view_end ] --END-- [ RunTime:0.000000s ]

[ 2017-09-04T09:50:04+08:00 ] 192.168.1.139 /admin.php/remit/show_service.html
INFO: [ route_check ] --START--
INFO: CheckRoute Behavior ::run [ RunTime:0.000000s ]
INFO: [ route_check ] --END-- [ RunTime:0.000000s ]
INFO: [ app_begin ] --START--
INFO: ReadHtmlCache Behavior ::run [ RunTime:0.000000s ]
INFO: [ app_begin ] --END-- [ RunTime:0.000000s ]
NOTIC: [8] Undefined index: role_id D:\phpStudy\WWW\application\admin\Lib\Action\RemitAction.class.php 第 317 行.
SQL: SHOW COLUMNS FROM `examine` [ RunTime:0.000000s ]
SQL: SELECT * FROM `examine` WHERE ( menu_id=4 )  [ RunTime:0.000000s ]
SQL: SHOW COLUMNS FROM `remit` [ RunTime:0.000000s ]
ERR: 1146:Table 'cxhadmin.remit' doesn't exist
 [ SQL语句 ] : SHOW COLUMNS FROM `remit`
SQL: SHOW COLUMNS FROM service as a [ RunTime:0.000000s ]
ERR: 1064:You have an error in your SQL syntax; check the manual that corresponds to your MySQL server version for the right syntax to use near 'as a' at line 1
 [ SQL语句 ] : SHOW COLUMNS FROM service as a
SQL: SELECT COUNT(*) AS tp_count FROM service as a WHERE ( state_level=(-1) ) AND ( `service_state` <> 2 ) LIMIT 1   [ RunTime:0.000000s ]
SQL: SELECT * FROM service as a WHERE ( state_level=(-1) ) AND ( `service_state` <> 2 ) LIMIT 0,5   [ RunTime:0.000000s ]
NOTIC: [2] Invalid argument supplied for foreach() D:\phpStudy\WWW\application\admin\Lib\Model\RemitModel.class.php 第 89 行.
NOTIC: [2] urlencode() expects parameter 1 to be string, array given D:\phpStudy\WWW\application\admin\Lib\Action\RemitAction.class.php 第 359 行.
INFO: [ view_parse ] --START--
INFO: ParseTemplate Behavior ::run [ RunTime:0.031200s ]
INFO: [ view_parse ] --END-- [ RunTime:0.031200s ]
INFO: [ view_filter ] --START--
INFO: ContentReplace Behavior ::run [ RunTime:0.000000s ]
INFO: TokenBuild Behavior ::run [ RunTime:0.000000s ]
INFO: WriteHtmlCache Behavior ::run [ RunTime:0.000000s ]
INFO: ShowRuntime Behavior ::run [ RunTime:0.000000s ]
INFO: [ view_filter ] --END-- [ RunTime:0.000000s ]
INFO: [ view_end ] --START--
INFO: ShowPageTrace Behavior ::run [ RunTime:0.000000s ]
INFO: [ view_end ] --END-- [ RunTime:0.000000s ]

[ 2017-09-04T09:50:05+08:00 ] 192.168.1.139 /admin.php/admin/login.html
INFO: [ route_check ] --START--
INFO: CheckRoute Behavior ::run [ RunTime:0.000000s ]
INFO: [ route_check ] --END-- [ RunTime:0.000000s ]
INFO: [ app_begin ] --START--
INFO: ReadHtmlCache Behavior ::run [ RunTime:0.000000s ]
INFO: [ app_begin ] --END-- [ RunTime:0.000000s ]
INFO: [ view_parse ] --START--
NOTIC: [8] Undefined index: verify D:\phpStudy\WWW\application\admin\Runtime\Cache\26e0773d10aead9269ee1a28630267fd.php 第 35 行.
INFO: ParseTemplate Behavior ::run [ RunTime:0.015600s ]
INFO: [ view_parse ] --END-- [ RunTime:0.015600s ]
INFO: [ view_filter ] --START--
INFO: ContentReplace Behavior ::run [ RunTime:0.000000s ]
INFO: TokenBuild Behavior ::run [ RunTime:0.000000s ]
INFO: WriteHtmlCache Behavior ::run [ RunTime:0.000000s ]
INFO: ShowRuntime Behavior ::run [ RunTime:0.000000s ]
INFO: [ view_filter ] --END-- [ RunTime:0.000000s ]
INFO: [ view_end ] --START--
INFO: ShowPageTrace Behavior ::run [ RunTime:0.015600s ]
INFO: [ view_end ] --END-- [ RunTime:0.015600s ]

[ 2017-09-04T09:52:31+08:00 ] 192.168.1.139 /admin.php/admin/take_out.html
INFO: [ route_check ] --START--
INFO: CheckRoute Behavior ::run [ RunTime:0.000000s ]
INFO: [ route_check ] --END-- [ RunTime:0.000000s ]
INFO: [ app_begin ] --START--
INFO: ReadHtmlCache Behavior ::run [ RunTime:0.015600s ]
INFO: [ app_begin ] --END-- [ RunTime:0.015600s ]
NOTIC: [8] Undefined index: role_id D:\phpStudy\WWW\application\admin\Lib\Action\AdminAction.class.php 第 43 行.
NOTIC: [8] Undefined index: staff_id D:\phpStudy\WWW\application\admin\Lib\Action\AdminAction.class.php 第 44 行.
NOTIC: [8] Undefined index: staff_account D:\phpStudy\WWW\application\admin\Lib\Action\AdminAction.class.php 第 45 行.
NOTIC: [8] Undefined index: role_name D:\phpStudy\WWW\application\admin\Lib\Action\AdminAction.class.php 第 46 行.
NOTIC: [8] Undefined index: status D:\phpStudy\WWW\application\admin\Lib\Action\AdminAction.class.php 第 47 行.

[ 2017-09-04T09:52:33+08:00 ] 192.168.1.139 /admin.php/admin/login.html
INFO: [ route_check ] --START--
INFO: CheckRoute Behavior ::run [ RunTime:0.000000s ]
INFO: [ route_check ] --END-- [ RunTime:0.000000s ]
INFO: [ app_begin ] --START--
INFO: ReadHtmlCache Behavior ::run [ RunTime:0.000000s ]
INFO: [ app_begin ] --END-- [ RunTime:0.000000s ]
INFO: [ view_parse ] --START--
NOTIC: [8] Undefined index: verify D:\phpStudy\WWW\application\admin\Runtime\Cache\26e0773d10aead9269ee1a28630267fd.php 第 35 行.
INFO: ParseTemplate Behavior ::run [ RunTime:0.015600s ]
INFO: [ view_parse ] --END-- [ RunTime:0.015600s ]
INFO: [ view_filter ] --START--
INFO: ContentReplace Behavior ::run [ RunTime:0.000000s ]
INFO: TokenBuild Behavior ::run [ RunTime:0.000000s ]
INFO: WriteHtmlCache Behavior ::run [ RunTime:0.000000s ]
INFO: ShowRuntime Behavior ::run [ RunTime:0.000000s ]
INFO: [ view_filter ] --END-- [ RunTime:0.000000s ]
INFO: [ view_end ] --START--
INFO: ShowPageTrace Behavior ::run [ RunTime:0.000000s ]
INFO: [ view_end ] --END-- [ RunTime:0.000000s ]

[ 2017-09-04T09:54:42+08:00 ] 192.168.1.139 /admin.php/admin/check_staff.html
INFO: [ route_check ] --START--
INFO: CheckRoute Behavior ::run [ RunTime:0.000000s ]
INFO: [ route_check ] --END-- [ RunTime:0.000000s ]
INFO: [ app_begin ] --START--
INFO: ReadHtmlCache Behavior ::run [ RunTime:0.000000s ]
INFO: [ app_begin ] --END-- [ RunTime:0.000000s ]
NOTIC: [2048] Declaration of StaffModel::check() should be compatible with Model::check($value, $rule, $type = 'regex') D:\phpStudy\WWW\application\admin\Lib\Model\StaffModel.class.php 第 8 行.
SQL: SHOW COLUMNS FROM `staff` [ RunTime:0.000000s ]
SQL: SHOW COLUMNS FROM `staff` [ RunTime:0.000000s ]
SQL: SELECT * FROM `staff` LEFT JOIN role on staff.staff_role=role.role_id WHERE (  staff_account='admin' and  staff_password= 'e10adc3949ba59abbe56e057f20f883e' and staff_state=1 )  [ RunTime:0.000000s ]

[ 2017-09-04T09:54:43+08:00 ] 192.168.1.139 /admin.php/index/index.html
INFO: [ route_check ] --START--
INFO: CheckRoute Behavior ::run [ RunTime:0.000000s ]
INFO: [ route_check ] --END-- [ RunTime:0.000000s ]
INFO: [ app_begin ] --START--
INFO: ReadHtmlCache Behavior ::run [ RunTime:0.000000s ]
INFO: [ app_begin ] --END-- [ RunTime:0.000000s ]
INFO: [ view_parse ] --START--
INFO: ParseTemplate Behavior ::run [ RunTime:0.031200s ]
INFO: [ view_parse ] --END-- [ RunTime:0.031200s ]
INFO: [ view_filter ] --START--
INFO: ContentReplace Behavior ::run [ RunTime:0.000000s ]
INFO: TokenBuild Behavior ::run [ RunTime:0.000000s ]
INFO: WriteHtmlCache Behavior ::run [ RunTime:0.000000s ]
INFO: ShowRuntime Behavior ::run [ RunTime:0.000000s ]
INFO: [ view_filter ] --END-- [ RunTime:0.000000s ]
INFO: [ view_end ] --START--
INFO: ShowPageTrace Behavior ::run [ RunTime:0.000000s ]
INFO: [ view_end ] --END-- [ RunTime:0.000000s ]

[ 2017-09-04T09:54:50+08:00 ] 192.168.1.139 /admin.php/remit/show_service.html
INFO: [ route_check ] --START--
INFO: CheckRoute Behavior ::run [ RunTime:0.000000s ]
INFO: [ route_check ] --END-- [ RunTime:0.000000s ]
INFO: [ app_begin ] --START--
INFO: ReadHtmlCache Behavior ::run [ RunTime:0.000000s ]
INFO: [ app_begin ] --END-- [ RunTime:0.000000s ]
SQL: SHOW COLUMNS FROM `examine` [ RunTime:0.000000s ]
SQL: SELECT * FROM `examine` WHERE ( menu_id=4 )  [ RunTime:0.000000s ]
SQL: SHOW COLUMNS FROM `remit` [ RunTime:0.000000s ]
ERR: 1146:Table 'cxhadmin.remit' doesn't exist
 [ SQL语句 ] : SHOW COLUMNS FROM `remit`
SQL: SHOW COLUMNS FROM service as a [ RunTime:0.000000s ]
ERR: 1064:You have an error in your SQL syntax; check the manual that corresponds to your MySQL server version for the right syntax to use near 'as a' at line 1
 [ SQL语句 ] : SHOW COLUMNS FROM service as a
SQL: SELECT COUNT(*) AS tp_count FROM service as a WHERE ( state_level=(1-1) ) AND ( `service_state` <> 2 ) LIMIT 1   [ RunTime:0.000000s ]
SQL: SELECT * FROM service as a WHERE ( state_level=(1-1) ) AND ( `service_state` <> 2 ) LIMIT 0,5   [ RunTime:0.000000s ]
SQL: SHOW COLUMNS FROM `service_images` [ RunTime:0.000000s ]
SQL: SELECT * FROM `service_images` WHERE ( service_id='1' )  [ RunTime:0.000000s ]
NOTIC: [2] urlencode() expects parameter 1 to be string, array given D:\phpStudy\WWW\application\admin\Lib\Action\RemitAction.class.php 第 359 行.
INFO: [ view_parse ] --START--
NOTIC: [8] Undefined index: agent_id D:\phpStudy\WWW\application\admin\Runtime\Cache\f84e08e003d2c34b3e4c8afffac609fb.php 第 120 行.
NOTIC: [8] Undefined index: agent_id D:\phpStudy\WWW\application\admin\Runtime\Cache\f84e08e003d2c34b3e4c8afffac609fb.php 第 121 行.
INFO: ParseTemplate Behavior ::run [ RunTime:0.015600s ]
INFO: [ view_parse ] --END-- [ RunTime:0.031200s ]
INFO: [ view_filter ] --START--
INFO: ContentReplace Behavior ::run [ RunTime:0.000000s ]
INFO: TokenBuild Behavior ::run [ RunTime:0.000000s ]
INFO: WriteHtmlCache Behavior ::run [ RunTime:0.000000s ]
INFO: ShowRuntime Behavior ::run [ RunTime:0.000000s ]
INFO: [ view_filter ] --END-- [ RunTime:0.000000s ]
INFO: [ view_end ] --START--
INFO: ShowPageTrace Behavior ::run [ RunTime:0.000000s ]
INFO: [ view_end ] --END-- [ RunTime:0.000000s ]

[ 2017-09-04T09:56:01+08:00 ] 192.168.1.139 /admin.php/remit/show_service.html
INFO: [ route_check ] --START--
INFO: CheckRoute Behavior ::run [ RunTime:0.000000s ]
INFO: [ route_check ] --END-- [ RunTime:0.000000s ]
INFO: [ app_begin ] --START--
INFO: ReadHtmlCache Behavior ::run [ RunTime:0.000000s ]
INFO: [ app_begin ] --END-- [ RunTime:0.000000s ]
SQL: SHOW COLUMNS FROM `examine` [ RunTime:0.000000s ]
SQL: SELECT * FROM `examine` WHERE ( menu_id=4 )  [ RunTime:0.000000s ]
SQL: SHOW COLUMNS FROM `remit` [ RunTime:0.000000s ]
ERR: 1146:Table 'cxhadmin.remit' doesn't exist
 [ SQL语句 ] : SHOW COLUMNS FROM `remit`
SQL: SHOW COLUMNS FROM service as a [ RunTime:0.000000s ]
ERR: 1064:You have an error in your SQL syntax; check the manual that corresponds to your MySQL server version for the right syntax to use near 'as a' at line 1
 [ SQL语句 ] : SHOW COLUMNS FROM service as a
SQL: SELECT COUNT(*) AS tp_count FROM service as a WHERE ( state_level=(1-1) ) AND ( `service_state` <> 2 ) LIMIT 1   [ RunTime:0.000000s ]
SQL: SELECT * FROM service as a WHERE ( state_level=(1-1) ) AND ( `service_state` <> 2 ) LIMIT 0,5   [ RunTime:0.000000s ]
SQL: SHOW COLUMNS FROM `service_images` [ RunTime:0.015600s ]
SQL: SELECT * FROM `service_images` WHERE ( service_id='1' )  [ RunTime:0.000000s ]
NOTIC: [2] urlencode() expects parameter 1 to be string, array given D:\phpStudy\WWW\application\admin\Lib\Action\RemitAction.class.php 第 359 行.
INFO: [ view_parse ] --START--
NOTIC: [8] Undefined index: agent_id D:\phpStudy\WWW\application\admin\Runtime\Cache\f84e08e003d2c34b3e4c8afffac609fb.php 第 120 行.
NOTIC: [8] Undefined index: agent_id D:\phpStudy\WWW\application\admin\Runtime\Cache\f84e08e003d2c34b3e4c8afffac609fb.php 第 121 行.
INFO: ParseTemplate Behavior ::run [ RunTime:0.015600s ]
INFO: [ view_parse ] --END-- [ RunTime:0.015600s ]
INFO: [ view_filter ] --START--
INFO: ContentReplace Behavior ::run [ RunTime:0.000000s ]
INFO: TokenBuild Behavior ::run [ RunTime:0.000000s ]
INFO: WriteHtmlCache Behavior ::run [ RunTime:0.000000s ]
INFO: ShowRuntime Behavior ::run [ RunTime:0.000000s ]
INFO: [ view_filter ] --END-- [ RunTime:0.000000s ]
INFO: [ view_end ] --START--
INFO: ShowPageTrace Behavior ::run [ RunTime:0.000000s ]
INFO: [ view_end ] --END-- [ RunTime:0.000000s ]

[ 2017-09-04T10:04:16+08:00 ] 192.168.1.139 /admin.php/remit/show_service.html
INFO: [ route_check ] --START--
INFO: CheckRoute Behavior ::run [ RunTime:0.000000s ]
INFO: [ route_check ] --END-- [ RunTime:0.000000s ]
INFO: [ app_begin ] --START--
INFO: ReadHtmlCache Behavior ::run [ RunTime:0.000000s ]
INFO: [ app_begin ] --END-- [ RunTime:0.000000s ]
SQL: SHOW COLUMNS FROM `examine` [ RunTime:0.000000s ]
SQL: SELECT * FROM `examine` WHERE ( menu_id=4 )  [ RunTime:0.000000s ]
SQL: SHOW COLUMNS FROM `remit` [ RunTime:0.000000s ]
ERR: 1146:Table 'cxhadmin.remit' doesn't exist
 [ SQL语句 ] : SHOW COLUMNS FROM `remit`
SQL: SHOW COLUMNS FROM service as a [ RunTime:0.000000s ]
ERR: 1064:You have an error in your SQL syntax; check the manual that corresponds to your MySQL server version for the right syntax to use near 'as a' at line 1
 [ SQL语句 ] : SHOW COLUMNS FROM service as a
SQL: SELECT COUNT(*) AS tp_count FROM service as a WHERE ( state_level=(1-1) ) AND ( `service_state` <> 2 ) LIMIT 1   [ RunTime:0.000000s ]
SQL: SELECT * FROM service as a WHERE ( state_level=(1-1) ) AND ( `service_state` <> 2 ) LIMIT 0,5   [ RunTime:0.000000s ]
SQL: SHOW COLUMNS FROM `service_images` [ RunTime:0.000000s ]
SQL: SELECT * FROM `service_images` WHERE ( service_id='1' )  [ RunTime:0.000000s ]
NOTIC: [2] urlencode() expects parameter 1 to be string, array given D:\phpStudy\WWW\application\admin\Lib\Action\RemitAction.class.php 第 359 行.
INFO: [ view_parse ] --START--
NOTIC: [8] Undefined index: agent_id D:\phpStudy\WWW\application\admin\Runtime\Cache\f84e08e003d2c34b3e4c8afffac609fb.php 第 120 行.
NOTIC: [8] Undefined index: agent_id D:\phpStudy\WWW\application\admin\Runtime\Cache\f84e08e003d2c34b3e4c8afffac609fb.php 第 121 行.
INFO: ParseTemplate Behavior ::run [ RunTime:0.015600s ]
INFO: [ view_parse ] --END-- [ RunTime:0.015600s ]
INFO: [ view_filter ] --START--
INFO: ContentReplace Behavior ::run [ RunTime:0.000000s ]
INFO: TokenBuild Behavior ::run [ RunTime:0.000000s ]
INFO: WriteHtmlCache Behavior ::run [ RunTime:0.000000s ]
INFO: ShowRuntime Behavior ::run [ RunTime:0.000000s ]
INFO: [ view_filter ] --END-- [ RunTime:0.015600s ]
INFO: [ view_end ] --START--
INFO: ShowPageTrace Behavior ::run [ RunTime:0.000000s ]
INFO: [ view_end ] --END-- [ RunTime:0.000000s ]

[ 2017-09-04T10:05:29+08:00 ] 192.168.1.139 /admin.php/index/index.html
INFO: [ route_check ] --START--
INFO: CheckRoute Behavior ::run [ RunTime:0.000000s ]
INFO: [ route_check ] --END-- [ RunTime:0.000000s ]
INFO: [ app_begin ] --START--
INFO: ReadHtmlCache Behavior ::run [ RunTime:0.000000s ]
INFO: [ app_begin ] --END-- [ RunTime:0.000000s ]
INFO: [ view_parse ] --START--
INFO: ParseTemplate Behavior ::run [ RunTime:0.015600s ]
INFO: [ view_parse ] --END-- [ RunTime:0.015600s ]
INFO: [ view_filter ] --START--
INFO: ContentReplace Behavior ::run [ RunTime:0.000000s ]
INFO: TokenBuild Behavior ::run [ RunTime:0.000000s ]
INFO: WriteHtmlCache Behavior ::run [ RunTime:0.000000s ]
INFO: ShowRuntime Behavior ::run [ RunTime:0.000000s ]
INFO: [ view_filter ] --END-- [ RunTime:0.000000s ]
INFO: [ view_end ] --START--
INFO: ShowPageTrace Behavior ::run [ RunTime:0.000000s ]
INFO: [ view_end ] --END-- [ RunTime:0.000000s ]

[ 2017-09-04T10:05:31+08:00 ] 192.168.1.139 /admin.php/remit/show_service.html
INFO: [ route_check ] --START--
INFO: CheckRoute Behavior ::run [ RunTime:0.000000s ]
INFO: [ route_check ] --END-- [ RunTime:0.000000s ]
INFO: [ app_begin ] --START--
INFO: ReadHtmlCache Behavior ::run [ RunTime:0.000000s ]
INFO: [ app_begin ] --END-- [ RunTime:0.000000s ]
SQL: SHOW COLUMNS FROM `examine` [ RunTime:0.000000s ]
SQL: SELECT * FROM `examine` WHERE ( menu_id=4 )  [ RunTime:0.000000s ]
SQL: SHOW COLUMNS FROM `remit` [ RunTime:0.000000s ]
ERR: 1146:Table 'cxhadmin.remit' doesn't exist
 [ SQL语句 ] : SHOW COLUMNS FROM `remit`
SQL: SHOW COLUMNS FROM service as a [ RunTime:0.000000s ]
ERR: 1064:You have an error in your SQL syntax; check the manual that corresponds to your MySQL server version for the right syntax to use near 'as a' at line 1
 [ SQL语句 ] : SHOW COLUMNS FROM service as a
SQL: SELECT COUNT(*) AS tp_count FROM service as a WHERE ( state_level=(1-1) ) AND ( `service_state` <> 2 ) LIMIT 1   [ RunTime:0.000000s ]
SQL: SELECT * FROM service as a WHERE ( state_level=(1-1) ) AND ( `service_state` <> 2 ) LIMIT 0,5   [ RunTime:0.000000s ]
SQL: SHOW COLUMNS FROM `service_images` [ RunTime:0.015600s ]
SQL: SELECT * FROM `service_images` WHERE ( service_id='1' )  [ RunTime:0.000000s ]
NOTIC: [2] urlencode() expects parameter 1 to be string, array given D:\phpStudy\WWW\application\admin\Lib\Action\RemitAction.class.php 第 359 行.
INFO: [ view_parse ] --START--
NOTIC: [8] Undefined index: agent_id D:\phpStudy\WWW\application\admin\Runtime\Cache\f84e08e003d2c34b3e4c8afffac609fb.php 第 107 行.
NOTIC: [8] Undefined index: agent_id D:\phpStudy\WWW\application\admin\Runtime\Cache\f84e08e003d2c34b3e4c8afffac609fb.php 第 108 行.
INFO: ParseTemplate Behavior ::run [ RunTime:0.015600s ]
INFO: [ view_parse ] --END-- [ RunTime:0.015600s ]
INFO: [ view_filter ] --START--
INFO: ContentReplace Behavior ::run [ RunTime:0.000000s ]
INFO: TokenBuild Behavior ::run [ RunTime:0.000000s ]
INFO: WriteHtmlCache Behavior ::run [ RunTime:0.000000s ]
INFO: ShowRuntime Behavior ::run [ RunTime:0.000000s ]
INFO: [ view_filter ] --END-- [ RunTime:0.000000s ]
INFO: [ view_end ] --START--
INFO: ShowPageTrace Behavior ::run [ RunTime:0.000000s ]
INFO: [ view_end ] --END-- [ RunTime:0.000000s ]

[ 2017-09-04T11:01:18+08:00 ] 192.168.1.139 /admin.php/remit/show_service.html
INFO: [ route_check ] --START--
INFO: CheckRoute Behavior ::run [ RunTime:0.015600s ]
INFO: [ route_check ] --END-- [ RunTime:0.015600s ]
INFO: [ app_begin ] --START--
INFO: ReadHtmlCache Behavior ::run [ RunTime:0.000000s ]
INFO: [ app_begin ] --END-- [ RunTime:0.000000s ]
SQL: SHOW COLUMNS FROM `examine` [ RunTime:0.000000s ]
SQL: SELECT * FROM `examine` WHERE ( menu_id=4 )  [ RunTime:0.000000s ]
SQL: SHOW COLUMNS FROM `remit` [ RunTime:0.015600s ]
ERR: 1146:Table 'cxhadmin.remit' doesn't exist
 [ SQL语句 ] : SHOW COLUMNS FROM `remit`
SQL: SHOW COLUMNS FROM service as a [ RunTime:0.000000s ]
ERR: 1064:You have an error in your SQL syntax; check the manual that corresponds to your MySQL server version for the right syntax to use near 'as a' at line 1
 [ SQL语句 ] : SHOW COLUMNS FROM service as a
SQL: SELECT COUNT(*) AS tp_count FROM service as a WHERE ( state_level=(1-1) ) AND ( `service_state` <> 2 ) LIMIT 1   [ RunTime:0.000000s ]
SQL: SELECT * FROM service as a WHERE ( state_level=(1-1) ) AND ( `service_state` <> 2 ) LIMIT 0,5   [ RunTime:0.000000s ]
SQL: SHOW COLUMNS FROM `service_images` [ RunTime:0.000000s ]
SQL: SELECT * FROM `service_images` WHERE ( service_id='1' )  [ RunTime:0.000000s ]
NOTIC: [2] urlencode() expects parameter 1 to be string, array given D:\phpStudy\WWW\application\admin\Lib\Action\RemitAction.class.php 第 359 行.
INFO: [ view_parse ] --START--
NOTIC: [8] Undefined index: agent_id D:\phpStudy\WWW\application\admin\Runtime\Cache\f84e08e003d2c34b3e4c8afffac609fb.php 第 107 行.
NOTIC: [8] Undefined index: agent_id D:\phpStudy\WWW\application\admin\Runtime\Cache\f84e08e003d2c34b3e4c8afffac609fb.php 第 108 行.
INFO: ParseTemplate Behavior ::run [ RunTime:0.015600s ]
INFO: [ view_parse ] --END-- [ RunTime:0.015600s ]
INFO: [ view_filter ] --START--
INFO: ContentReplace Behavior ::run [ RunTime:0.000000s ]
INFO: TokenBuild Behavior ::run [ RunTime:0.000000s ]
INFO: WriteHtmlCache Behavior ::run [ RunTime:0.000000s ]
INFO: ShowRuntime Behavior ::run [ RunTime:0.000000s ]
INFO: [ view_filter ] --END-- [ RunTime:0.000000s ]
INFO: [ view_end ] --START--
INFO: ShowPageTrace Behavior ::run [ RunTime:0.015600s ]
INFO: [ view_end ] --END-- [ RunTime:0.015600s ]

[ 2017-09-04T16:11:30+08:00 ] 192.168.1.144 /admin.php/admin/login.html
INFO: [ route_check ] --START--
INFO: CheckRoute Behavior ::run [ RunTime:0.000000s ]
INFO: [ route_check ] --END-- [ RunTime:0.000000s ]
INFO: [ app_begin ] --START--
INFO: ReadHtmlCache Behavior ::run [ RunTime:0.000000s ]
INFO: [ app_begin ] --END-- [ RunTime:0.000000s ]
INFO: [ view_parse ] --START--
NOTIC: [8] Undefined index: verify D:\phpStudy\WWW\application\admin\Runtime\Cache\26e0773d10aead9269ee1a28630267fd.php 第 35 行.
INFO: ParseTemplate Behavior ::run [ RunTime:0.015600s ]
INFO: [ view_parse ] --END-- [ RunTime:0.015600s ]
INFO: [ view_filter ] --START--
INFO: ContentReplace Behavior ::run [ RunTime:0.000000s ]
INFO: TokenBuild Behavior ::run [ RunTime:0.000000s ]
INFO: WriteHtmlCache Behavior ::run [ RunTime:0.000000s ]
INFO: ShowRuntime Behavior ::run [ RunTime:0.000000s ]
INFO: [ view_filter ] --END-- [ RunTime:0.000000s ]
INFO: [ view_end ] --START--
INFO: ShowPageTrace Behavior ::run [ RunTime:0.015600s ]
INFO: [ view_end ] --END-- [ RunTime:0.015600s ]

[ 2017-09-04T16:14:06+08:00 ] 192.168.1.139 /admin.php/remit/show_agent.html
INFO: [ route_check ] --START--
INFO: CheckRoute Behavior ::run [ RunTime:0.000000s ]
INFO: [ route_check ] --END-- [ RunTime:0.000000s ]
INFO: [ app_begin ] --START--
INFO: ReadHtmlCache Behavior ::run [ RunTime:0.000000s ]
INFO: [ app_begin ] --END-- [ RunTime:0.000000s ]
SQL: SHOW COLUMNS FROM `examine` [ RunTime:0.000000s ]
SQL: SELECT * FROM `examine` WHERE ( menu_id=3 )  [ RunTime:0.000000s ]
SQL: SHOW COLUMNS FROM `remit` [ RunTime:0.000000s ]
ERR: 1146:Table 'cxhadmin.remit' doesn't exist
 [ SQL语句 ] : SHOW COLUMNS FROM `remit`
SQL: SHOW COLUMNS FROM agent as a [ RunTime:0.000000s ]
ERR: 1064:You have an error in your SQL syntax; check the manual that corresponds to your MySQL server version for the right syntax to use near 'as a' at line 1
 [ SQL语句 ] : SHOW COLUMNS FROM agent as a
SQL: SELECT COUNT(*) AS tp_count FROM agent as a WHERE ( state_level=(2-1) ) AND ( `agent_state` <> 2 ) LIMIT 1   [ RunTime:0.000000s ]
SQL: SELECT * FROM agent as a WHERE ( state_level=(2-1) ) AND ( `agent_state` <> 2 ) LIMIT 0,5   [ RunTime:0.000000s ]
NOTIC: [2] Invalid argument supplied for foreach() D:\phpStudy\WWW\application\admin\Lib\Model\RemitModel.class.php 第 63 行.
NOTIC: [2] urlencode() expects parameter 1 to be string, array given D:\phpStudy\WWW\application\admin\Lib\Action\RemitAction.class.php 第 223 行.
INFO: [ view_parse ] --START--
INFO: ParseTemplate Behavior ::run [ RunTime:0.015600s ]
INFO: [ view_parse ] --END-- [ RunTime:0.015600s ]
INFO: [ view_filter ] --START--
INFO: ContentReplace Behavior ::run [ RunTime:0.000000s ]
INFO: TokenBuild Behavior ::run [ RunTime:0.000000s ]
INFO: WriteHtmlCache Behavior ::run [ RunTime:0.000000s ]
INFO: ShowRuntime Behavior ::run [ RunTime:0.000000s ]
INFO: [ view_filter ] --END-- [ RunTime:0.000000s ]
INFO: [ view_end ] --START--
INFO: ShowPageTrace Behavior ::run [ RunTime:0.000000s ]
INFO: [ view_end ] --END-- [ RunTime:0.000000s ]

[ 2017-09-04T16:14:14+08:00 ] 192.168.1.139 /admin.php/remit/show_service.html
INFO: [ route_check ] --START--
INFO: CheckRoute Behavior ::run [ RunTime:0.000000s ]
INFO: [ route_check ] --END-- [ RunTime:0.000000s ]
INFO: [ app_begin ] --START--
INFO: ReadHtmlCache Behavior ::run [ RunTime:0.000000s ]
INFO: [ app_begin ] --END-- [ RunTime:0.000000s ]
SQL: SHOW COLUMNS FROM `examine` [ RunTime:0.000000s ]
SQL: SELECT * FROM `examine` WHERE ( menu_id=4 )  [ RunTime:0.000000s ]
SQL: SHOW COLUMNS FROM `remit` [ RunTime:0.000000s ]
ERR: 1146:Table 'cxhadmin.remit' doesn't exist
 [ SQL语句 ] : SHOW COLUMNS FROM `remit`
SQL: SHOW COLUMNS FROM `service` [ RunTime:0.000000s ]
SQL: SELECT COUNT(*) AS tp_count FROM `service` WHERE ( state_level=(1-1) ) AND ( `service_state` <> 2 ) LIMIT 1   [ RunTime:0.000000s ]
SQL: SHOW COLUMNS FROM service a [ RunTime:0.000000s ]
ERR: 1064:You have an error in your SQL syntax; check the manual that corresponds to your MySQL server version for the right syntax to use near 'a' at line 1
 [ SQL语句 ] : SHOW COLUMNS FROM service a
SQL: SELECT a.*,c.perf FROM service a LEFT JOIN agent b on a.user_id=b.user_id LEFT JOIN user c on b.new_id=c.id WHERE ( a.state_level=(1-1) and b.agent_state=1 ) AND ( `service_state` <> 2 ) LIMIT 0,5   [ RunTime:0.015600s ]
NOTIC: [2] Invalid argument supplied for foreach() D:\phpStudy\WWW\application\admin\Lib\Model\RemitModel.class.php 第 92 行.
NOTIC: [2] urlencode() expects parameter 1 to be string, array given D:\phpStudy\WWW\application\admin\Lib\Action\RemitAction.class.php 第 359 行.
INFO: [ view_parse ] --START--
INFO: ParseTemplate Behavior ::run [ RunTime:0.015600s ]
INFO: [ view_parse ] --END-- [ RunTime:0.015600s ]
INFO: [ view_filter ] --START--
INFO: ContentReplace Behavior ::run [ RunTime:0.000000s ]
INFO: TokenBuild Behavior ::run [ RunTime:0.000000s ]
INFO: WriteHtmlCache Behavior ::run [ RunTime:0.000000s ]
INFO: ShowRuntime Behavior ::run [ RunTime:0.000000s ]
INFO: [ view_filter ] --END-- [ RunTime:0.000000s ]
INFO: [ view_end ] --START--
INFO: ShowPageTrace Behavior ::run [ RunTime:0.000000s ]
INFO: [ view_end ] --END-- [ RunTime:0.000000s ]

[ 2017-09-04T16:14:16+08:00 ] 192.168.1.139 /admin.php/remit/show_agent.html
INFO: [ route_check ] --START--
INFO: CheckRoute Behavior ::run [ RunTime:0.000000s ]
INFO: [ route_check ] --END-- [ RunTime:0.000000s ]
INFO: [ app_begin ] --START--
INFO: ReadHtmlCache Behavior ::run [ RunTime:0.015600s ]
INFO: [ app_begin ] --END-- [ RunTime:0.015600s ]
SQL: SHOW COLUMNS FROM `examine` [ RunTime:0.000000s ]
SQL: SELECT * FROM `examine` WHERE ( menu_id=3 )  [ RunTime:0.000000s ]
SQL: SHOW COLUMNS FROM `remit` [ RunTime:0.000000s ]
ERR: 1146:Table 'cxhadmin.remit' doesn't exist
 [ SQL语句 ] : SHOW COLUMNS FROM `remit`
SQL: SHOW COLUMNS FROM agent as a [ RunTime:0.000000s ]
ERR: 1064:You have an error in your SQL syntax; check the manual that corresponds to your MySQL server version for the right syntax to use near 'as a' at line 1
 [ SQL语句 ] : SHOW COLUMNS FROM agent as a
SQL: SELECT COUNT(*) AS tp_count FROM agent as a WHERE ( state_level=(2-1) ) AND ( `agent_state` <> 2 ) LIMIT 1   [ RunTime:0.000000s ]
SQL: SELECT * FROM agent as a WHERE ( state_level=(2-1) ) AND ( `agent_state` <> 2 ) LIMIT 0,5   [ RunTime:0.000000s ]
NOTIC: [2] Invalid argument supplied for foreach() D:\phpStudy\WWW\application\admin\Lib\Model\RemitModel.class.php 第 63 行.
NOTIC: [2] urlencode() expects parameter 1 to be string, array given D:\phpStudy\WWW\application\admin\Lib\Action\RemitAction.class.php 第 223 行.
INFO: [ view_parse ] --START--
INFO: ParseTemplate Behavior ::run [ RunTime:0.031200s ]
INFO: [ view_parse ] --END-- [ RunTime:0.031200s ]
INFO: [ view_filter ] --START--
INFO: ContentReplace Behavior ::run [ RunTime:0.000000s ]
INFO: TokenBuild Behavior ::run [ RunTime:0.000000s ]
INFO: WriteHtmlCache Behavior ::run [ RunTime:0.000000s ]
INFO: ShowRuntime Behavior ::run [ RunTime:0.000000s ]
INFO: [ view_filter ] --END-- [ RunTime:0.000000s ]
INFO: [ view_end ] --START--
INFO: ShowPageTrace Behavior ::run [ RunTime:0.000000s ]
INFO: [ view_end ] --END-- [ RunTime:0.000000s ]

[ 2017-09-04T16:14:44+08:00 ] 192.168.1.139 /admin.php/remit/show_agent.html
INFO: [ route_check ] --START--
INFO: CheckRoute Behavior ::run [ RunTime:0.000000s ]
INFO: [ route_check ] --END-- [ RunTime:0.000000s ]
INFO: [ app_begin ] --START--
INFO: ReadHtmlCache Behavior ::run [ RunTime:0.000000s ]
INFO: [ app_begin ] --END-- [ RunTime:0.000000s ]
SQL: SHOW COLUMNS FROM `examine` [ RunTime:0.000000s ]
SQL: SELECT * FROM `examine` WHERE ( menu_id=3 )  [ RunTime:0.000000s ]
SQL: SHOW COLUMNS FROM `remit` [ RunTime:0.000000s ]
ERR: 1146:Table 'cxhadmin.remit' doesn't exist
 [ SQL语句 ] : SHOW COLUMNS FROM `remit`
SQL: SHOW COLUMNS FROM agent as a [ RunTime:0.000000s ]
ERR: 1064:You have an error in your SQL syntax; check the manual that corresponds to your MySQL server version for the right syntax to use near 'as a' at line 1
 [ SQL语句 ] : SHOW COLUMNS FROM agent as a
SQL: SELECT COUNT(*) AS tp_count FROM agent as a WHERE ( state_level=(2-1) ) AND ( `agent_state` <> 2 ) LIMIT 1   [ RunTime:0.000000s ]
SQL: SELECT * FROM agent as a WHERE ( state_level=(2-1) ) AND ( `agent_state` <> 2 ) LIMIT 0,5   [ RunTime:0.000000s ]
SQL: SHOW COLUMNS FROM `agent_images` [ RunTime:0.015600s ]
SQL: SELECT * FROM `agent_images` WHERE ( agent_id='1' )  [ RunTime:0.000000s ]
SQL: SELECT * FROM `agent_images` WHERE ( agent_id='2' )  [ RunTime:0.000000s ]
SQL: SELECT * FROM `agent_images` WHERE ( agent_id='3' )  [ RunTime:0.000000s ]
NOTIC: [2] urlencode() expects parameter 1 to be string, array given D:\phpStudy\WWW\application\admin\Lib\Action\RemitAction.class.php 第 223 行.
INFO: [ view_parse ] --START--
INFO: ParseTemplate Behavior ::run [ RunTime:0.015600s ]
INFO: [ view_parse ] --END-- [ RunTime:0.015600s ]
INFO: [ view_filter ] --START--
INFO: ContentReplace Behavior ::run [ RunTime:0.000000s ]
INFO: TokenBuild Behavior ::run [ RunTime:0.000000s ]
INFO: WriteHtmlCache Behavior ::run [ RunTime:0.015600s ]
INFO: ShowRuntime Behavior ::run [ RunTime:0.000000s ]
INFO: [ view_filter ] --END-- [ RunTime:0.015600s ]
INFO: [ view_end ] --START--
INFO: ShowPageTrace Behavior ::run [ RunTime:0.000000s ]
INFO: [ view_end ] --END-- [ RunTime:0.000000s ]

[ 2017-09-04T16:20:38+08:00 ] 192.168.1.138 /admin.php/index/index.html
INFO: [ route_check ] --START--
INFO: CheckRoute Behavior ::run [ RunTime:0.015600s ]
INFO: [ route_check ] --END-- [ RunTime:0.015600s ]
INFO: [ app_begin ] --START--
INFO: ReadHtmlCache Behavior ::run [ RunTime:0.000000s ]
INFO: [ app_begin ] --END-- [ RunTime:0.000000s ]
INFO: [ view_parse ] --START--
INFO: ParseTemplate Behavior ::run [ RunTime:0.015600s ]
INFO: [ view_parse ] --END-- [ RunTime:0.015600s ]
INFO: [ view_filter ] --START--
INFO: ContentReplace Behavior ::run [ RunTime:0.000000s ]
INFO: TokenBuild Behavior ::run [ RunTime:0.000000s ]
INFO: WriteHtmlCache Behavior ::run [ RunTime:0.000000s ]
INFO: ShowRuntime Behavior ::run [ RunTime:0.000000s ]
INFO: [ view_filter ] --END-- [ RunTime:0.000000s ]
INFO: [ view_end ] --START--
INFO: ShowPageTrace Behavior ::run [ RunTime:0.000000s ]
INFO: [ view_end ] --END-- [ RunTime:0.000000s ]

[ 2017-09-04T18:01:47+08:00 ] 192.168.1.139 /admin.php/remit/show_agent.html
INFO: [ route_check ] --START--
INFO: CheckRoute Behavior ::run [ RunTime:0.000000s ]
INFO: [ route_check ] --END-- [ RunTime:0.000000s ]
INFO: [ app_begin ] --START--
INFO: ReadHtmlCache Behavior ::run [ RunTime:0.000000s ]
INFO: [ app_begin ] --END-- [ RunTime:0.000000s ]
NOTIC: [8] Undefined index: role_id D:\phpStudy\WWW\application\admin\Lib\Action\RemitAction.class.php 第 181 行.
SQL: SHOW COLUMNS FROM `examine` [ RunTime:0.000000s ]
SQL: SELECT * FROM `examine` WHERE ( menu_id=3 )  [ RunTime:0.000000s ]
SQL: SHOW COLUMNS FROM `remit` [ RunTime:0.000000s ]
ERR: 1146:Table 'cxhadmin.remit' doesn't exist
 [ SQL语句 ] : SHOW COLUMNS FROM `remit`
SQL: SHOW COLUMNS FROM agent as a [ RunTime:0.000000s ]
ERR: 1064:You have an error in your SQL syntax; check the manual that corresponds to your MySQL server version for the right syntax to use near 'as a' at line 1
 [ SQL语句 ] : SHOW COLUMNS FROM agent as a
SQL: SELECT COUNT(*) AS tp_count FROM agent as a WHERE ( state_level=(-1) ) AND ( `agent_state` <> 2 ) LIMIT 1   [ RunTime:0.000000s ]
SQL: SELECT * FROM agent as a WHERE ( state_level=(-1) ) AND ( `agent_state` <> 2 ) LIMIT 0,5   [ RunTime:0.015600s ]
NOTIC: [2] Invalid argument supplied for foreach() D:\phpStudy\WWW\application\admin\Lib\Model\RemitModel.class.php 第 63 行.
NOTIC: [2] urlencode() expects parameter 1 to be string, array given D:\phpStudy\WWW\application\admin\Lib\Action\RemitAction.class.php 第 223 行.
INFO: [ view_parse ] --START--
INFO: ParseTemplate Behavior ::run [ RunTime:0.015600s ]
INFO: [ view_parse ] --END-- [ RunTime:0.015600s ]
INFO: [ view_filter ] --START--
INFO: ContentReplace Behavior ::run [ RunTime:0.000000s ]
INFO: TokenBuild Behavior ::run [ RunTime:0.000000s ]
INFO: WriteHtmlCache Behavior ::run [ RunTime:0.000000s ]
INFO: ShowRuntime Behavior ::run [ RunTime:0.000000s ]
INFO: [ view_filter ] --END-- [ RunTime:0.000000s ]
INFO: [ view_end ] --START--
INFO: ShowPageTrace Behavior ::run [ RunTime:0.000000s ]
INFO: [ view_end ] --END-- [ RunTime:0.000000s ]

[ 2017-09-04T18:01:48+08:00 ] 192.168.1.139 /admin.php/admin/login.html
INFO: [ route_check ] --START--
INFO: CheckRoute Behavior ::run [ RunTime:0.000000s ]
INFO: [ route_check ] --END-- [ RunTime:0.000000s ]
INFO: [ app_begin ] --START--
INFO: ReadHtmlCache Behavior ::run [ RunTime:0.000000s ]
INFO: [ app_begin ] --END-- [ RunTime:0.000000s ]
INFO: [ view_parse ] --START--
NOTIC: [8] Undefined index: verify D:\phpStudy\WWW\application\admin\Runtime\Cache\26e0773d10aead9269ee1a28630267fd.php 第 35 行.
INFO: ParseTemplate Behavior ::run [ RunTime:0.015600s ]
INFO: [ view_parse ] --END-- [ RunTime:0.015600s ]
INFO: [ view_filter ] --START--
INFO: ContentReplace Behavior ::run [ RunTime:0.000000s ]
INFO: TokenBuild Behavior ::run [ RunTime:0.000000s ]
INFO: WriteHtmlCache Behavior ::run [ RunTime:0.000000s ]
INFO: ShowRuntime Behavior ::run [ RunTime:0.000000s ]
INFO: [ view_filter ] --END-- [ RunTime:0.000000s ]
INFO: [ view_end ] --START--
INFO: ShowPageTrace Behavior ::run [ RunTime:0.000000s ]
INFO: [ view_end ] --END-- [ RunTime:0.000000s ]

[ 2017-09-04T18:01:53+08:00 ] 192.168.1.139 /admin.php/admin/check_staff.html
INFO: [ route_check ] --START--
INFO: CheckRoute Behavior ::run [ RunTime:0.000000s ]
INFO: [ route_check ] --END-- [ RunTime:0.000000s ]
INFO: [ app_begin ] --START--
INFO: ReadHtmlCache Behavior ::run [ RunTime:0.000000s ]
INFO: [ app_begin ] --END-- [ RunTime:0.000000s ]
NOTIC: [2048] Declaration of StaffModel::check() should be compatible with Model::check($value, $rule, $type = 'regex') D:\phpStudy\WWW\application\admin\Lib\Model\StaffModel.class.php 第 8 行.
SQL: SHOW COLUMNS FROM `staff` [ RunTime:0.000000s ]
SQL: SHOW COLUMNS FROM `staff` [ RunTime:0.000000s ]
SQL: SELECT * FROM `staff` LEFT JOIN role on staff.staff_role=role.role_id WHERE (  staff_account='admin' and  staff_password= '3d9188577cc9bfe9291ac66b5cc872b7' and staff_state=1 )  [ RunTime:0.000000s ]

[ 2017-09-04T18:01:57+08:00 ] 192.168.1.139 /admin.php/admin/check_staff.html
INFO: [ route_check ] --START--
INFO: CheckRoute Behavior ::run [ RunTime:0.000000s ]
INFO: [ route_check ] --END-- [ RunTime:0.000000s ]
INFO: [ app_begin ] --START--
INFO: ReadHtmlCache Behavior ::run [ RunTime:0.000000s ]
INFO: [ app_begin ] --END-- [ RunTime:0.000000s ]
NOTIC: [2048] Declaration of StaffModel::check() should be compatible with Model::check($value, $rule, $type = 'regex') D:\phpStudy\WWW\application\admin\Lib\Model\StaffModel.class.php 第 8 行.
SQL: SHOW COLUMNS FROM `staff` [ RunTime:0.000000s ]
SQL: SHOW COLUMNS FROM `staff` [ RunTime:0.000000s ]
SQL: SELECT * FROM `staff` LEFT JOIN role on staff.staff_role=role.role_id WHERE (  staff_account='admin' and  staff_password= 'e10adc3949ba59abbe56e057f20f883e' and staff_state=1 )  [ RunTime:0.000000s ]

[ 2017-09-04T18:01:58+08:00 ] 192.168.1.139 /admin.php/index/index.html
INFO: [ route_check ] --START--
INFO: CheckRoute Behavior ::run [ RunTime:0.000000s ]
INFO: [ route_check ] --END-- [ RunTime:0.000000s ]
INFO: [ app_begin ] --START--
INFO: ReadHtmlCache Behavior ::run [ RunTime:0.000000s ]
INFO: [ app_begin ] --END-- [ RunTime:0.000000s ]
INFO: [ view_parse ] --START--
INFO: ParseTemplate Behavior ::run [ RunTime:0.015600s ]
INFO: [ view_parse ] --END-- [ RunTime:0.015600s ]
INFO: [ view_filter ] --START--
INFO: ContentReplace Behavior ::run [ RunTime:0.000000s ]
INFO: TokenBuild Behavior ::run [ RunTime:0.000000s ]
INFO: WriteHtmlCache Behavior ::run [ RunTime:0.015600s ]
INFO: ShowRuntime Behavior ::run [ RunTime:0.000000s ]
INFO: [ view_filter ] --END-- [ RunTime:0.015600s ]
INFO: [ view_end ] --START--
INFO: ShowPageTrace Behavior ::run [ RunTime:0.000000s ]
INFO: [ view_end ] --END-- [ RunTime:0.000000s ]

[ 2017-09-04T18:02:00+08:00 ] 192.168.1.139 /admin.php/remit/show_agent.html
INFO: [ route_check ] --START--
INFO: CheckRoute Behavior ::run [ RunTime:0.000000s ]
INFO: [ route_check ] --END-- [ RunTime:0.000000s ]
INFO: [ app_begin ] --START--
INFO: ReadHtmlCache Behavior ::run [ RunTime:0.000000s ]
INFO: [ app_begin ] --END-- [ RunTime:0.000000s ]
SQL: SHOW COLUMNS FROM `examine` [ RunTime:0.000000s ]
SQL: SELECT * FROM `examine` WHERE ( menu_id=3 )  [ RunTime:0.000000s ]
SQL: SHOW COLUMNS FROM `remit` [ RunTime:0.000000s ]
ERR: 1146:Table 'cxhadmin.remit' doesn't exist
 [ SQL语句 ] : SHOW COLUMNS FROM `remit`
SQL: SHOW COLUMNS FROM agent as a [ RunTime:0.000000s ]
ERR: 1064:You have an error in your SQL syntax; check the manual that corresponds to your MySQL server version for the right syntax to use near 'as a' at line 1
 [ SQL语句 ] : SHOW COLUMNS FROM agent as a
SQL: SELECT COUNT(*) AS tp_count FROM agent as a WHERE ( state_level=(2-1) ) AND ( `agent_state` <> 2 ) LIMIT 1   [ RunTime:0.000000s ]
SQL: SELECT * FROM agent as a WHERE ( state_level=(2-1) ) AND ( `agent_state` <> 2 ) LIMIT 0,5   [ RunTime:0.000000s ]
SQL: SHOW COLUMNS FROM `agent_images` [ RunTime:0.015600s ]
SQL: SELECT * FROM `agent_images` WHERE ( agent_id='1' )  [ RunTime:0.000000s ]
SQL: SELECT * FROM `agent_images` WHERE ( agent_id='2' )  [ RunTime:0.000000s ]
SQL: SELECT * FROM `agent_images` WHERE ( agent_id='3' )  [ RunTime:0.000000s ]
NOTIC: [2] urlencode() expects parameter 1 to be string, array given D:\phpStudy\WWW\application\admin\Lib\Action\RemitAction.class.php 第 223 行.
INFO: [ view_parse ] --START--
INFO: ParseTemplate Behavior ::run [ RunTime:0.015600s ]
INFO: [ view_parse ] --END-- [ RunTime:0.015600s ]
INFO: [ view_filter ] --START--
INFO: ContentReplace Behavior ::run [ RunTime:0.000000s ]
INFO: TokenBuild Behavior ::run [ RunTime:0.000000s ]
INFO: WriteHtmlCache Behavior ::run [ RunTime:0.000000s ]
INFO: ShowRuntime Behavior ::run [ RunTime:0.015600s ]
INFO: [ view_filter ] --END-- [ RunTime:0.015600s ]
INFO: [ view_end ] --START--
INFO: ShowPageTrace Behavior ::run [ RunTime:0.000000s ]
INFO: [ view_end ] --END-- [ RunTime:0.000000s ]

[ 2017-09-04T18:02:39+08:00 ] 192.168.1.139 /admin.php/remit/show_agent.html
INFO: [ route_check ] --START--
INFO: CheckRoute Behavior ::run [ RunTime:0.000000s ]
INFO: [ route_check ] --END-- [ RunTime:0.000000s ]
INFO: [ app_begin ] --START--
INFO: ReadHtmlCache Behavior ::run [ RunTime:0.015600s ]
INFO: [ app_begin ] --END-- [ RunTime:0.015600s ]
SQL: SHOW COLUMNS FROM `examine` [ RunTime:0.000000s ]
SQL: SELECT * FROM `examine` WHERE ( menu_id=3 )  [ RunTime:0.000000s ]
SQL: SHOW COLUMNS FROM `remit` [ RunTime:0.000000s ]
ERR: 1146:Table 'cxhadmin.remit' doesn't exist
 [ SQL语句 ] : SHOW COLUMNS FROM `remit`
SQL: SHOW COLUMNS FROM agent as a [ RunTime:0.000000s ]
ERR: 1064:You have an error in your SQL syntax; check the manual that corresponds to your MySQL server version for the right syntax to use near 'as a' at line 1
 [ SQL语句 ] : SHOW COLUMNS FROM agent as a
SQL: SELECT COUNT(*) AS tp_count FROM agent as a WHERE ( state_level=(2-1) ) AND ( `agent_state` <> 2 ) LIMIT 1   [ RunTime:0.000000s ]
SQL: SELECT * FROM agent as a WHERE ( state_level=(2-1) ) AND ( `agent_state` <> 2 ) LIMIT 0,5   [ RunTime:0.000000s ]
SQL: SHOW COLUMNS FROM `agent_images` [ RunTime:0.015600s ]
SQL: SELECT * FROM `agent_images` WHERE ( agent_id='1' )  [ RunTime:0.000000s ]
SQL: SELECT * FROM `agent_images` WHERE ( agent_id='2' )  [ RunTime:0.000000s ]
SQL: SELECT * FROM `agent_images` WHERE ( agent_id='3' )  [ RunTime:0.000000s ]
SQL: SELECT * FROM `agent_images` WHERE ( agent_id='14' )  [ RunTime:0.000000s ]
NOTIC: [2] Invalid argument supplied for foreach() D:\phpStudy\WWW\application\admin\Lib\Model\RemitModel.class.php 第 65 行.
NOTIC: [2] urlencode() expects parameter 1 to be string, array given D:\phpStudy\WWW\application\admin\Lib\Action\RemitAction.class.php 第 223 行.
INFO: [ view_parse ] --START--
NOTIC: [8] Undefined index: url D:\phpStudy\WWW\application\admin\Runtime\Cache\b9432aaaf504c664da54979ca113f382.php 第 77 行.
INFO: ParseTemplate Behavior ::run [ RunTime:0.015600s ]
INFO: [ view_parse ] --END-- [ RunTime:0.015600s ]
INFO: [ view_filter ] --START--
INFO: ContentReplace Behavior ::run [ RunTime:0.000000s ]
INFO: TokenBuild Behavior ::run [ RunTime:0.000000s ]
INFO: WriteHtmlCache Behavior ::run [ RunTime:0.015600s ]
INFO: ShowRuntime Behavior ::run [ RunTime:0.000000s ]
INFO: [ view_filter ] --END-- [ RunTime:0.015600s ]
INFO: [ view_end ] --START--
INFO: ShowPageTrace Behavior ::run [ RunTime:0.000000s ]
INFO: [ view_end ] --END-- [ RunTime:0.000000s ]

