[ 2017-09-11T09:08:58+08:00 ] 192.168.1.111 /admin.php
INFO: [ app_begin ] --START--
INFO: ReadHtmlCache Behavior ::run [ RunTime:0.015600s ]
INFO: [ app_begin ] --END-- [ RunTime:0.015600s ]
INFO: [ view_parse ] --START--
NOTIC: [8] Undefined index: role_name D:\phpStudy\WWW\application\admin\Runtime\Cache\a4808b0abfd86dcf6a8b1993c999793c.php 第 35 行.
NOTIC: [8] Undefined index: staff_account D:\phpStudy\WWW\application\admin\Runtime\Cache\a4808b0abfd86dcf6a8b1993c999793c.php 第 36 行.
NOTIC: [8] Undefined index: status D:\phpStudy\WWW\application\admin\Runtime\Cache\a4808b0abfd86dcf6a8b1993c999793c.php 第 55 行.
INFO: ParseTemplate Behavior ::run [ RunTime:0.031200s ]
INFO: [ view_parse ] --END-- [ RunTime:0.031200s ]
INFO: [ view_filter ] --START--
INFO: ContentReplace Behavior ::run [ RunTime:0.000000s ]
INFO: TokenBuild Behavior ::run [ RunTime:0.000000s ]
INFO: WriteHtmlCache Behavior ::run [ RunTime:0.015600s ]
INFO: ShowRuntime Behavior ::run [ RunTime:0.000000s ]
INFO: [ view_filter ] --END-- [ RunTime:0.015600s ]
INFO: [ view_end ] --START--
INFO: ShowPageTrace Behavior ::run [ RunTime:0.000000s ]
INFO: [ view_end ] --END-- [ RunTime:0.000000s ]

[ 2017-09-11T09:09:00+08:00 ] 192.168.1.111 /admin.php/admin/login.html
INFO: [ route_check ] --START--
INFO: CheckRoute Behavior ::run [ RunTime:0.015600s ]
INFO: [ route_check ] --END-- [ RunTime:0.015600s ]
INFO: [ app_begin ] --START--
INFO: ReadHtmlCache Behavior ::run [ RunTime:0.000000s ]
INFO: [ app_begin ] --END-- [ RunTime:0.000000s ]
INFO: [ view_parse ] --START--
NOTIC: [8] Undefined index: verify D:\phpStudy\WWW\application\admin\Runtime\Cache\26e0773d10aead9269ee1a28630267fd.php 第 35 行.
INFO: ParseTemplate Behavior ::run [ RunTime:0.015600s ]
INFO: [ view_parse ] --END-- [ RunTime:0.015600s ]
INFO: [ view_filter ] --START--
INFO: ContentReplace Behavior ::run [ RunTime:0.000000s ]
INFO: TokenBuild Behavior ::run [ RunTime:0.000000s ]
INFO: WriteHtmlCache Behavior ::run [ RunTime:0.000000s ]
INFO: ShowRuntime Behavior ::run [ RunTime:0.000000s ]
INFO: [ view_filter ] --END-- [ RunTime:0.000000s ]
INFO: [ view_end ] --START--
INFO: ShowPageTrace Behavior ::run [ RunTime:0.000000s ]
INFO: [ view_end ] --END-- [ RunTime:0.000000s ]

[ 2017-09-11T09:09:08+08:00 ] 192.168.1.111 /admin.php/admin/check_staff.html
INFO: [ route_check ] --START--
INFO: CheckRoute Behavior ::run [ RunTime:0.000000s ]
INFO: [ route_check ] --END-- [ RunTime:0.000000s ]
INFO: [ app_begin ] --START--
INFO: ReadHtmlCache Behavior ::run [ RunTime:0.000000s ]
INFO: [ app_begin ] --END-- [ RunTime:0.000000s ]
NOTIC: [2048] Declaration of StaffModel::check() should be compatible with Model::check($value, $rule, $type = 'regex') D:\phpStudy\WWW\application\admin\Lib\Model\StaffModel.class.php 第 8 行.
SQL: SHOW COLUMNS FROM `staff` [ RunTime:0.015600s ]
SQL: SHOW COLUMNS FROM `staff` [ RunTime:0.000000s ]
SQL: SELECT * FROM `staff` LEFT JOIN role on staff.staff_role=role.role_id WHERE (  staff_account='admin' and  staff_password= 'e10adc3949ba59abbe56e057f20f883e' ) LIMIT 1   [ RunTime:0.015600s ]

[ 2017-09-11T09:09:08+08:00 ] 192.168.1.111 /admin.php/index/index.html
INFO: [ route_check ] --START--
INFO: CheckRoute Behavior ::run [ RunTime:0.000000s ]
INFO: [ route_check ] --END-- [ RunTime:0.000000s ]
INFO: [ app_begin ] --START--
INFO: ReadHtmlCache Behavior ::run [ RunTime:0.000000s ]
INFO: [ app_begin ] --END-- [ RunTime:0.000000s ]
INFO: [ view_parse ] --START--
INFO: ParseTemplate Behavior ::run [ RunTime:0.015600s ]
INFO: [ view_parse ] --END-- [ RunTime:0.015600s ]
INFO: [ view_filter ] --START--
INFO: ContentReplace Behavior ::run [ RunTime:0.000000s ]
INFO: TokenBuild Behavior ::run [ RunTime:0.000000s ]
INFO: WriteHtmlCache Behavior ::run [ RunTime:0.000000s ]
INFO: ShowRuntime Behavior ::run [ RunTime:0.000000s ]
INFO: [ view_filter ] --END-- [ RunTime:0.000000s ]
INFO: [ view_end ] --START--
INFO: ShowPageTrace Behavior ::run [ RunTime:0.000000s ]
INFO: [ view_end ] --END-- [ RunTime:0.000000s ]

[ 2017-09-11T09:09:11+08:00 ] 192.168.1.111 /admin.php/remit/show_tx.html
INFO: [ route_check ] --START--
INFO: CheckRoute Behavior ::run [ RunTime:0.000000s ]
INFO: [ route_check ] --END-- [ RunTime:0.000000s ]
INFO: [ app_begin ] --START--
INFO: ReadHtmlCache Behavior ::run [ RunTime:0.000000s ]
INFO: [ app_begin ] --END-- [ RunTime:0.000000s ]
SQL: SHOW COLUMNS FROM `examine` [ RunTime:0.031200s ]
SQL: SELECT * FROM `examine` WHERE ( menu_id=2 )  [ RunTime:0.000000s ]
SQL: SHOW COLUMNS FROM `remit` [ RunTime:0.000000s ]
ERR: 1146:Table 'cxhadmin.remit' doesn't exist
 [ SQL语句 ] : SHOW COLUMNS FROM `remit`
SQL: SHOW COLUMNS FROM withdraw as a [ RunTime:0.000000s ]
ERR: 1064:You have an error in your SQL syntax; check the manual that corresponds to your MySQL server version for the right syntax to use near 'as a' at line 1
 [ SQL语句 ] : SHOW COLUMNS FROM withdraw as a
SQL: SELECT COUNT(*) AS tp_count FROM withdraw as a WHERE ( state_level=(-1) ) AND ( `withdraw_state` <> 2 ) LIMIT 1   [ RunTime:0.015600s ]
SQL: SELECT * FROM withdraw as a WHERE ( state_level=(-1) ) AND ( `withdraw_state` <> 2 ) LIMIT 0,5   [ RunTime:0.000000s ]
NOTIC: [2] urlencode() expects parameter 1 to be string, array given D:\phpStudy\WWW\application\admin\Lib\Action\RemitAction.class.php 第 137 行.
INFO: [ view_parse ] --START--
INFO: ParseTemplate Behavior ::run [ RunTime:0.031200s ]
INFO: [ view_parse ] --END-- [ RunTime:0.031200s ]
INFO: [ view_filter ] --START--
INFO: ContentReplace Behavior ::run [ RunTime:0.000000s ]
INFO: TokenBuild Behavior ::run [ RunTime:0.000000s ]
INFO: WriteHtmlCache Behavior ::run [ RunTime:0.000000s ]
INFO: ShowRuntime Behavior ::run [ RunTime:0.000000s ]
INFO: [ view_filter ] --END-- [ RunTime:0.015600s ]
INFO: [ view_end ] --START--
INFO: ShowPageTrace Behavior ::run [ RunTime:0.000000s ]
INFO: [ view_end ] --END-- [ RunTime:0.000000s ]

[ 2017-09-11T09:09:12+08:00 ] 192.168.1.111 /admin.php/remit/show_remit.html
INFO: [ route_check ] --START--
INFO: CheckRoute Behavior ::run [ RunTime:0.000000s ]
INFO: [ route_check ] --END-- [ RunTime:0.000000s ]
INFO: [ app_begin ] --START--
INFO: ReadHtmlCache Behavior ::run [ RunTime:0.000000s ]
INFO: [ app_begin ] --END-- [ RunTime:0.000000s ]
SQL: SHOW COLUMNS FROM `examine` [ RunTime:0.000000s ]
SQL: SELECT * FROM `examine` WHERE ( menu_id=1 )  [ RunTime:0.000000s ]
SQL: SHOW COLUMNS FROM `remit` [ RunTime:0.000000s ]
ERR: 1146:Table 'cxhadmin.remit' doesn't exist
 [ SQL语句 ] : SHOW COLUMNS FROM `remit`
SQL: SHOW COLUMNS FROM remittance as a [ RunTime:0.000000s ]
ERR: 1064:You have an error in your SQL syntax; check the manual that corresponds to your MySQL server version for the right syntax to use near 'as a' at line 1
 [ SQL语句 ] : SHOW COLUMNS FROM remittance as a
SQL: SELECT COUNT(*) AS tp_count FROM remittance as a LEFT JOIN bank on a.bank_id=bank.bank_id WHERE ( state_level=(-1) ) AND ( `remit_state` <> 2 ) LIMIT 1   [ RunTime:0.015600s ]
SQL: SELECT a.*,bank.*,user.userid FROM remittance as a LEFT JOIN bank on a.bank_id=bank.bank_id LEFT JOIN user on a.user_id=user.id WHERE ( state_level=(-1) ) AND ( `remit_state` <> 2 ) LIMIT 0,5   [ RunTime:0.000000s ]
NOTIC: [2] urlencode() expects parameter 1 to be string, array given D:\phpStudy\WWW\application\admin\Lib\Action\RemitAction.class.php 第 54 行.
INFO: [ view_parse ] --START--
INFO: ParseTemplate Behavior ::run [ RunTime:0.031200s ]
INFO: [ view_parse ] --END-- [ RunTime:0.031200s ]
INFO: [ view_filter ] --START--
INFO: ContentReplace Behavior ::run [ RunTime:0.000000s ]
INFO: TokenBuild Behavior ::run [ RunTime:0.000000s ]
INFO: WriteHtmlCache Behavior ::run [ RunTime:0.000000s ]
INFO: ShowRuntime Behavior ::run [ RunTime:0.000000s ]
INFO: [ view_filter ] --END-- [ RunTime:0.000000s ]
INFO: [ view_end ] --START--
INFO: ShowPageTrace Behavior ::run [ RunTime:0.015600s ]
INFO: [ view_end ] --END-- [ RunTime:0.015600s ]

[ 2017-09-11T09:09:30+08:00 ] 192.168.1.111 /admin.php/index/show_basics.html
INFO: [ route_check ] --START--
INFO: CheckRoute Behavior ::run [ RunTime:0.000000s ]
INFO: [ route_check ] --END-- [ RunTime:0.000000s ]
INFO: [ app_begin ] --START--
INFO: ReadHtmlCache Behavior ::run [ RunTime:0.000000s ]
INFO: [ app_begin ] --END-- [ RunTime:0.000000s ]
SQL: SHOW COLUMNS FROM `bank` [ RunTime:0.000000s ]
SQL: SELECT * FROM `bank`  [ RunTime:0.000000s ]
SQL: SHOW COLUMNS FROM `param` [ RunTime:0.031200s ]
SQL: SELECT * FROM `param`  [ RunTime:0.000000s ]
INFO: [ view_parse ] --START--
INFO: ParseTemplate Behavior ::run [ RunTime:0.015600s ]
INFO: [ view_parse ] --END-- [ RunTime:0.015600s ]
INFO: [ view_filter ] --START--
INFO: ContentReplace Behavior ::run [ RunTime:0.000000s ]
INFO: TokenBuild Behavior ::run [ RunTime:0.000000s ]
INFO: WriteHtmlCache Behavior ::run [ RunTime:0.000000s ]
INFO: ShowRuntime Behavior ::run [ RunTime:0.015600s ]
INFO: [ view_filter ] --END-- [ RunTime:0.015600s ]
INFO: [ view_end ] --START--
INFO: ShowPageTrace Behavior ::run [ RunTime:0.000000s ]
INFO: [ view_end ] --END-- [ RunTime:0.000000s ]

[ 2017-09-11T09:18:37+08:00 ] 192.168.1.111 /admin.php/index/add_client.html
INFO: [ route_check ] --START--
INFO: CheckRoute Behavior ::run [ RunTime:0.000000s ]
INFO: [ route_check ] --END-- [ RunTime:0.000000s ]
INFO: [ app_begin ] --START--
INFO: ReadHtmlCache Behavior ::run [ RunTime:0.000000s ]
INFO: [ app_begin ] --END-- [ RunTime:0.000000s ]
INFO: [ view_parse ] --START--
INFO: ParseTemplate Behavior ::run [ RunTime:0.062400s ]
INFO: [ view_parse ] --END-- [ RunTime:0.062400s ]
INFO: [ view_filter ] --START--
INFO: ContentReplace Behavior ::run [ RunTime:0.000000s ]
INFO: TokenBuild Behavior ::run [ RunTime:0.000000s ]
INFO: WriteHtmlCache Behavior ::run [ RunTime:0.000000s ]
INFO: ShowRuntime Behavior ::run [ RunTime:0.000000s ]
INFO: [ view_filter ] --END-- [ RunTime:0.000000s ]
INFO: [ view_end ] --START--
INFO: ShowPageTrace Behavior ::run [ RunTime:0.000000s ]
INFO: [ view_end ] --END-- [ RunTime:0.000000s ]

[ 2017-09-11T09:18:40+08:00 ] 192.168.1.111 /admin.php/index/show_level_setting.html
INFO: [ route_check ] --START--
INFO: CheckRoute Behavior ::run [ RunTime:0.000000s ]
INFO: [ route_check ] --END-- [ RunTime:0.000000s ]
INFO: [ app_begin ] --START--
INFO: ReadHtmlCache Behavior ::run [ RunTime:0.015600s ]
INFO: [ app_begin ] --END-- [ RunTime:0.015600s ]
SQL: SHOW COLUMNS FROM `level` [ RunTime:0.000000s ]
SQL: SELECT * FROM `level`  [ RunTime:0.000000s ]
INFO: [ view_parse ] --START--
INFO: ParseTemplate Behavior ::run [ RunTime:0.015600s ]
INFO: [ view_parse ] --END-- [ RunTime:0.015600s ]
INFO: [ view_filter ] --START--
INFO: ContentReplace Behavior ::run [ RunTime:0.000000s ]
INFO: TokenBuild Behavior ::run [ RunTime:0.000000s ]
INFO: WriteHtmlCache Behavior ::run [ RunTime:0.000000s ]
INFO: ShowRuntime Behavior ::run [ RunTime:0.000000s ]
INFO: [ view_filter ] --END-- [ RunTime:0.000000s ]
INFO: [ view_end ] --START--
INFO: ShowPageTrace Behavior ::run [ RunTime:0.000000s ]
INFO: [ view_end ] --END-- [ RunTime:0.000000s ]

[ 2017-09-11T09:18:41+08:00 ] 192.168.1.111 /admin.php/staff/show.html
INFO: [ route_check ] --START--
INFO: CheckRoute Behavior ::run [ RunTime:0.000000s ]
INFO: [ route_check ] --END-- [ RunTime:0.000000s ]
INFO: [ app_begin ] --START--
INFO: ReadHtmlCache Behavior ::run [ RunTime:0.015600s ]
INFO: [ app_begin ] --END-- [ RunTime:0.015600s ]
NOTIC: [2048] Declaration of StaffAction::show() should be compatible with Action::show($content, $charset = '', $contentType = '', $prefix = '') D:\phpStudy\WWW\application\admin\Lib\Action\StaffAction.class.php 第 9 行.
NOTIC: [2048] Declaration of StaffModel::check() should be compatible with Model::check($value, $rule, $type = 'regex') D:\phpStudy\WWW\application\admin\Lib\Model\StaffModel.class.php 第 8 行.
SQL: SHOW COLUMNS FROM `staff` [ RunTime:0.000000s ]
SQL: SHOW COLUMNS FROM `staff` [ RunTime:0.000000s ]
SQL: SELECT COUNT(staff_id) AS tp_count FROM `staff` LIMIT 1   [ RunTime:0.000000s ]
SQL: SELECT * FROM `staff` LEFT JOIN role on staff.staff_role=role.role_id LIMIT 0,5   [ RunTime:0.000000s ]
SQL: SHOW COLUMNS FROM `role` [ RunTime:0.000000s ]
SQL: SELECT * FROM `role`  [ RunTime:0.000000s ]
INFO: [ view_parse ] --START--
INFO: ParseTemplate Behavior ::run [ RunTime:0.046800s ]
INFO: [ view_parse ] --END-- [ RunTime:0.046800s ]
INFO: [ view_filter ] --START--
INFO: ContentReplace Behavior ::run [ RunTime:0.000000s ]
INFO: TokenBuild Behavior ::run [ RunTime:0.000000s ]
INFO: WriteHtmlCache Behavior ::run [ RunTime:0.000000s ]
INFO: ShowRuntime Behavior ::run [ RunTime:0.000000s ]
INFO: [ view_filter ] --END-- [ RunTime:0.000000s ]
INFO: [ view_end ] --START--
INFO: ShowPageTrace Behavior ::run [ RunTime:0.000000s ]
INFO: [ view_end ] --END-- [ RunTime:0.000000s ]

[ 2017-09-11T09:18:55+08:00 ] 192.168.1.111 /admin.php/core/index.html
INFO: [ route_check ] --START--
INFO: CheckRoute Behavior ::run [ RunTime:0.000000s ]
INFO: [ route_check ] --END-- [ RunTime:0.000000s ]
INFO: [ app_begin ] --START--
INFO: ReadHtmlCache Behavior ::run [ RunTime:0.000000s ]
INFO: [ app_begin ] --END-- [ RunTime:0.000000s ]
INFO: [ view_parse ] --START--
NOTIC: [8] Undefined variable: info D:\phpStudy\WWW\application\admin\Runtime\Cache\62d4ae5ced6cb0a7e42fa18402c2369c.php 第 73 行.
INFO: ParseTemplate Behavior ::run [ RunTime:0.046800s ]
INFO: [ view_parse ] --END-- [ RunTime:0.046800s ]
INFO: [ view_filter ] --START--
INFO: ContentReplace Behavior ::run [ RunTime:0.000000s ]
INFO: TokenBuild Behavior ::run [ RunTime:0.000000s ]
INFO: WriteHtmlCache Behavior ::run [ RunTime:0.000000s ]
INFO: ShowRuntime Behavior ::run [ RunTime:0.015600s ]
INFO: [ view_filter ] --END-- [ RunTime:0.015600s ]
INFO: [ view_end ] --START--
INFO: ShowPageTrace Behavior ::run [ RunTime:0.000000s ]
INFO: [ view_end ] --END-- [ RunTime:0.000000s ]

[ 2017-09-11T10:27:40+08:00 ] 192.168.1.111 /admin.php/remit/show_buy.html
INFO: [ route_check ] --START--
INFO: CheckRoute Behavior ::run [ RunTime:0.000000s ]
INFO: [ route_check ] --END-- [ RunTime:0.000000s ]
INFO: [ app_begin ] --START--
INFO: ReadHtmlCache Behavior ::run [ RunTime:0.000000s ]
INFO: [ app_begin ] --END-- [ RunTime:0.000000s ]
SQL: SHOW COLUMNS FROM `examine` [ RunTime:0.000000s ]
SQL: SELECT * FROM `examine` WHERE ( menu_id=5 )  [ RunTime:0.000000s ]
SQL: SHOW COLUMNS FROM `remit` [ RunTime:0.000000s ]
ERR: 1146:Table 'cxhadmin.remit' doesn't exist
 [ SQL语句 ] : SHOW COLUMNS FROM `remit`
SQL: SHOW COLUMNS FROM buying as a [ RunTime:0.000000s ]
ERR: 1064:You have an error in your SQL syntax; check the manual that corresponds to your MySQL server version for the right syntax to use near 'as a' at line 1
 [ SQL语句 ] : SHOW COLUMNS FROM buying as a
SQL: SELECT COUNT(*) AS tp_count FROM buying as a LEFT JOIN user as b on a.user_id=b.id WHERE ( state_level=(1-1) ) AND ( `buy_state` <> 2 ) LIMIT 1   [ RunTime:0.000000s ]
SQL: SELECT a.*,b.userid FROM buying as a LEFT JOIN user as b on a.user_id=b.id WHERE ( state_level=(1-1) ) AND ( `buy_state` <> 2 ) LIMIT 0,5   [ RunTime:0.015600s ]
NOTIC: [2] urlencode() expects parameter 1 to be string, array given D:\phpStudy\WWW\application\admin\Lib\Action\RemitAction.class.php 第 469 行.
INFO: [ view_parse ] --START--
INFO: ParseTemplate Behavior ::run [ RunTime:0.031200s ]
INFO: [ view_parse ] --END-- [ RunTime:0.031200s ]
INFO: [ view_filter ] --START--
INFO: ContentReplace Behavior ::run [ RunTime:0.000000s ]
INFO: TokenBuild Behavior ::run [ RunTime:0.015600s ]
INFO: WriteHtmlCache Behavior ::run [ RunTime:0.000000s ]
INFO: ShowRuntime Behavior ::run [ RunTime:0.000000s ]
INFO: [ view_filter ] --END-- [ RunTime:0.015600s ]
INFO: [ view_end ] --START--
INFO: ShowPageTrace Behavior ::run [ RunTime:0.000000s ]
INFO: [ view_end ] --END-- [ RunTime:0.000000s ]

[ 2017-09-11T10:31:56+08:00 ] 192.168.1.111 /admin.php/index/index.html
INFO: [ route_check ] --START--
INFO: CheckRoute Behavior ::run [ RunTime:0.000000s ]
INFO: [ route_check ] --END-- [ RunTime:0.000000s ]
INFO: [ app_begin ] --START--
INFO: ReadHtmlCache Behavior ::run [ RunTime:0.000000s ]
INFO: [ app_begin ] --END-- [ RunTime:0.000000s ]
INFO: [ view_parse ] --START--
INFO: ParseTemplate Behavior ::run [ RunTime:0.015600s ]
INFO: [ view_parse ] --END-- [ RunTime:0.015600s ]
INFO: [ view_filter ] --START--
INFO: ContentReplace Behavior ::run [ RunTime:0.000000s ]
INFO: TokenBuild Behavior ::run [ RunTime:0.000000s ]
INFO: WriteHtmlCache Behavior ::run [ RunTime:0.000000s ]
INFO: ShowRuntime Behavior ::run [ RunTime:0.000000s ]
INFO: [ view_filter ] --END-- [ RunTime:0.000000s ]
INFO: [ view_end ] --START--
INFO: ShowPageTrace Behavior ::run [ RunTime:0.000000s ]
INFO: [ view_end ] --END-- [ RunTime:0.000000s ]

[ 2017-09-11T10:32:00+08:00 ] 192.168.1.111 /admin.php/remit/show_buy.html
INFO: [ route_check ] --START--
INFO: CheckRoute Behavior ::run [ RunTime:0.015600s ]
INFO: [ route_check ] --END-- [ RunTime:0.015600s ]
INFO: [ app_begin ] --START--
INFO: ReadHtmlCache Behavior ::run [ RunTime:0.000000s ]
INFO: [ app_begin ] --END-- [ RunTime:0.000000s ]
SQL: SHOW COLUMNS FROM `examine` [ RunTime:0.000000s ]
SQL: SELECT * FROM `examine` WHERE ( menu_id=5 )  [ RunTime:0.000000s ]
SQL: SHOW COLUMNS FROM `remit` [ RunTime:0.000000s ]
ERR: 1146:Table 'cxhadmin.remit' doesn't exist
 [ SQL语句 ] : SHOW COLUMNS FROM `remit`
SQL: SHOW COLUMNS FROM buying as a [ RunTime:0.000000s ]
ERR: 1064:You have an error in your SQL syntax; check the manual that corresponds to your MySQL server version for the right syntax to use near 'as a' at line 1
 [ SQL语句 ] : SHOW COLUMNS FROM buying as a
SQL: SELECT COUNT(*) AS tp_count FROM buying as a LEFT JOIN user as b on a.user_id=b.id WHERE ( state_level=(1-1) ) AND ( `buy_state` <> 2 ) LIMIT 1   [ RunTime:0.000000s ]
SQL: SELECT a.*,b.userid FROM buying as a LEFT JOIN user as b on a.user_id=b.id WHERE ( state_level=(1-1) ) AND ( `buy_state` <> 2 ) LIMIT 0,5   [ RunTime:0.000000s ]
NOTIC: [2] urlencode() expects parameter 1 to be string, array given D:\phpStudy\WWW\application\admin\Lib\Action\RemitAction.class.php 第 469 行.
INFO: [ view_parse ] --START--
INFO: ParseTemplate Behavior ::run [ RunTime:0.015600s ]
INFO: [ view_parse ] --END-- [ RunTime:0.015600s ]
INFO: [ view_filter ] --START--
INFO: ContentReplace Behavior ::run [ RunTime:0.000000s ]
INFO: TokenBuild Behavior ::run [ RunTime:0.015600s ]
INFO: WriteHtmlCache Behavior ::run [ RunTime:0.000000s ]
INFO: ShowRuntime Behavior ::run [ RunTime:0.000000s ]
INFO: [ view_filter ] --END-- [ RunTime:0.015600s ]
INFO: [ view_end ] --START--
INFO: ShowPageTrace Behavior ::run [ RunTime:0.000000s ]
INFO: [ view_end ] --END-- [ RunTime:0.000000s ]

[ 2017-09-11T11:17:45+08:00 ] 192.168.1.111 /admin.php/remit/show_buy.html
INFO: [ route_check ] --START--
INFO: CheckRoute Behavior ::run [ RunTime:0.000000s ]
INFO: [ route_check ] --END-- [ RunTime:0.000000s ]
INFO: [ app_begin ] --START--
INFO: ReadHtmlCache Behavior ::run [ RunTime:0.000000s ]
INFO: [ app_begin ] --END-- [ RunTime:0.000000s ]
NOTIC: [8] Undefined index: role_id D:\phpStudy\WWW\application\admin\Lib\Action\RemitAction.class.php 第 427 行.
SQL: SHOW COLUMNS FROM `examine` [ RunTime:0.000000s ]
SQL: SELECT * FROM `examine` WHERE ( menu_id=5 )  [ RunTime:0.000000s ]
SQL: SHOW COLUMNS FROM `remit` [ RunTime:0.000000s ]
ERR: 1146:Table 'cxhadmin.remit' doesn't exist
 [ SQL语句 ] : SHOW COLUMNS FROM `remit`
SQL: SHOW COLUMNS FROM buying as a [ RunTime:0.000000s ]
ERR: 1064:You have an error in your SQL syntax; check the manual that corresponds to your MySQL server version for the right syntax to use near 'as a' at line 1
 [ SQL语句 ] : SHOW COLUMNS FROM buying as a
SQL: SELECT COUNT(*) AS tp_count FROM buying as a LEFT JOIN user as b on a.user_id=b.id WHERE ( state_level=(-1) ) AND ( `buy_state` <> 2 ) LIMIT 1   [ RunTime:0.000000s ]
SQL: SELECT a.*,b.userid FROM buying as a LEFT JOIN user as b on a.user_id=b.id WHERE ( state_level=(-1) ) AND ( `buy_state` <> 2 ) LIMIT 0,5   [ RunTime:0.000000s ]
NOTIC: [2] urlencode() expects parameter 1 to be string, array given D:\phpStudy\WWW\application\admin\Lib\Action\RemitAction.class.php 第 469 行.
INFO: [ view_parse ] --START--
INFO: ParseTemplate Behavior ::run [ RunTime:0.015600s ]
INFO: [ view_parse ] --END-- [ RunTime:0.015600s ]
INFO: [ view_filter ] --START--
INFO: ContentReplace Behavior ::run [ RunTime:0.000000s ]
INFO: TokenBuild Behavior ::run [ RunTime:0.000000s ]
INFO: WriteHtmlCache Behavior ::run [ RunTime:0.000000s ]
INFO: ShowRuntime Behavior ::run [ RunTime:0.000000s ]
INFO: [ view_filter ] --END-- [ RunTime:0.000000s ]
INFO: [ view_end ] --START--
INFO: ShowPageTrace Behavior ::run [ RunTime:0.000000s ]
INFO: [ view_end ] --END-- [ RunTime:0.000000s ]

[ 2017-09-11T11:17:47+08:00 ] 192.168.1.111 /admin.php/admin/login.html
INFO: [ route_check ] --START--
INFO: CheckRoute Behavior ::run [ RunTime:0.000000s ]
INFO: [ route_check ] --END-- [ RunTime:0.000000s ]
INFO: [ app_begin ] --START--
INFO: ReadHtmlCache Behavior ::run [ RunTime:0.000000s ]
INFO: [ app_begin ] --END-- [ RunTime:0.000000s ]
INFO: [ view_parse ] --START--
NOTIC: [8] Undefined index: verify D:\phpStudy\WWW\application\admin\Runtime\Cache\26e0773d10aead9269ee1a28630267fd.php 第 35 行.
INFO: ParseTemplate Behavior ::run [ RunTime:0.015600s ]
INFO: [ view_parse ] --END-- [ RunTime:0.015600s ]
INFO: [ view_filter ] --START--
INFO: ContentReplace Behavior ::run [ RunTime:0.000000s ]
INFO: TokenBuild Behavior ::run [ RunTime:0.000000s ]
INFO: WriteHtmlCache Behavior ::run [ RunTime:0.000000s ]
INFO: ShowRuntime Behavior ::run [ RunTime:0.000000s ]
INFO: [ view_filter ] --END-- [ RunTime:0.000000s ]
INFO: [ view_end ] --START--
INFO: ShowPageTrace Behavior ::run [ RunTime:0.000000s ]
INFO: [ view_end ] --END-- [ RunTime:0.000000s ]

[ 2017-09-11T11:17:51+08:00 ] 192.168.1.111 /admin.php/admin/check_staff.html
INFO: [ route_check ] --START--
INFO: CheckRoute Behavior ::run [ RunTime:0.000000s ]
INFO: [ route_check ] --END-- [ RunTime:0.000000s ]
INFO: [ app_begin ] --START--
INFO: ReadHtmlCache Behavior ::run [ RunTime:0.000000s ]
INFO: [ app_begin ] --END-- [ RunTime:0.000000s ]
NOTIC: [2048] Declaration of StaffModel::check() should be compatible with Model::check($value, $rule, $type = 'regex') D:\phpStudy\WWW\application\admin\Lib\Model\StaffModel.class.php 第 8 行.
SQL: SHOW COLUMNS FROM `staff` [ RunTime:0.000000s ]
SQL: SHOW COLUMNS FROM `staff` [ RunTime:0.000000s ]
SQL: SELECT * FROM `staff` LEFT JOIN role on staff.staff_role=role.role_id WHERE (  staff_account='admin' and  staff_password= 'e10adc3949ba59abbe56e057f20f883e' ) LIMIT 1   [ RunTime:0.000000s ]

[ 2017-09-11T11:17:52+08:00 ] 192.168.1.111 /admin.php/index/index.html
INFO: [ route_check ] --START--
INFO: CheckRoute Behavior ::run [ RunTime:0.000000s ]
INFO: [ route_check ] --END-- [ RunTime:0.000000s ]
INFO: [ app_begin ] --START--
INFO: ReadHtmlCache Behavior ::run [ RunTime:0.000000s ]
INFO: [ app_begin ] --END-- [ RunTime:0.000000s ]
INFO: [ view_parse ] --START--
INFO: ParseTemplate Behavior ::run [ RunTime:0.015600s ]
INFO: [ view_parse ] --END-- [ RunTime:0.015600s ]
INFO: [ view_filter ] --START--
INFO: ContentReplace Behavior ::run [ RunTime:0.000000s ]
INFO: TokenBuild Behavior ::run [ RunTime:0.000000s ]
INFO: WriteHtmlCache Behavior ::run [ RunTime:0.000000s ]
INFO: ShowRuntime Behavior ::run [ RunTime:0.000000s ]
INFO: [ view_filter ] --END-- [ RunTime:0.000000s ]
INFO: [ view_end ] --START--
INFO: ShowPageTrace Behavior ::run [ RunTime:0.000000s ]
INFO: [ view_end ] --END-- [ RunTime:0.000000s ]

[ 2017-09-11T11:17:54+08:00 ] 192.168.1.111 /admin.php/remit/show_buy.html
INFO: [ route_check ] --START--
INFO: CheckRoute Behavior ::run [ RunTime:0.000000s ]
INFO: [ route_check ] --END-- [ RunTime:0.000000s ]
INFO: [ app_begin ] --START--
INFO: ReadHtmlCache Behavior ::run [ RunTime:0.000000s ]
INFO: [ app_begin ] --END-- [ RunTime:0.000000s ]
SQL: SHOW COLUMNS FROM `examine` [ RunTime:0.000000s ]
SQL: SELECT * FROM `examine` WHERE ( menu_id=5 )  [ RunTime:0.000000s ]
SQL: SHOW COLUMNS FROM `remit` [ RunTime:0.000000s ]
ERR: 1146:Table 'cxhadmin.remit' doesn't exist
 [ SQL语句 ] : SHOW COLUMNS FROM `remit`
SQL: SHOW COLUMNS FROM buying as a [ RunTime:0.000000s ]
ERR: 1064:You have an error in your SQL syntax; check the manual that corresponds to your MySQL server version for the right syntax to use near 'as a' at line 1
 [ SQL语句 ] : SHOW COLUMNS FROM buying as a
SQL: SELECT COUNT(*) AS tp_count FROM buying as a LEFT JOIN user as b on a.user_id=b.id WHERE ( state_level=(1-1) ) AND ( `buy_state` <> 2 ) LIMIT 1   [ RunTime:0.000000s ]
SQL: SELECT a.*,b.userid FROM buying as a LEFT JOIN user as b on a.user_id=b.id WHERE ( state_level=(1-1) ) AND ( `buy_state` <> 2 ) LIMIT 0,5   [ RunTime:0.015600s ]
NOTIC: [2] urlencode() expects parameter 1 to be string, array given D:\phpStudy\WWW\application\admin\Lib\Action\RemitAction.class.php 第 469 行.
INFO: [ view_parse ] --START--
INFO: ParseTemplate Behavior ::run [ RunTime:0.015600s ]
INFO: [ view_parse ] --END-- [ RunTime:0.015600s ]
INFO: [ view_filter ] --START--
INFO: ContentReplace Behavior ::run [ RunTime:0.000000s ]
INFO: TokenBuild Behavior ::run [ RunTime:0.000000s ]
INFO: WriteHtmlCache Behavior ::run [ RunTime:0.000000s ]
INFO: ShowRuntime Behavior ::run [ RunTime:0.000000s ]
INFO: [ view_filter ] --END-- [ RunTime:0.000000s ]
INFO: [ view_end ] --START--
INFO: ShowPageTrace Behavior ::run [ RunTime:0.000000s ]
INFO: [ view_end ] --END-- [ RunTime:0.000000s ]

[ 2017-09-11T11:19:26+08:00 ] 192.168.1.111 /admin.php/remit/show_buy.html?car_n=&car_m=&num=cxh20171&st=&lt=
INFO: [ route_check ] --START--
INFO: CheckRoute Behavior ::run [ RunTime:0.000000s ]
INFO: [ route_check ] --END-- [ RunTime:0.000000s ]
INFO: [ app_begin ] --START--
INFO: ReadHtmlCache Behavior ::run [ RunTime:0.000000s ]
INFO: [ app_begin ] --END-- [ RunTime:0.000000s ]
SQL: SHOW COLUMNS FROM `examine` [ RunTime:0.000000s ]
SQL: SELECT * FROM `examine` WHERE ( menu_id=5 )  [ RunTime:0.000000s ]
SQL: SHOW COLUMNS FROM `remit` [ RunTime:0.000000s ]
ERR: 1146:Table 'cxhadmin.remit' doesn't exist
 [ SQL语句 ] : SHOW COLUMNS FROM `remit`
SQL: SHOW COLUMNS FROM buying as a [ RunTime:0.000000s ]
ERR: 1064:You have an error in your SQL syntax; check the manual that corresponds to your MySQL server version for the right syntax to use near 'as a' at line 1
 [ SQL语句 ] : SHOW COLUMNS FROM buying as a
SQL: SELECT COUNT(*) AS tp_count FROM buying as a LEFT JOIN user as b on a.user_id=b.id WHERE ( state_level=(1-1) ) AND ( `user_number` LIKE '%cxh20171%' ) AND ( `buy_state` <> 2 ) LIMIT 1   [ RunTime:0.000000s ]
ERR: 1054:Unknown column 'user_number' in 'where clause'
 [ SQL语句 ] : SELECT COUNT(*) AS tp_count FROM buying as a LEFT JOIN user as b on a.user_id=b.id WHERE ( state_level=(1-1) ) AND ( `user_number` LIKE '%cxh20171%' ) AND ( `buy_state` <> 2 ) LIMIT 1  
SQL: SELECT a.*,b.userid FROM buying as a LEFT JOIN user as b on a.user_id=b.id WHERE ( state_level=(1-1) ) AND ( `user_number` LIKE '%cxh20171%' ) AND ( `buy_state` <> 2 ) LIMIT 0,5   [ RunTime:0.015600s ]
ERR: 1054:Unknown column 'user_number' in 'where clause'
 [ SQL语句 ] : SELECT a.*,b.userid FROM buying as a LEFT JOIN user as b on a.user_id=b.id WHERE ( state_level=(1-1) ) AND ( `user_number` LIKE '%cxh20171%' ) AND ( `buy_state` <> 2 ) LIMIT 0,5  
NOTIC: [2] urlencode() expects parameter 1 to be string, array given D:\phpStudy\WWW\application\admin\Lib\Action\RemitAction.class.php 第 469 行.
NOTIC: [2] urlencode() expects parameter 1 to be string, array given D:\phpStudy\WWW\application\admin\Lib\Action\RemitAction.class.php 第 469 行.
INFO: [ view_parse ] --START--
INFO: ParseTemplate Behavior ::run [ RunTime:0.015600s ]
INFO: [ view_parse ] --END-- [ RunTime:0.015600s ]
INFO: [ view_filter ] --START--
INFO: ContentReplace Behavior ::run [ RunTime:0.000000s ]
INFO: TokenBuild Behavior ::run [ RunTime:0.000000s ]
INFO: WriteHtmlCache Behavior ::run [ RunTime:0.000000s ]
INFO: ShowRuntime Behavior ::run [ RunTime:0.000000s ]
INFO: [ view_filter ] --END-- [ RunTime:0.000000s ]
INFO: [ view_end ] --START--
INFO: ShowPageTrace Behavior ::run [ RunTime:0.000000s ]
INFO: [ view_end ] --END-- [ RunTime:0.000000s ]

[ 2017-09-11T11:19:32+08:00 ] 192.168.1.111 /admin.php/remit/show_buy.html?car_n=&car_m=&num=&st=&lt=
INFO: [ route_check ] --START--
INFO: CheckRoute Behavior ::run [ RunTime:0.000000s ]
INFO: [ route_check ] --END-- [ RunTime:0.000000s ]
INFO: [ app_begin ] --START--
INFO: ReadHtmlCache Behavior ::run [ RunTime:0.000000s ]
INFO: [ app_begin ] --END-- [ RunTime:0.000000s ]
SQL: SHOW COLUMNS FROM `examine` [ RunTime:0.000000s ]
SQL: SELECT * FROM `examine` WHERE ( menu_id=5 )  [ RunTime:0.000000s ]
SQL: SHOW COLUMNS FROM `remit` [ RunTime:0.000000s ]
ERR: 1146:Table 'cxhadmin.remit' doesn't exist
 [ SQL语句 ] : SHOW COLUMNS FROM `remit`
SQL: SHOW COLUMNS FROM buying as a [ RunTime:0.000000s ]
ERR: 1064:You have an error in your SQL syntax; check the manual that corresponds to your MySQL server version for the right syntax to use near 'as a' at line 1
 [ SQL语句 ] : SHOW COLUMNS FROM buying as a
SQL: SELECT COUNT(*) AS tp_count FROM buying as a LEFT JOIN user as b on a.user_id=b.id WHERE ( state_level=(1-1) ) AND ( `buy_state` <> 2 ) LIMIT 1   [ RunTime:0.000000s ]
SQL: SELECT a.*,b.userid FROM buying as a LEFT JOIN user as b on a.user_id=b.id WHERE ( state_level=(1-1) ) AND ( `buy_state` <> 2 ) LIMIT 0,5   [ RunTime:0.000000s ]
NOTIC: [2] urlencode() expects parameter 1 to be string, array given D:\phpStudy\WWW\application\admin\Lib\Action\RemitAction.class.php 第 469 行.
INFO: [ view_parse ] --START--
INFO: ParseTemplate Behavior ::run [ RunTime:0.015600s ]
INFO: [ view_parse ] --END-- [ RunTime:0.015600s ]
INFO: [ view_filter ] --START--
INFO: ContentReplace Behavior ::run [ RunTime:0.000000s ]
INFO: TokenBuild Behavior ::run [ RunTime:0.000000s ]
INFO: WriteHtmlCache Behavior ::run [ RunTime:0.000000s ]
INFO: ShowRuntime Behavior ::run [ RunTime:0.015600s ]
INFO: [ view_filter ] --END-- [ RunTime:0.015600s ]
INFO: [ view_end ] --START--
INFO: ShowPageTrace Behavior ::run [ RunTime:0.000000s ]
INFO: [ view_end ] --END-- [ RunTime:0.000000s ]

[ 2017-09-11T11:19:40+08:00 ] 192.168.1.111 /admin.php/remit/show_buy.html?car_n=&car_m=v6&num=&st=&lt=
INFO: [ route_check ] --START--
INFO: CheckRoute Behavior ::run [ RunTime:0.000000s ]
INFO: [ route_check ] --END-- [ RunTime:0.000000s ]
INFO: [ app_begin ] --START--
INFO: ReadHtmlCache Behavior ::run [ RunTime:0.000000s ]
INFO: [ app_begin ] --END-- [ RunTime:0.000000s ]
SQL: SHOW COLUMNS FROM `examine` [ RunTime:0.000000s ]
SQL: SELECT * FROM `examine` WHERE ( menu_id=5 )  [ RunTime:0.000000s ]
SQL: SHOW COLUMNS FROM `remit` [ RunTime:0.000000s ]
ERR: 1146:Table 'cxhadmin.remit' doesn't exist
 [ SQL语句 ] : SHOW COLUMNS FROM `remit`
SQL: SHOW COLUMNS FROM buying as a [ RunTime:0.000000s ]
ERR: 1064:You have an error in your SQL syntax; check the manual that corresponds to your MySQL server version for the right syntax to use near 'as a' at line 1
 [ SQL语句 ] : SHOW COLUMNS FROM buying as a
SQL: SELECT COUNT(*) AS tp_count FROM buying as a LEFT JOIN user as b on a.user_id=b.id WHERE ( state_level=(1-1) ) AND ( `car_model` LIKE '%v6%' ) AND ( `buy_state` <> 2 ) LIMIT 1   [ RunTime:0.000000s ]
SQL: SELECT a.*,b.userid FROM buying as a LEFT JOIN user as b on a.user_id=b.id WHERE ( state_level=(1-1) ) AND ( `car_model` LIKE '%v6%' ) AND ( `buy_state` <> 2 ) LIMIT 0,5   [ RunTime:0.000000s ]
NOTIC: [2] urlencode() expects parameter 1 to be string, array given D:\phpStudy\WWW\application\admin\Lib\Action\RemitAction.class.php 第 469 行.
NOTIC: [2] urlencode() expects parameter 1 to be string, array given D:\phpStudy\WWW\application\admin\Lib\Action\RemitAction.class.php 第 469 行.
INFO: [ view_parse ] --START--
INFO: ParseTemplate Behavior ::run [ RunTime:0.015600s ]
INFO: [ view_parse ] --END-- [ RunTime:0.015600s ]
INFO: [ view_filter ] --START--
INFO: ContentReplace Behavior ::run [ RunTime:0.000000s ]
INFO: TokenBuild Behavior ::run [ RunTime:0.000000s ]
INFO: WriteHtmlCache Behavior ::run [ RunTime:0.000000s ]
INFO: ShowRuntime Behavior ::run [ RunTime:0.000000s ]
INFO: [ view_filter ] --END-- [ RunTime:0.000000s ]
INFO: [ view_end ] --START--
INFO: ShowPageTrace Behavior ::run [ RunTime:0.000000s ]
INFO: [ view_end ] --END-- [ RunTime:0.000000s ]

[ 2017-09-11T11:19:46+08:00 ] 192.168.1.111 /admin.php/remit/show_buy.html?car_n=&car_m=&num=&st=2017-09-05&lt=
INFO: [ route_check ] --START--
INFO: CheckRoute Behavior ::run [ RunTime:0.015600s ]
INFO: [ route_check ] --END-- [ RunTime:0.015600s ]
INFO: [ app_begin ] --START--
INFO: ReadHtmlCache Behavior ::run [ RunTime:0.000000s ]
INFO: [ app_begin ] --END-- [ RunTime:0.000000s ]
SQL: SHOW COLUMNS FROM `examine` [ RunTime:0.000000s ]
SQL: SELECT * FROM `examine` WHERE ( menu_id=5 )  [ RunTime:0.000000s ]
SQL: SHOW COLUMNS FROM `remit` [ RunTime:0.000000s ]
ERR: 1146:Table 'cxhadmin.remit' doesn't exist
 [ SQL语句 ] : SHOW COLUMNS FROM `remit`
SQL: SHOW COLUMNS FROM buying as a [ RunTime:0.000000s ]
ERR: 1064:You have an error in your SQL syntax; check the manual that corresponds to your MySQL server version for the right syntax to use near 'as a' at line 1
 [ SQL语句 ] : SHOW COLUMNS FROM buying as a
SQL: SELECT COUNT(*) AS tp_count FROM buying as a LEFT JOIN user as b on a.user_id=b.id WHERE ( state_level=(1-1) ) AND ( `buy_time` >= 1504540800 ) AND ( `buy_state` <> 2 ) LIMIT 1   [ RunTime:0.000000s ]
SQL: SELECT a.*,b.userid FROM buying as a LEFT JOIN user as b on a.user_id=b.id WHERE ( state_level=(1-1) ) AND ( `buy_time` >= 1504540800 ) AND ( `buy_state` <> 2 ) LIMIT 0,5   [ RunTime:0.000000s ]
NOTIC: [2] urlencode() expects parameter 1 to be string, array given D:\phpStudy\WWW\application\admin\Lib\Action\RemitAction.class.php 第 469 行.
NOTIC: [2] urlencode() expects parameter 1 to be string, array given D:\phpStudy\WWW\application\admin\Lib\Action\RemitAction.class.php 第 469 行.
INFO: [ view_parse ] --START--
INFO: ParseTemplate Behavior ::run [ RunTime:0.015600s ]
INFO: [ view_parse ] --END-- [ RunTime:0.015600s ]
INFO: [ view_filter ] --START--
INFO: ContentReplace Behavior ::run [ RunTime:0.000000s ]
INFO: TokenBuild Behavior ::run [ RunTime:0.000000s ]
INFO: WriteHtmlCache Behavior ::run [ RunTime:0.000000s ]
INFO: ShowRuntime Behavior ::run [ RunTime:0.000000s ]
INFO: [ view_filter ] --END-- [ RunTime:0.000000s ]
INFO: [ view_end ] --START--
INFO: ShowPageTrace Behavior ::run [ RunTime:0.000000s ]
INFO: [ view_end ] --END-- [ RunTime:0.000000s ]

[ 2017-09-11T11:19:52+08:00 ] 192.168.1.111 /admin.php/remit/show_buy.html?car_n=&car_m=&num=&st=&lt=2017-09-11
INFO: [ route_check ] --START--
INFO: CheckRoute Behavior ::run [ RunTime:0.000000s ]
INFO: [ route_check ] --END-- [ RunTime:0.000000s ]
INFO: [ app_begin ] --START--
INFO: ReadHtmlCache Behavior ::run [ RunTime:0.000000s ]
INFO: [ app_begin ] --END-- [ RunTime:0.000000s ]
SQL: SHOW COLUMNS FROM `examine` [ RunTime:0.000000s ]
SQL: SELECT * FROM `examine` WHERE ( menu_id=5 )  [ RunTime:0.000000s ]
SQL: SHOW COLUMNS FROM `remit` [ RunTime:0.000000s ]
ERR: 1146:Table 'cxhadmin.remit' doesn't exist
 [ SQL语句 ] : SHOW COLUMNS FROM `remit`
SQL: SHOW COLUMNS FROM buying as a [ RunTime:0.000000s ]
ERR: 1064:You have an error in your SQL syntax; check the manual that corresponds to your MySQL server version for the right syntax to use near 'as a' at line 1
 [ SQL语句 ] : SHOW COLUMNS FROM buying as a
SQL: SELECT COUNT(*) AS tp_count FROM buying as a LEFT JOIN user as b on a.user_id=b.id WHERE ( state_level=(1-1) ) AND ( `buy_time` <= 1505059200 ) AND ( `buy_state` <> 2 ) LIMIT 1   [ RunTime:0.000000s ]
SQL: SELECT a.*,b.userid FROM buying as a LEFT JOIN user as b on a.user_id=b.id WHERE ( state_level=(1-1) ) AND ( `buy_time` <= 1505059200 ) AND ( `buy_state` <> 2 ) LIMIT 0,5   [ RunTime:0.000000s ]
NOTIC: [2] urlencode() expects parameter 1 to be string, array given D:\phpStudy\WWW\application\admin\Lib\Action\RemitAction.class.php 第 469 行.
NOTIC: [2] urlencode() expects parameter 1 to be string, array given D:\phpStudy\WWW\application\admin\Lib\Action\RemitAction.class.php 第 469 行.
INFO: [ view_parse ] --START--
INFO: ParseTemplate Behavior ::run [ RunTime:0.015600s ]
INFO: [ view_parse ] --END-- [ RunTime:0.015600s ]
INFO: [ view_filter ] --START--
INFO: ContentReplace Behavior ::run [ RunTime:0.000000s ]
INFO: TokenBuild Behavior ::run [ RunTime:0.000000s ]
INFO: WriteHtmlCache Behavior ::run [ RunTime:0.000000s ]
INFO: ShowRuntime Behavior ::run [ RunTime:0.000000s ]
INFO: [ view_filter ] --END-- [ RunTime:0.000000s ]
INFO: [ view_end ] --START--
INFO: ShowPageTrace Behavior ::run [ RunTime:0.015600s ]
INFO: [ view_end ] --END-- [ RunTime:0.015600s ]

[ 2017-09-11T11:20:00+08:00 ] 192.168.1.111 /admin.php/remit/show_buy.html
INFO: [ route_check ] --START--
INFO: CheckRoute Behavior ::run [ RunTime:0.000000s ]
INFO: [ route_check ] --END-- [ RunTime:0.000000s ]
INFO: [ app_begin ] --START--
INFO: ReadHtmlCache Behavior ::run [ RunTime:0.000000s ]
INFO: [ app_begin ] --END-- [ RunTime:0.000000s ]
SQL: SHOW COLUMNS FROM `examine` [ RunTime:0.000000s ]
SQL: SELECT * FROM `examine` WHERE ( menu_id=5 )  [ RunTime:0.000000s ]
SQL: SHOW COLUMNS FROM `remit` [ RunTime:0.000000s ]
ERR: 1146:Table 'cxhadmin.remit' doesn't exist
 [ SQL语句 ] : SHOW COLUMNS FROM `remit`
SQL: SHOW COLUMNS FROM buying as a [ RunTime:0.000000s ]
ERR: 1064:You have an error in your SQL syntax; check the manual that corresponds to your MySQL server version for the right syntax to use near 'as a' at line 1
 [ SQL语句 ] : SHOW COLUMNS FROM buying as a
SQL: SELECT COUNT(*) AS tp_count FROM buying as a LEFT JOIN user as b on a.user_id=b.id WHERE ( state_level=(1-1) ) AND ( `buy_state` <> 2 ) LIMIT 1   [ RunTime:0.000000s ]
SQL: SELECT a.*,b.userid FROM buying as a LEFT JOIN user as b on a.user_id=b.id WHERE ( state_level=(1-1) ) AND ( `buy_state` <> 2 ) LIMIT 0,5   [ RunTime:0.000000s ]
NOTIC: [2] urlencode() expects parameter 1 to be string, array given D:\phpStudy\WWW\application\admin\Lib\Action\RemitAction.class.php 第 469 行.
INFO: [ view_parse ] --START--
INFO: ParseTemplate Behavior ::run [ RunTime:0.015600s ]
INFO: [ view_parse ] --END-- [ RunTime:0.015600s ]
INFO: [ view_filter ] --START--
INFO: ContentReplace Behavior ::run [ RunTime:0.015600s ]
INFO: TokenBuild Behavior ::run [ RunTime:0.000000s ]
INFO: WriteHtmlCache Behavior ::run [ RunTime:0.000000s ]
INFO: ShowRuntime Behavior ::run [ RunTime:0.000000s ]
INFO: [ view_filter ] --END-- [ RunTime:0.015600s ]
INFO: [ view_end ] --START--
INFO: ShowPageTrace Behavior ::run [ RunTime:0.000000s ]
INFO: [ view_end ] --END-- [ RunTime:0.000000s ]

[ 2017-09-11T11:29:06+08:00 ] 192.168.1.111 /admin.php/remit/show_buy.html
INFO: [ route_check ] --START--
INFO: CheckRoute Behavior ::run [ RunTime:0.000000s ]
INFO: [ route_check ] --END-- [ RunTime:0.000000s ]
INFO: [ app_begin ] --START--
INFO: ReadHtmlCache Behavior ::run [ RunTime:0.000000s ]
INFO: [ app_begin ] --END-- [ RunTime:0.000000s ]
SQL: SHOW COLUMNS FROM `examine` [ RunTime:0.000000s ]
SQL: SELECT * FROM `examine` WHERE ( menu_id=5 )  [ RunTime:0.000000s ]
SQL: SHOW COLUMNS FROM `remit` [ RunTime:0.000000s ]
ERR: 1146:Table 'cxhadmin.remit' doesn't exist
 [ SQL语句 ] : SHOW COLUMNS FROM `remit`
SQL: SHOW COLUMNS FROM buying as a [ RunTime:0.000000s ]
ERR: 1064:You have an error in your SQL syntax; check the manual that corresponds to your MySQL server version for the right syntax to use near 'as a' at line 1
 [ SQL语句 ] : SHOW COLUMNS FROM buying as a
SQL: SELECT COUNT(*) AS tp_count FROM buying as a LEFT JOIN user as b on a.user_id=b.id WHERE ( state_level=(1-1) ) AND ( `buy_state` <> 2 ) LIMIT 1   [ RunTime:0.000000s ]
SQL: SELECT a.*,b.userid FROM buying as a LEFT JOIN user as b on a.user_id=b.id WHERE ( state_level=(1-1) ) AND ( `buy_state` <> 2 ) LIMIT 0,5   [ RunTime:0.000000s ]
NOTIC: [2] urlencode() expects parameter 1 to be string, array given D:\phpStudy\WWW\application\admin\Lib\Action\RemitAction.class.php 第 468 行.
INFO: [ view_parse ] --START--
INFO: ParseTemplate Behavior ::run [ RunTime:0.015600s ]
INFO: [ view_parse ] --END-- [ RunTime:0.015600s ]
INFO: [ view_filter ] --START--
INFO: ContentReplace Behavior ::run [ RunTime:0.000000s ]
INFO: TokenBuild Behavior ::run [ RunTime:0.000000s ]
INFO: WriteHtmlCache Behavior ::run [ RunTime:0.000000s ]
INFO: ShowRuntime Behavior ::run [ RunTime:0.015600s ]
INFO: [ view_filter ] --END-- [ RunTime:0.015600s ]
INFO: [ view_end ] --START--
INFO: ShowPageTrace Behavior ::run [ RunTime:0.000000s ]
INFO: [ view_end ] --END-- [ RunTime:0.000000s ]

[ 2017-09-11T11:29:11+08:00 ] 192.168.1.111 /admin.php/remit/show_buy.html?car_n=&car_m=&num=99&st=&lt=
INFO: [ route_check ] --START--
INFO: CheckRoute Behavior ::run [ RunTime:0.000000s ]
INFO: [ route_check ] --END-- [ RunTime:0.000000s ]
INFO: [ app_begin ] --START--
INFO: ReadHtmlCache Behavior ::run [ RunTime:0.000000s ]
INFO: [ app_begin ] --END-- [ RunTime:0.000000s ]
SQL: SHOW COLUMNS FROM `examine` [ RunTime:0.000000s ]
SQL: SELECT * FROM `examine` WHERE ( menu_id=5 )  [ RunTime:0.000000s ]
SQL: SHOW COLUMNS FROM `remit` [ RunTime:0.000000s ]
ERR: 1146:Table 'cxhadmin.remit' doesn't exist
 [ SQL语句 ] : SHOW COLUMNS FROM `remit`
SQL: SHOW COLUMNS FROM buying as a [ RunTime:0.000000s ]
ERR: 1064:You have an error in your SQL syntax; check the manual that corresponds to your MySQL server version for the right syntax to use near 'as a' at line 1
 [ SQL语句 ] : SHOW COLUMNS FROM buying as a
SQL: SELECT COUNT(*) AS tp_count FROM buying as a LEFT JOIN user as b on a.user_id=b.id WHERE ( state_level=(1-1) ) AND ( `userid` LIKE '%99%' ) AND ( `buy_state` <> 2 ) LIMIT 1   [ RunTime:0.000000s ]
SQL: SELECT a.*,b.userid FROM buying as a LEFT JOIN user as b on a.user_id=b.id WHERE ( state_level=(1-1) ) AND ( `userid` LIKE '%99%' ) AND ( `buy_state` <> 2 ) LIMIT 0,5   [ RunTime:0.000000s ]
NOTIC: [2] urlencode() expects parameter 1 to be string, array given D:\phpStudy\WWW\application\admin\Lib\Action\RemitAction.class.php 第 468 行.
NOTIC: [2] urlencode() expects parameter 1 to be string, array given D:\phpStudy\WWW\application\admin\Lib\Action\RemitAction.class.php 第 468 行.
INFO: [ view_parse ] --START--
INFO: ParseTemplate Behavior ::run [ RunTime:0.015600s ]
INFO: [ view_parse ] --END-- [ RunTime:0.015600s ]
INFO: [ view_filter ] --START--
INFO: ContentReplace Behavior ::run [ RunTime:0.000000s ]
INFO: TokenBuild Behavior ::run [ RunTime:0.000000s ]
INFO: WriteHtmlCache Behavior ::run [ RunTime:0.000000s ]
INFO: ShowRuntime Behavior ::run [ RunTime:0.000000s ]
INFO: [ view_filter ] --END-- [ RunTime:0.000000s ]
INFO: [ view_end ] --START--
INFO: ShowPageTrace Behavior ::run [ RunTime:0.000000s ]
INFO: [ view_end ] --END-- [ RunTime:0.000000s ]

[ 2017-09-11T11:29:16+08:00 ] 192.168.1.111 /admin.php/remit/show_buy.html?car_n=&car_m=&num=&st=&lt=
INFO: [ route_check ] --START--
INFO: CheckRoute Behavior ::run [ RunTime:0.000000s ]
INFO: [ route_check ] --END-- [ RunTime:0.000000s ]
INFO: [ app_begin ] --START--
INFO: ReadHtmlCache Behavior ::run [ RunTime:0.000000s ]
INFO: [ app_begin ] --END-- [ RunTime:0.000000s ]
SQL: SHOW COLUMNS FROM `examine` [ RunTime:0.000000s ]
SQL: SELECT * FROM `examine` WHERE ( menu_id=5 )  [ RunTime:0.000000s ]
SQL: SHOW COLUMNS FROM `remit` [ RunTime:0.000000s ]
ERR: 1146:Table 'cxhadmin.remit' doesn't exist
 [ SQL语句 ] : SHOW COLUMNS FROM `remit`
SQL: SHOW COLUMNS FROM buying as a [ RunTime:0.000000s ]
ERR: 1064:You have an error in your SQL syntax; check the manual that corresponds to your MySQL server version for the right syntax to use near 'as a' at line 1
 [ SQL语句 ] : SHOW COLUMNS FROM buying as a
SQL: SELECT COUNT(*) AS tp_count FROM buying as a LEFT JOIN user as b on a.user_id=b.id WHERE ( state_level=(1-1) ) AND ( `buy_state` <> 2 ) LIMIT 1   [ RunTime:0.000000s ]
SQL: SELECT a.*,b.userid FROM buying as a LEFT JOIN user as b on a.user_id=b.id WHERE ( state_level=(1-1) ) AND ( `buy_state` <> 2 ) LIMIT 0,5   [ RunTime:0.000000s ]
NOTIC: [2] urlencode() expects parameter 1 to be string, array given D:\phpStudy\WWW\application\admin\Lib\Action\RemitAction.class.php 第 468 行.
INFO: [ view_parse ] --START--
INFO: ParseTemplate Behavior ::run [ RunTime:0.015600s ]
INFO: [ view_parse ] --END-- [ RunTime:0.015600s ]
INFO: [ view_filter ] --START--
INFO: ContentReplace Behavior ::run [ RunTime:0.000000s ]
INFO: TokenBuild Behavior ::run [ RunTime:0.000000s ]
INFO: WriteHtmlCache Behavior ::run [ RunTime:0.000000s ]
INFO: ShowRuntime Behavior ::run [ RunTime:0.000000s ]
INFO: [ view_filter ] --END-- [ RunTime:0.000000s ]
INFO: [ view_end ] --START--
INFO: ShowPageTrace Behavior ::run [ RunTime:0.000000s ]
INFO: [ view_end ] --END-- [ RunTime:0.000000s ]

[ 2017-09-11T14:49:16+08:00 ] 192.168.1.111 /admin.php/index/add_client.html
INFO: [ route_check ] --START--
INFO: CheckRoute Behavior ::run [ RunTime:0.000000s ]
INFO: [ route_check ] --END-- [ RunTime:0.000000s ]
INFO: [ app_begin ] --START--
INFO: ReadHtmlCache Behavior ::run [ RunTime:0.000000s ]
INFO: [ app_begin ] --END-- [ RunTime:0.000000s ]
INFO: [ view_parse ] --START--
INFO: ParseTemplate Behavior ::run [ RunTime:0.015600s ]
INFO: [ view_parse ] --END-- [ RunTime:0.015600s ]
INFO: [ view_filter ] --START--
INFO: ContentReplace Behavior ::run [ RunTime:0.000000s ]
INFO: TokenBuild Behavior ::run [ RunTime:0.000000s ]
INFO: WriteHtmlCache Behavior ::run [ RunTime:0.000000s ]
INFO: ShowRuntime Behavior ::run [ RunTime:0.000000s ]
INFO: [ view_filter ] --END-- [ RunTime:0.000000s ]
INFO: [ view_end ] --START--
INFO: ShowPageTrace Behavior ::run [ RunTime:0.000000s ]
INFO: [ view_end ] --END-- [ RunTime:0.000000s ]

[ 2017-09-11T17:33:39+08:00 ] 192.168.1.111 /admin.php/remit/show_agent.html
INFO: [ route_check ] --START--
INFO: CheckRoute Behavior ::run [ RunTime:0.000000s ]
INFO: [ route_check ] --END-- [ RunTime:0.000000s ]
INFO: [ app_begin ] --START--
INFO: ReadHtmlCache Behavior ::run [ RunTime:0.000000s ]
INFO: [ app_begin ] --END-- [ RunTime:0.000000s ]
SQL: SHOW COLUMNS FROM `examine` [ RunTime:0.000000s ]
SQL: SELECT * FROM `examine` WHERE ( menu_id=3 )  [ RunTime:0.000000s ]
SQL: SHOW COLUMNS FROM `remit` [ RunTime:0.000000s ]
ERR: 1146:Table 'cxhadmin.remit' doesn't exist
 [ SQL语句 ] : SHOW COLUMNS FROM `remit`
SQL: SHOW COLUMNS FROM agent as a [ RunTime:0.000000s ]
ERR: 1064:You have an error in your SQL syntax; check the manual that corresponds to your MySQL server version for the right syntax to use near 'as a' at line 1
 [ SQL语句 ] : SHOW COLUMNS FROM agent as a
SQL: SELECT COUNT(*) AS tp_count FROM agent as a WHERE ( state_level=(2-1) ) AND ( `agent_state` <> 2 ) LIMIT 1   [ RunTime:0.000000s ]
SQL: SELECT * FROM agent as a WHERE ( state_level=(2-1) ) AND ( `agent_state` <> 2 ) LIMIT 0,5   [ RunTime:0.000000s ]
NOTIC: [2] Invalid argument supplied for foreach() D:\phpStudy\WWW\application\admin\Lib\Model\RemitModel.class.php 第 63 行.
NOTIC: [2] urlencode() expects parameter 1 to be string, array given D:\phpStudy\WWW\application\admin\Lib\Action\RemitAction.class.php 第 223 行.
INFO: [ view_parse ] --START--
INFO: ParseTemplate Behavior ::run [ RunTime:0.046800s ]
INFO: [ view_parse ] --END-- [ RunTime:0.046800s ]
INFO: [ view_filter ] --START--
INFO: ContentReplace Behavior ::run [ RunTime:0.000000s ]
INFO: TokenBuild Behavior ::run [ RunTime:0.000000s ]
INFO: WriteHtmlCache Behavior ::run [ RunTime:0.000000s ]
INFO: ShowRuntime Behavior ::run [ RunTime:0.000000s ]
INFO: [ view_filter ] --END-- [ RunTime:0.000000s ]
INFO: [ view_end ] --START--
INFO: ShowPageTrace Behavior ::run [ RunTime:0.000000s ]
INFO: [ view_end ] --END-- [ RunTime:0.000000s ]

[ 2017-09-11T17:33:40+08:00 ] 192.168.1.111 /admin.php/remit/show_buy.html
INFO: [ route_check ] --START--
INFO: CheckRoute Behavior ::run [ RunTime:0.000000s ]
INFO: [ route_check ] --END-- [ RunTime:0.000000s ]
INFO: [ app_begin ] --START--
INFO: ReadHtmlCache Behavior ::run [ RunTime:0.000000s ]
INFO: [ app_begin ] --END-- [ RunTime:0.000000s ]
SQL: SHOW COLUMNS FROM `examine` [ RunTime:0.000000s ]
SQL: SELECT * FROM `examine` WHERE ( menu_id=5 )  [ RunTime:0.000000s ]
SQL: SHOW COLUMNS FROM `remit` [ RunTime:0.000000s ]
ERR: 1146:Table 'cxhadmin.remit' doesn't exist
 [ SQL语句 ] : SHOW COLUMNS FROM `remit`
SQL: SHOW COLUMNS FROM buying as a [ RunTime:0.000000s ]
ERR: 1064:You have an error in your SQL syntax; check the manual that corresponds to your MySQL server version for the right syntax to use near 'as a' at line 1
 [ SQL语句 ] : SHOW COLUMNS FROM buying as a
SQL: SELECT COUNT(*) AS tp_count FROM buying as a LEFT JOIN user as b on a.user_id=b.id WHERE ( state_level=(1-1) ) AND ( `buy_state` <> 2 ) LIMIT 1   [ RunTime:0.000000s ]
SQL: SELECT a.*,b.userid FROM buying as a LEFT JOIN user as b on a.user_id=b.id WHERE ( state_level=(1-1) ) AND ( `buy_state` <> 2 ) LIMIT 0,5   [ RunTime:0.000000s ]
NOTIC: [2] urlencode() expects parameter 1 to be string, array given D:\phpStudy\WWW\application\admin\Lib\Action\RemitAction.class.php 第 468 行.
INFO: [ view_parse ] --START--
INFO: ParseTemplate Behavior ::run [ RunTime:0.015600s ]
INFO: [ view_parse ] --END-- [ RunTime:0.015600s ]
INFO: [ view_filter ] --START--
INFO: ContentReplace Behavior ::run [ RunTime:0.000000s ]
INFO: TokenBuild Behavior ::run [ RunTime:0.000000s ]
INFO: WriteHtmlCache Behavior ::run [ RunTime:0.000000s ]
INFO: ShowRuntime Behavior ::run [ RunTime:0.000000s ]
INFO: [ view_filter ] --END-- [ RunTime:0.000000s ]
INFO: [ view_end ] --START--
INFO: ShowPageTrace Behavior ::run [ RunTime:0.000000s ]
INFO: [ view_end ] --END-- [ RunTime:0.000000s ]

[ 2017-09-11T17:34:01+08:00 ] 192.168.1.111 /admin.php/remit/show_agent.html
INFO: [ route_check ] --START--
INFO: CheckRoute Behavior ::run [ RunTime:0.000000s ]
INFO: [ route_check ] --END-- [ RunTime:0.000000s ]
INFO: [ app_begin ] --START--
INFO: ReadHtmlCache Behavior ::run [ RunTime:0.000000s ]
INFO: [ app_begin ] --END-- [ RunTime:0.000000s ]
SQL: SHOW COLUMNS FROM `examine` [ RunTime:0.000000s ]
SQL: SELECT * FROM `examine` WHERE ( menu_id=3 )  [ RunTime:0.000000s ]
SQL: SHOW COLUMNS FROM `remit` [ RunTime:0.000000s ]
ERR: 1146:Table 'cxhadmin.remit' doesn't exist
 [ SQL语句 ] : SHOW COLUMNS FROM `remit`
SQL: SHOW COLUMNS FROM agent as a [ RunTime:0.000000s ]
ERR: 1064:You have an error in your SQL syntax; check the manual that corresponds to your MySQL server version for the right syntax to use near 'as a' at line 1
 [ SQL语句 ] : SHOW COLUMNS FROM agent as a
SQL: SELECT COUNT(*) AS tp_count FROM agent as a WHERE ( state_level=(2-1) ) AND ( `agent_state` <> 2 ) LIMIT 1   [ RunTime:0.000000s ]
SQL: SELECT * FROM agent as a WHERE ( state_level=(2-1) ) AND ( `agent_state` <> 2 ) LIMIT 0,5   [ RunTime:0.000000s ]
NOTIC: [2] Invalid argument supplied for foreach() D:\phpStudy\WWW\application\admin\Lib\Model\RemitModel.class.php 第 63 行.
NOTIC: [2] urlencode() expects parameter 1 to be string, array given D:\phpStudy\WWW\application\admin\Lib\Action\RemitAction.class.php 第 223 行.
INFO: [ view_parse ] --START--
INFO: ParseTemplate Behavior ::run [ RunTime:0.031200s ]
INFO: [ view_parse ] --END-- [ RunTime:0.031200s ]
INFO: [ view_filter ] --START--
INFO: ContentReplace Behavior ::run [ RunTime:0.000000s ]
INFO: TokenBuild Behavior ::run [ RunTime:0.000000s ]
INFO: WriteHtmlCache Behavior ::run [ RunTime:0.000000s ]
INFO: ShowRuntime Behavior ::run [ RunTime:0.000000s ]
INFO: [ view_filter ] --END-- [ RunTime:0.000000s ]
INFO: [ view_end ] --START--
INFO: ShowPageTrace Behavior ::run [ RunTime:0.000000s ]
INFO: [ view_end ] --END-- [ RunTime:0.000000s ]

[ 2017-09-11T17:34:02+08:00 ] 192.168.1.111 /admin.php/remit/show_service.html
INFO: [ route_check ] --START--
INFO: CheckRoute Behavior ::run [ RunTime:0.015600s ]
INFO: [ route_check ] --END-- [ RunTime:0.015600s ]
INFO: [ app_begin ] --START--
INFO: ReadHtmlCache Behavior ::run [ RunTime:0.000000s ]
INFO: [ app_begin ] --END-- [ RunTime:0.000000s ]
SQL: SHOW COLUMNS FROM `examine` [ RunTime:0.000000s ]
SQL: SELECT * FROM `examine` WHERE ( menu_id=4 )  [ RunTime:0.000000s ]
SQL: SHOW COLUMNS FROM `remit` [ RunTime:0.000000s ]
ERR: 1146:Table 'cxhadmin.remit' doesn't exist
 [ SQL语句 ] : SHOW COLUMNS FROM `remit`
SQL: SHOW COLUMNS FROM `service` [ RunTime:0.000000s ]
SQL: SELECT COUNT(*) AS tp_count FROM `service` WHERE ( state_level=(1-1) ) AND ( `service_state` <> 2 ) LIMIT 1   [ RunTime:0.000000s ]
SQL: SHOW COLUMNS FROM service a [ RunTime:0.000000s ]
ERR: 1064:You have an error in your SQL syntax; check the manual that corresponds to your MySQL server version for the right syntax to use near 'a' at line 1
 [ SQL语句 ] : SHOW COLUMNS FROM service a
SQL: SELECT a.*,c.perf FROM service a LEFT JOIN agent b on a.user_id=b.user_id LEFT JOIN user c on b.new_id=c.id WHERE ( a.state_level=(1-1) and b.agent_state=1 ) AND ( `service_state` <> 2 ) LIMIT 0,5   [ RunTime:0.000000s ]
NOTIC: [2] Invalid argument supplied for foreach() D:\phpStudy\WWW\application\admin\Lib\Model\RemitModel.class.php 第 92 行.
NOTIC: [2] urlencode() expects parameter 1 to be string, array given D:\phpStudy\WWW\application\admin\Lib\Action\RemitAction.class.php 第 358 行.
INFO: [ view_parse ] --START--
INFO: ParseTemplate Behavior ::run [ RunTime:0.031200s ]
INFO: [ view_parse ] --END-- [ RunTime:0.031200s ]
INFO: [ view_filter ] --START--
INFO: ContentReplace Behavior ::run [ RunTime:0.000000s ]
INFO: TokenBuild Behavior ::run [ RunTime:0.000000s ]
INFO: WriteHtmlCache Behavior ::run [ RunTime:0.000000s ]
INFO: ShowRuntime Behavior ::run [ RunTime:0.000000s ]
INFO: [ view_filter ] --END-- [ RunTime:0.000000s ]
INFO: [ view_end ] --START--
INFO: ShowPageTrace Behavior ::run [ RunTime:0.000000s ]
INFO: [ view_end ] --END-- [ RunTime:0.000000s ]

[ 2017-09-11T17:34:03+08:00 ] 192.168.1.111 /admin.php/remit/show_agent.html
INFO: [ route_check ] --START--
INFO: CheckRoute Behavior ::run [ RunTime:0.000000s ]
INFO: [ route_check ] --END-- [ RunTime:0.000000s ]
INFO: [ app_begin ] --START--
INFO: ReadHtmlCache Behavior ::run [ RunTime:0.000000s ]
INFO: [ app_begin ] --END-- [ RunTime:0.000000s ]
SQL: SHOW COLUMNS FROM `examine` [ RunTime:0.000000s ]
SQL: SELECT * FROM `examine` WHERE ( menu_id=3 )  [ RunTime:0.000000s ]
SQL: SHOW COLUMNS FROM `remit` [ RunTime:0.000000s ]
ERR: 1146:Table 'cxhadmin.remit' doesn't exist
 [ SQL语句 ] : SHOW COLUMNS FROM `remit`
SQL: SHOW COLUMNS FROM agent as a [ RunTime:0.000000s ]
ERR: 1064:You have an error in your SQL syntax; check the manual that corresponds to your MySQL server version for the right syntax to use near 'as a' at line 1
 [ SQL语句 ] : SHOW COLUMNS FROM agent as a
SQL: SELECT COUNT(*) AS tp_count FROM agent as a WHERE ( state_level=(2-1) ) AND ( `agent_state` <> 2 ) LIMIT 1   [ RunTime:0.000000s ]
SQL: SELECT * FROM agent as a WHERE ( state_level=(2-1) ) AND ( `agent_state` <> 2 ) LIMIT 0,5   [ RunTime:0.000000s ]
NOTIC: [2] Invalid argument supplied for foreach() D:\phpStudy\WWW\application\admin\Lib\Model\RemitModel.class.php 第 63 行.
NOTIC: [2] urlencode() expects parameter 1 to be string, array given D:\phpStudy\WWW\application\admin\Lib\Action\RemitAction.class.php 第 223 行.
INFO: [ view_parse ] --START--
INFO: ParseTemplate Behavior ::run [ RunTime:0.031200s ]
INFO: [ view_parse ] --END-- [ RunTime:0.031200s ]
INFO: [ view_filter ] --START--
INFO: ContentReplace Behavior ::run [ RunTime:0.000000s ]
INFO: TokenBuild Behavior ::run [ RunTime:0.000000s ]
INFO: WriteHtmlCache Behavior ::run [ RunTime:0.000000s ]
INFO: ShowRuntime Behavior ::run [ RunTime:0.000000s ]
INFO: [ view_filter ] --END-- [ RunTime:0.000000s ]
INFO: [ view_end ] --START--
INFO: ShowPageTrace Behavior ::run [ RunTime:0.000000s ]
INFO: [ view_end ] --END-- [ RunTime:0.000000s ]

[ 2017-09-11T17:34:03+08:00 ] 192.168.1.111 /admin.php/remit/show_tx.html
INFO: [ route_check ] --START--
INFO: CheckRoute Behavior ::run [ RunTime:0.000000s ]
INFO: [ route_check ] --END-- [ RunTime:0.000000s ]
INFO: [ app_begin ] --START--
INFO: ReadHtmlCache Behavior ::run [ RunTime:0.000000s ]
INFO: [ app_begin ] --END-- [ RunTime:0.000000s ]
SQL: SHOW COLUMNS FROM `examine` [ RunTime:0.000000s ]
SQL: SELECT * FROM `examine` WHERE ( menu_id=2 )  [ RunTime:0.000000s ]
SQL: SHOW COLUMNS FROM `remit` [ RunTime:0.000000s ]
ERR: 1146:Table 'cxhadmin.remit' doesn't exist
 [ SQL语句 ] : SHOW COLUMNS FROM `remit`
SQL: SHOW COLUMNS FROM withdraw as a [ RunTime:0.000000s ]
ERR: 1064:You have an error in your SQL syntax; check the manual that corresponds to your MySQL server version for the right syntax to use near 'as a' at line 1
 [ SQL语句 ] : SHOW COLUMNS FROM withdraw as a
SQL: SELECT COUNT(*) AS tp_count FROM withdraw as a WHERE ( state_level=(-1) ) AND ( `withdraw_state` <> 2 ) LIMIT 1   [ RunTime:0.000000s ]
SQL: SELECT * FROM withdraw as a WHERE ( state_level=(-1) ) AND ( `withdraw_state` <> 2 ) LIMIT 0,5   [ RunTime:0.000000s ]
NOTIC: [2] urlencode() expects parameter 1 to be string, array given D:\phpStudy\WWW\application\admin\Lib\Action\RemitAction.class.php 第 137 行.
INFO: [ view_parse ] --START--
INFO: ParseTemplate Behavior ::run [ RunTime:0.031200s ]
INFO: [ view_parse ] --END-- [ RunTime:0.031200s ]
INFO: [ view_filter ] --START--
INFO: ContentReplace Behavior ::run [ RunTime:0.000000s ]
INFO: TokenBuild Behavior ::run [ RunTime:0.000000s ]
INFO: WriteHtmlCache Behavior ::run [ RunTime:0.000000s ]
INFO: ShowRuntime Behavior ::run [ RunTime:0.000000s ]
INFO: [ view_filter ] --END-- [ RunTime:0.000000s ]
INFO: [ view_end ] --START--
INFO: ShowPageTrace Behavior ::run [ RunTime:0.000000s ]
INFO: [ view_end ] --END-- [ RunTime:0.000000s ]

[ 2017-09-11T17:34:04+08:00 ] 192.168.1.111 /admin.php/remit/show_remit.html
INFO: [ route_check ] --START--
INFO: CheckRoute Behavior ::run [ RunTime:0.000000s ]
INFO: [ route_check ] --END-- [ RunTime:0.000000s ]
INFO: [ app_begin ] --START--
INFO: ReadHtmlCache Behavior ::run [ RunTime:0.000000s ]
INFO: [ app_begin ] --END-- [ RunTime:0.000000s ]
SQL: SHOW COLUMNS FROM `examine` [ RunTime:0.000000s ]
SQL: SELECT * FROM `examine` WHERE ( menu_id=1 )  [ RunTime:0.000000s ]
SQL: SHOW COLUMNS FROM `remit` [ RunTime:0.000000s ]
ERR: 1146:Table 'cxhadmin.remit' doesn't exist
 [ SQL语句 ] : SHOW COLUMNS FROM `remit`
SQL: SHOW COLUMNS FROM remittance as a [ RunTime:0.000000s ]
ERR: 1064:You have an error in your SQL syntax; check the manual that corresponds to your MySQL server version for the right syntax to use near 'as a' at line 1
 [ SQL语句 ] : SHOW COLUMNS FROM remittance as a
SQL: SELECT COUNT(*) AS tp_count FROM remittance as a LEFT JOIN bank on a.bank_id=bank.bank_id WHERE ( state_level=(-1) ) AND ( `remit_state` <> 2 ) LIMIT 1   [ RunTime:0.000000s ]
SQL: SELECT a.*,bank.*,user.userid FROM remittance as a LEFT JOIN bank on a.bank_id=bank.bank_id LEFT JOIN user on a.user_id=user.id WHERE ( state_level=(-1) ) AND ( `remit_state` <> 2 ) LIMIT 0,5   [ RunTime:0.000000s ]
NOTIC: [2] urlencode() expects parameter 1 to be string, array given D:\phpStudy\WWW\application\admin\Lib\Action\RemitAction.class.php 第 54 行.
INFO: [ view_parse ] --START--
INFO: ParseTemplate Behavior ::run [ RunTime:0.015600s ]
INFO: [ view_parse ] --END-- [ RunTime:0.015600s ]
INFO: [ view_filter ] --START--
INFO: ContentReplace Behavior ::run [ RunTime:0.000000s ]
INFO: TokenBuild Behavior ::run [ RunTime:0.015600s ]
INFO: WriteHtmlCache Behavior ::run [ RunTime:0.000000s ]
INFO: ShowRuntime Behavior ::run [ RunTime:0.000000s ]
INFO: [ view_filter ] --END-- [ RunTime:0.015600s ]
INFO: [ view_end ] --START--
INFO: ShowPageTrace Behavior ::run [ RunTime:0.000000s ]
INFO: [ view_end ] --END-- [ RunTime:0.000000s ]

[ 2017-09-11T17:34:07+08:00 ] 192.168.1.111 /admin.php/remit/show_agent.html
INFO: [ route_check ] --START--
INFO: CheckRoute Behavior ::run [ RunTime:0.000000s ]
INFO: [ route_check ] --END-- [ RunTime:0.000000s ]
INFO: [ app_begin ] --START--
INFO: ReadHtmlCache Behavior ::run [ RunTime:0.000000s ]
INFO: [ app_begin ] --END-- [ RunTime:0.000000s ]
SQL: SHOW COLUMNS FROM `examine` [ RunTime:0.000000s ]
SQL: SELECT * FROM `examine` WHERE ( menu_id=3 )  [ RunTime:0.000000s ]
SQL: SHOW COLUMNS FROM `remit` [ RunTime:0.000000s ]
ERR: 1146:Table 'cxhadmin.remit' doesn't exist
 [ SQL语句 ] : SHOW COLUMNS FROM `remit`
SQL: SHOW COLUMNS FROM agent as a [ RunTime:0.000000s ]
ERR: 1064:You have an error in your SQL syntax; check the manual that corresponds to your MySQL server version for the right syntax to use near 'as a' at line 1
 [ SQL语句 ] : SHOW COLUMNS FROM agent as a
SQL: SELECT COUNT(*) AS tp_count FROM agent as a WHERE ( state_level=(2-1) ) AND ( `agent_state` <> 2 ) LIMIT 1   [ RunTime:0.000000s ]
SQL: SELECT * FROM agent as a WHERE ( state_level=(2-1) ) AND ( `agent_state` <> 2 ) LIMIT 0,5   [ RunTime:0.000000s ]
NOTIC: [2] Invalid argument supplied for foreach() D:\phpStudy\WWW\application\admin\Lib\Model\RemitModel.class.php 第 63 行.
NOTIC: [2] urlencode() expects parameter 1 to be string, array given D:\phpStudy\WWW\application\admin\Lib\Action\RemitAction.class.php 第 223 行.
INFO: [ view_parse ] --START--
INFO: ParseTemplate Behavior ::run [ RunTime:0.015600s ]
INFO: [ view_parse ] --END-- [ RunTime:0.015600s ]
INFO: [ view_filter ] --START--
INFO: ContentReplace Behavior ::run [ RunTime:0.000000s ]
INFO: TokenBuild Behavior ::run [ RunTime:0.000000s ]
INFO: WriteHtmlCache Behavior ::run [ RunTime:0.000000s ]
INFO: ShowRuntime Behavior ::run [ RunTime:0.000000s ]
INFO: [ view_filter ] --END-- [ RunTime:0.000000s ]
INFO: [ view_end ] --START--
INFO: ShowPageTrace Behavior ::run [ RunTime:0.000000s ]
INFO: [ view_end ] --END-- [ RunTime:0.000000s ]

[ 2017-09-11T17:34:20+08:00 ] 192.168.1.111 /admin.php/examine/show_examine.html
INFO: [ route_check ] --START--
INFO: CheckRoute Behavior ::run [ RunTime:0.000000s ]
INFO: [ route_check ] --END-- [ RunTime:0.000000s ]
INFO: [ app_begin ] --START--
INFO: ReadHtmlCache Behavior ::run [ RunTime:0.015600s ]
INFO: [ app_begin ] --END-- [ RunTime:0.015600s ]
SQL: SHOW COLUMNS FROM `examine` [ RunTime:0.000000s ]
SQL: SHOW COLUMNS FROM `role` [ RunTime:0.000000s ]
SQL: SELECT * FROM `role`  [ RunTime:0.000000s ]
SQL: SHOW COLUMNS FROM `menu` [ RunTime:0.000000s ]
SQL: SELECT * FROM `menu` WHERE ( parent_id=1 )  [ RunTime:0.000000s ]
SQL: SHOW COLUMNS FROM examine as a [ RunTime:0.000000s ]
ERR: 1064:You have an error in your SQL syntax; check the manual that corresponds to your MySQL server version for the right syntax to use near 'as a' at line 1
 [ SQL语句 ] : SHOW COLUMNS FROM examine as a
SQL: SELECT * FROM examine as a LEFT JOIN role on a.role_id=role.role_id WHERE ( menu_id=1 )  [ RunTime:0.000000s ]
SQL: SELECT * FROM examine as a LEFT JOIN role on a.role_id=role.role_id WHERE ( menu_id=2 )  [ RunTime:0.000000s ]
SQL: SELECT * FROM examine as a LEFT JOIN role on a.role_id=role.role_id WHERE ( menu_id=3 )  [ RunTime:0.000000s ]
SQL: SELECT * FROM examine as a LEFT JOIN role on a.role_id=role.role_id WHERE ( menu_id=4 )  [ RunTime:0.000000s ]
SQL: SELECT * FROM examine as a LEFT JOIN role on a.role_id=role.role_id WHERE ( menu_id=5 )  [ RunTime:0.000000s ]
INFO: [ view_parse ] --START--
INFO: ParseTemplate Behavior ::run [ RunTime:0.031200s ]
INFO: [ view_parse ] --END-- [ RunTime:0.031200s ]
INFO: [ view_filter ] --START--
INFO: ContentReplace Behavior ::run [ RunTime:0.000000s ]
INFO: TokenBuild Behavior ::run [ RunTime:0.000000s ]
INFO: WriteHtmlCache Behavior ::run [ RunTime:0.000000s ]
INFO: ShowRuntime Behavior ::run [ RunTime:0.000000s ]
INFO: [ view_filter ] --END-- [ RunTime:0.000000s ]
INFO: [ view_end ] --START--
INFO: ShowPageTrace Behavior ::run [ RunTime:0.000000s ]
INFO: [ view_end ] --END-- [ RunTime:0.000000s ]

[ 2017-09-11T17:34:26+08:00 ] 192.168.1.111 /admin.php/examine/del_examine.html
INFO: [ route_check ] --START--
INFO: CheckRoute Behavior ::run [ RunTime:0.000000s ]
INFO: [ route_check ] --END-- [ RunTime:0.000000s ]
INFO: [ app_begin ] --START--
INFO: ReadHtmlCache Behavior ::run [ RunTime:0.000000s ]
INFO: [ app_begin ] --END-- [ RunTime:0.000000s ]
SQL: SHOW COLUMNS FROM `examine` [ RunTime:0.000000s ]
SQL: DELETE FROM `examine` WHERE ( menu_id=3 and sort=1 ) [ RunTime:0.000000s ]

[ 2017-09-11T17:34:29+08:00 ] 192.168.1.111 /admin.php/remit/show_agent.html
INFO: [ route_check ] --START--
INFO: CheckRoute Behavior ::run [ RunTime:0.000000s ]
INFO: [ route_check ] --END-- [ RunTime:0.000000s ]
INFO: [ app_begin ] --START--
INFO: ReadHtmlCache Behavior ::run [ RunTime:0.000000s ]
INFO: [ app_begin ] --END-- [ RunTime:0.000000s ]
SQL: SHOW COLUMNS FROM `examine` [ RunTime:0.000000s ]
SQL: SELECT * FROM `examine` WHERE ( menu_id=3 )  [ RunTime:0.000000s ]
SQL: SHOW COLUMNS FROM `remit` [ RunTime:0.000000s ]
ERR: 1146:Table 'cxhadmin.remit' doesn't exist
 [ SQL语句 ] : SHOW COLUMNS FROM `remit`
SQL: SHOW COLUMNS FROM agent as a [ RunTime:0.000000s ]
ERR: 1064:You have an error in your SQL syntax; check the manual that corresponds to your MySQL server version for the right syntax to use near 'as a' at line 1
 [ SQL语句 ] : SHOW COLUMNS FROM agent as a
SQL: SELECT COUNT(*) AS tp_count FROM agent as a WHERE ( state_level=(1-1) ) AND ( `agent_state` <> 2 ) LIMIT 1   [ RunTime:0.000000s ]
SQL: SELECT * FROM agent as a WHERE ( state_level=(1-1) ) AND ( `agent_state` <> 2 ) LIMIT 0,5   [ RunTime:0.000000s ]
SQL: SHOW COLUMNS FROM `agent_images` [ RunTime:0.015600s ]
SQL: SELECT * FROM `agent_images` WHERE ( agent_id='6' )  [ RunTime:0.000000s ]
NOTIC: [2] urlencode() expects parameter 1 to be string, array given D:\phpStudy\WWW\application\admin\Lib\Action\RemitAction.class.php 第 223 行.
INFO: [ view_parse ] --START--
INFO: ParseTemplate Behavior ::run [ RunTime:0.031200s ]
INFO: [ view_parse ] --END-- [ RunTime:0.031200s ]
INFO: [ view_filter ] --START--
INFO: ContentReplace Behavior ::run [ RunTime:0.000000s ]
INFO: TokenBuild Behavior ::run [ RunTime:0.000000s ]
INFO: WriteHtmlCache Behavior ::run [ RunTime:0.000000s ]
INFO: ShowRuntime Behavior ::run [ RunTime:0.000000s ]
INFO: [ view_filter ] --END-- [ RunTime:0.000000s ]
INFO: [ view_end ] --START--
INFO: ShowPageTrace Behavior ::run [ RunTime:0.000000s ]
INFO: [ view_end ] --END-- [ RunTime:0.000000s ]

[ 2017-09-11T17:36:44+08:00 ] 192.168.1.111 /admin.php/remit/show_buy.html
INFO: [ route_check ] --START--
INFO: CheckRoute Behavior ::run [ RunTime:0.000000s ]
INFO: [ route_check ] --END-- [ RunTime:0.000000s ]
INFO: [ app_begin ] --START--
INFO: ReadHtmlCache Behavior ::run [ RunTime:0.000000s ]
INFO: [ app_begin ] --END-- [ RunTime:0.000000s ]
SQL: SHOW COLUMNS FROM `examine` [ RunTime:0.000000s ]
SQL: SELECT * FROM `examine` WHERE ( menu_id=5 )  [ RunTime:0.000000s ]
SQL: SHOW COLUMNS FROM `remit` [ RunTime:0.000000s ]
ERR: 1146:Table 'cxhadmin.remit' doesn't exist
 [ SQL语句 ] : SHOW COLUMNS FROM `remit`
SQL: SHOW COLUMNS FROM buying as a [ RunTime:0.000000s ]
ERR: 1064:You have an error in your SQL syntax; check the manual that corresponds to your MySQL server version for the right syntax to use near 'as a' at line 1
 [ SQL语句 ] : SHOW COLUMNS FROM buying as a
SQL: SELECT COUNT(*) AS tp_count FROM buying as a LEFT JOIN user as b on a.user_id=b.id WHERE ( state_level=(1-1) ) AND ( `buy_state` <> 2 ) LIMIT 1   [ RunTime:0.000000s ]
SQL: SELECT a.*,b.userid FROM buying as a LEFT JOIN user as b on a.user_id=b.id WHERE ( state_level=(1-1) ) AND ( `buy_state` <> 2 ) LIMIT 0,5   [ RunTime:0.000000s ]
NOTIC: [2] urlencode() expects parameter 1 to be string, array given D:\phpStudy\WWW\application\admin\Lib\Action\RemitAction.class.php 第 468 行.
INFO: [ view_parse ] --START--
INFO: ParseTemplate Behavior ::run [ RunTime:0.015600s ]
INFO: [ view_parse ] --END-- [ RunTime:0.015600s ]
INFO: [ view_filter ] --START--
INFO: ContentReplace Behavior ::run [ RunTime:0.000000s ]
INFO: TokenBuild Behavior ::run [ RunTime:0.000000s ]
INFO: WriteHtmlCache Behavior ::run [ RunTime:0.000000s ]
INFO: ShowRuntime Behavior ::run [ RunTime:0.000000s ]
INFO: [ view_filter ] --END-- [ RunTime:0.000000s ]
INFO: [ view_end ] --START--
INFO: ShowPageTrace Behavior ::run [ RunTime:0.000000s ]
INFO: [ view_end ] --END-- [ RunTime:0.000000s ]

