[ 2017-08-30T17:00:55+08:00 ] 127.0.0.1 /index.php/
INFO: [ route_check ] --START--
INFO: CheckRoute Behavior ::run [ RunTime:0.002000s ]
INFO: [ route_check ] --END-- [ RunTime:0.003000s ]
INFO: [ app_begin ] --START--
INFO: ReadHtmlCache Behavior ::run [ RunTime:0.002000s ]
INFO: [ app_begin ] --END-- [ RunTime:0.002000s ]
NOTIC: [8] Undefined index: act D:\phpStudy\WWW\8.17\application\default\Lib\Action\BaseAction.class.php 第 8 行.
SQL: SHOW COLUMNS FROM `user` [ RunTime:0.004000s ]
SQL: SELECT * FROM `user` WHERE ( `id` = 1 ) LIMIT 1   [ RunTime:0.003000s ]
SQL: SHOW COLUMNS FROM `fx_user` [ RunTime:0.004000s ]
SQL: SELECT `uid`,`pid` FROM `fx_user`  [ RunTime:0.002000s ]
SQL: SELECT `uid`,`pid` FROM `fx_user` WHERE ( uid=89 ) LIMIT 1   [ RunTime:0.002000s ]
NOTIC: [8] Array to string conversion D:\phpStudy\WWW\8.17\application\default\Lib\Action\IndexAction.class.php 第 30 行.
SQL: SELECT `uid`,`pid` FROM `fx_user` WHERE ( uid=87 ) LIMIT 1   [ RunTime:0.002000s ]
NOTIC: [8] Array to string conversion D:\phpStudy\WWW\8.17\application\default\Lib\Action\IndexAction.class.php 第 30 行.
SQL: SELECT `uid`,`pid` FROM `fx_user` WHERE ( uid=1 ) LIMIT 1   [ RunTime:0.001000s ]
NOTIC: [8] Array to string conversion D:\phpStudy\WWW\8.17\application\default\Lib\Action\IndexAction.class.php 第 30 行.
SQL: SELECT `uid`,`pid` FROM `fx_user` WHERE ( uid=0 ) LIMIT 1   [ RunTime:0.001000s ]
NOTIC: [8] Undefined variable: tree D:\phpStudy\WWW\8.17\application\default\Lib\Action\IndexAction.class.php 第 57 行.

[ 2017-08-30T17:01:07+08:00 ] 127.0.0.1 /index.php/
INFO: [ route_check ] --START--
INFO: CheckRoute Behavior ::run [ RunTime:0.001000s ]
INFO: [ route_check ] --END-- [ RunTime:0.001000s ]
INFO: [ app_begin ] --START--
INFO: ReadHtmlCache Behavior ::run [ RunTime:0.001000s ]
INFO: [ app_begin ] --END-- [ RunTime:0.001000s ]
NOTIC: [8] Undefined index: act D:\phpStudy\WWW\8.17\application\default\Lib\Action\BaseAction.class.php 第 8 行.
SQL: SHOW COLUMNS FROM `user` [ RunTime:0.004000s ]
SQL: SELECT * FROM `user` WHERE ( `id` = 1 ) LIMIT 1   [ RunTime:0.002000s ]
SQL: SHOW COLUMNS FROM `fx_user` [ RunTime:0.004000s ]
SQL: SELECT `uid`,`pid` FROM `fx_user`  [ RunTime:0.001000s ]
SQL: SELECT `uid`,`pid` FROM `fx_user` WHERE ( uid=89 ) LIMIT 1   [ RunTime:0.002000s ]
NOTIC: [8] Array to string conversion D:\phpStudy\WWW\8.17\application\default\Lib\Action\IndexAction.class.php 第 30 行.
SQL: SELECT `uid`,`pid` FROM `fx_user` WHERE ( uid=87 ) LIMIT 1   [ RunTime:0.001000s ]
NOTIC: [8] Array to string conversion D:\phpStudy\WWW\8.17\application\default\Lib\Action\IndexAction.class.php 第 30 行.
SQL: SELECT `uid`,`pid` FROM `fx_user` WHERE ( uid=1 ) LIMIT 1   [ RunTime:0.002000s ]
NOTIC: [8] Array to string conversion D:\phpStudy\WWW\8.17\application\default\Lib\Action\IndexAction.class.php 第 30 行.
SQL: SELECT `uid`,`pid` FROM `fx_user` WHERE ( uid=0 ) LIMIT 1   [ RunTime:0.001000s ]
NOTIC: [8] Undefined variable: tree D:\phpStudy\WWW\8.17\application\default\Lib\Action\IndexAction.class.php 第 57 行.

[ 2017-08-30T17:01:19+08:00 ] 127.0.0.1 /index.php/
INFO: [ route_check ] --START--
INFO: CheckRoute Behavior ::run [ RunTime:0.001000s ]
INFO: [ route_check ] --END-- [ RunTime:0.001000s ]
INFO: [ app_begin ] --START--
INFO: ReadHtmlCache Behavior ::run [ RunTime:0.001000s ]
INFO: [ app_begin ] --END-- [ RunTime:0.001000s ]
NOTIC: [8] Undefined index: act D:\phpStudy\WWW\8.17\application\default\Lib\Action\BaseAction.class.php 第 8 行.
SQL: SHOW COLUMNS FROM `user` [ RunTime:0.005000s ]
SQL: SELECT * FROM `user` WHERE ( `id` = 1 ) LIMIT 1   [ RunTime:0.002000s ]
SQL: SHOW COLUMNS FROM `fx_user` [ RunTime:0.004000s ]
SQL: SELECT `uid`,`pid` FROM `fx_user`  [ RunTime:0.001000s ]
SQL: SELECT `uid`,`pid` FROM `fx_user` WHERE ( uid=89 ) LIMIT 1   [ RunTime:0.002000s ]
NOTIC: [8] Array to string conversion D:\phpStudy\WWW\8.17\application\default\Lib\Action\IndexAction.class.php 第 30 行.
SQL: SELECT `uid`,`pid` FROM `fx_user` WHERE ( uid=87 ) LIMIT 1   [ RunTime:0.001000s ]
NOTIC: [8] Array to string conversion D:\phpStudy\WWW\8.17\application\default\Lib\Action\IndexAction.class.php 第 30 行.
SQL: SELECT `uid`,`pid` FROM `fx_user` WHERE ( uid=1 ) LIMIT 1   [ RunTime:0.002000s ]
NOTIC: [8] Array to string conversion D:\phpStudy\WWW\8.17\application\default\Lib\Action\IndexAction.class.php 第 30 行.
SQL: SELECT `uid`,`pid` FROM `fx_user` WHERE ( uid=0 ) LIMIT 1   [ RunTime:0.002000s ]
NOTIC: [8] Undefined variable: tree D:\phpStudy\WWW\8.17\application\default\Lib\Action\IndexAction.class.php 第 57 行.

[ 2017-08-30T17:01:20+08:00 ] 127.0.0.1 /index.php/
INFO: [ route_check ] --START--
INFO: CheckRoute Behavior ::run [ RunTime:0.001000s ]
INFO: [ route_check ] --END-- [ RunTime:0.002000s ]
INFO: [ app_begin ] --START--
INFO: ReadHtmlCache Behavior ::run [ RunTime:0.001000s ]
INFO: [ app_begin ] --END-- [ RunTime:0.001000s ]
NOTIC: [8] Undefined index: act D:\phpStudy\WWW\8.17\application\default\Lib\Action\BaseAction.class.php 第 8 行.
SQL: SHOW COLUMNS FROM `user` [ RunTime:0.005000s ]
SQL: SELECT * FROM `user` WHERE ( `id` = 1 ) LIMIT 1   [ RunTime:0.002000s ]
SQL: SHOW COLUMNS FROM `fx_user` [ RunTime:0.003000s ]
SQL: SELECT `uid`,`pid` FROM `fx_user`  [ RunTime:0.001000s ]
SQL: SELECT `uid`,`pid` FROM `fx_user` WHERE ( uid=89 ) LIMIT 1   [ RunTime:0.002000s ]
NOTIC: [8] Array to string conversion D:\phpStudy\WWW\8.17\application\default\Lib\Action\IndexAction.class.php 第 30 行.
SQL: SELECT `uid`,`pid` FROM `fx_user` WHERE ( uid=87 ) LIMIT 1   [ RunTime:0.002000s ]
NOTIC: [8] Array to string conversion D:\phpStudy\WWW\8.17\application\default\Lib\Action\IndexAction.class.php 第 30 行.
SQL: SELECT `uid`,`pid` FROM `fx_user` WHERE ( uid=1 ) LIMIT 1   [ RunTime:0.001000s ]
NOTIC: [8] Array to string conversion D:\phpStudy\WWW\8.17\application\default\Lib\Action\IndexAction.class.php 第 30 行.
SQL: SELECT `uid`,`pid` FROM `fx_user` WHERE ( uid=0 ) LIMIT 1   [ RunTime:0.002000s ]
NOTIC: [8] Undefined variable: tree D:\phpStudy\WWW\8.17\application\default\Lib\Action\IndexAction.class.php 第 57 行.

[ 2017-08-30T17:01:20+08:00 ] 127.0.0.1 /index.php/
INFO: [ route_check ] --START--
INFO: CheckRoute Behavior ::run [ RunTime:0.001000s ]
INFO: [ route_check ] --END-- [ RunTime:0.001000s ]
INFO: [ app_begin ] --START--
INFO: ReadHtmlCache Behavior ::run [ RunTime:0.000000s ]
INFO: [ app_begin ] --END-- [ RunTime:0.001000s ]
NOTIC: [8] Undefined index: act D:\phpStudy\WWW\8.17\application\default\Lib\Action\BaseAction.class.php 第 8 行.
SQL: SHOW COLUMNS FROM `user` [ RunTime:0.004000s ]
SQL: SELECT * FROM `user` WHERE ( `id` = 1 ) LIMIT 1   [ RunTime:0.003000s ]
SQL: SHOW COLUMNS FROM `fx_user` [ RunTime:0.003000s ]
SQL: SELECT `uid`,`pid` FROM `fx_user`  [ RunTime:0.001000s ]
SQL: SELECT `uid`,`pid` FROM `fx_user` WHERE ( uid=89 ) LIMIT 1   [ RunTime:0.002000s ]
NOTIC: [8] Array to string conversion D:\phpStudy\WWW\8.17\application\default\Lib\Action\IndexAction.class.php 第 30 行.
SQL: SELECT `uid`,`pid` FROM `fx_user` WHERE ( uid=87 ) LIMIT 1   [ RunTime:0.001000s ]
NOTIC: [8] Array to string conversion D:\phpStudy\WWW\8.17\application\default\Lib\Action\IndexAction.class.php 第 30 行.
SQL: SELECT `uid`,`pid` FROM `fx_user` WHERE ( uid=1 ) LIMIT 1   [ RunTime:0.001000s ]
NOTIC: [8] Array to string conversion D:\phpStudy\WWW\8.17\application\default\Lib\Action\IndexAction.class.php 第 30 行.
SQL: SELECT `uid`,`pid` FROM `fx_user` WHERE ( uid=0 ) LIMIT 1   [ RunTime:0.002000s ]
NOTIC: [8] Undefined variable: tree D:\phpStudy\WWW\8.17\application\default\Lib\Action\IndexAction.class.php 第 57 行.

[ 2017-08-30T17:01:20+08:00 ] 127.0.0.1 /index.php/
INFO: [ route_check ] --START--
INFO: CheckRoute Behavior ::run [ RunTime:0.001000s ]
INFO: [ route_check ] --END-- [ RunTime:0.001000s ]
INFO: [ app_begin ] --START--
INFO: ReadHtmlCache Behavior ::run [ RunTime:0.001000s ]
INFO: [ app_begin ] --END-- [ RunTime:0.001000s ]
NOTIC: [8] Undefined index: act D:\phpStudy\WWW\8.17\application\default\Lib\Action\BaseAction.class.php 第 8 行.
SQL: SHOW COLUMNS FROM `user` [ RunTime:0.005000s ]
SQL: SELECT * FROM `user` WHERE ( `id` = 1 ) LIMIT 1   [ RunTime:0.002000s ]
SQL: SHOW COLUMNS FROM `fx_user` [ RunTime:0.003000s ]
SQL: SELECT `uid`,`pid` FROM `fx_user`  [ RunTime:0.002000s ]
SQL: SELECT `uid`,`pid` FROM `fx_user` WHERE ( uid=89 ) LIMIT 1   [ RunTime:0.002000s ]
NOTIC: [8] Array to string conversion D:\phpStudy\WWW\8.17\application\default\Lib\Action\IndexAction.class.php 第 30 行.
SQL: SELECT `uid`,`pid` FROM `fx_user` WHERE ( uid=87 ) LIMIT 1   [ RunTime:0.001000s ]
NOTIC: [8] Array to string conversion D:\phpStudy\WWW\8.17\application\default\Lib\Action\IndexAction.class.php 第 30 行.
SQL: SELECT `uid`,`pid` FROM `fx_user` WHERE ( uid=1 ) LIMIT 1   [ RunTime:0.001000s ]
NOTIC: [8] Array to string conversion D:\phpStudy\WWW\8.17\application\default\Lib\Action\IndexAction.class.php 第 30 行.
SQL: SELECT `uid`,`pid` FROM `fx_user` WHERE ( uid=0 ) LIMIT 1   [ RunTime:0.002000s ]
NOTIC: [8] Undefined variable: tree D:\phpStudy\WWW\8.17\application\default\Lib\Action\IndexAction.class.php 第 57 行.

[ 2017-08-30T17:01:34+08:00 ] 127.0.0.1 /index.php/
INFO: [ route_check ] --START--
INFO: CheckRoute Behavior ::run [ RunTime:0.001000s ]
INFO: [ route_check ] --END-- [ RunTime:0.001000s ]
INFO: [ app_begin ] --START--
INFO: ReadHtmlCache Behavior ::run [ RunTime:0.000000s ]
INFO: [ app_begin ] --END-- [ RunTime:0.000000s ]

[ 2017-08-30T17:01:41+08:00 ] 127.0.0.1 /index.php/
INFO: [ route_check ] --START--
INFO: CheckRoute Behavior ::run [ RunTime:0.001000s ]
INFO: [ route_check ] --END-- [ RunTime:0.002000s ]
INFO: [ app_begin ] --START--
INFO: ReadHtmlCache Behavior ::run [ RunTime:0.001000s ]
INFO: [ app_begin ] --END-- [ RunTime:0.001000s ]
NOTIC: [8] Undefined index: act D:\phpStudy\WWW\8.17\application\default\Lib\Action\BaseAction.class.php 第 8 行.
SQL: SHOW COLUMNS FROM `user` [ RunTime:0.005000s ]
SQL: SELECT * FROM `user` WHERE ( `id` = 1 ) LIMIT 1   [ RunTime:0.002000s ]
SQL: SHOW COLUMNS FROM `fx_user` [ RunTime:0.004000s ]
SQL: SELECT `uid`,`pid` FROM `fx_user`  [ RunTime:0.002000s ]
SQL: SELECT `uid`,`pid` FROM `fx_user` WHERE ( uid=89 ) LIMIT 1   [ RunTime:0.002000s ]
SQL: SELECT `uid`,`pid` FROM `fx_user` WHERE ( uid=87 ) LIMIT 1   [ RunTime:0.002000s ]
SQL: SELECT `uid`,`pid` FROM `fx_user` WHERE ( uid=1 ) LIMIT 1   [ RunTime:0.002000s ]
SQL: SELECT `uid`,`pid` FROM `fx_user` WHERE ( uid=0 ) LIMIT 1   [ RunTime:0.001000s ]
NOTIC: [8] Undefined variable: tree D:\phpStudy\WWW\8.17\application\default\Lib\Action\IndexAction.class.php 第 57 行.

[ 2017-08-30T17:03:22+08:00 ] 127.0.0.1 /index.php/
INFO: [ route_check ] --START--
INFO: CheckRoute Behavior ::run [ RunTime:0.001000s ]
INFO: [ route_check ] --END-- [ RunTime:0.001000s ]
INFO: [ app_begin ] --START--
INFO: ReadHtmlCache Behavior ::run [ RunTime:0.001000s ]
INFO: [ app_begin ] --END-- [ RunTime:0.001000s ]
NOTIC: [8] Undefined index: act D:\phpStudy\WWW\8.17\application\default\Lib\Action\BaseAction.class.php 第 8 行.
SQL: SHOW COLUMNS FROM `user` [ RunTime:0.005000s ]
SQL: SELECT * FROM `user` WHERE ( `id` = 1 ) LIMIT 1   [ RunTime:0.003000s ]
SQL: SHOW COLUMNS FROM `fx_user` [ RunTime:0.003000s ]
SQL: SELECT `uid`,`pid` FROM `fx_user`  [ RunTime:0.001000s ]
SQL: SELECT `uid`,`pid` FROM `fx_user` WHERE ( uid=120 ) LIMIT 1   [ RunTime:0.002000s ]
SQL: SELECT `uid`,`pid` FROM `fx_user` WHERE ( uid=1 ) LIMIT 1   [ RunTime:0.001000s ]
SQL: SELECT `uid`,`pid` FROM `fx_user` WHERE ( uid=0 ) LIMIT 1   [ RunTime:0.002000s ]
NOTIC: [8] Undefined variable: tree D:\phpStudy\WWW\8.17\application\default\Lib\Action\IndexAction.class.php 第 45 行.

[ 2017-08-30T17:04:18+08:00 ] 127.0.0.1 /index.php/
INFO: [ route_check ] --START--
INFO: CheckRoute Behavior ::run [ RunTime:0.001000s ]
INFO: [ route_check ] --END-- [ RunTime:0.001000s ]
INFO: [ app_begin ] --START--
INFO: ReadHtmlCache Behavior ::run [ RunTime:0.001000s ]
INFO: [ app_begin ] --END-- [ RunTime:0.001000s ]
NOTIC: [8] Undefined index: act D:\phpStudy\WWW\8.17\application\default\Lib\Action\BaseAction.class.php 第 8 行.
SQL: SHOW COLUMNS FROM `user` [ RunTime:0.004000s ]
SQL: SELECT * FROM `user` WHERE ( `id` = 1 ) LIMIT 1   [ RunTime:0.003000s ]
SQL: SHOW COLUMNS FROM `fx_user` [ RunTime:0.003000s ]
SQL: SELECT `uid`,`pid` FROM `fx_user`  [ RunTime:0.001000s ]
SQL: SELECT `uid`,`pid` FROM `fx_user` WHERE ( uid=120 ) LIMIT 1   [ RunTime:0.002000s ]
SQL: SELECT `uid`,`pid` FROM `fx_user` WHERE ( uid=1 ) LIMIT 1   [ RunTime:0.001000s ]
SQL: SELECT `uid`,`pid` FROM `fx_user` WHERE ( uid=0 ) LIMIT 1   [ RunTime:0.001000s ]
NOTIC: [8] Array to string conversion D:\phpStudy\WWW\8.17\application\default\Lib\Action\IndexAction.class.php 第 41 行.
NOTIC: [8] Undefined variable: tree D:\phpStudy\WWW\8.17\application\default\Lib\Action\IndexAction.class.php 第 45 行.

[ 2017-08-30T17:04:20+08:00 ] 127.0.0.1 /index.php/
INFO: [ route_check ] --START--
INFO: CheckRoute Behavior ::run [ RunTime:0.000000s ]
INFO: [ route_check ] --END-- [ RunTime:0.001000s ]
INFO: [ app_begin ] --START--
INFO: ReadHtmlCache Behavior ::run [ RunTime:0.000000s ]
INFO: [ app_begin ] --END-- [ RunTime:0.000000s ]
NOTIC: [8] Undefined index: act D:\phpStudy\WWW\8.17\application\default\Lib\Action\BaseAction.class.php 第 8 行.
SQL: SHOW COLUMNS FROM `user` [ RunTime:0.005000s ]
SQL: SELECT * FROM `user` WHERE ( `id` = 1 ) LIMIT 1   [ RunTime:0.002000s ]
SQL: SHOW COLUMNS FROM `fx_user` [ RunTime:0.004000s ]
SQL: SELECT `uid`,`pid` FROM `fx_user`  [ RunTime:0.001000s ]
SQL: SELECT `uid`,`pid` FROM `fx_user` WHERE ( uid=120 ) LIMIT 1   [ RunTime:0.002000s ]
SQL: SELECT `uid`,`pid` FROM `fx_user` WHERE ( uid=1 ) LIMIT 1   [ RunTime:0.001000s ]
SQL: SELECT `uid`,`pid` FROM `fx_user` WHERE ( uid=0 ) LIMIT 1   [ RunTime:0.002000s ]
NOTIC: [8] Array to string conversion D:\phpStudy\WWW\8.17\application\default\Lib\Action\IndexAction.class.php 第 41 行.
NOTIC: [8] Undefined variable: tree D:\phpStudy\WWW\8.17\application\default\Lib\Action\IndexAction.class.php 第 45 行.

[ 2017-08-30T17:04:20+08:00 ] 127.0.0.1 /index.php/
INFO: [ route_check ] --START--
INFO: CheckRoute Behavior ::run [ RunTime:0.001000s ]
INFO: [ route_check ] --END-- [ RunTime:0.001000s ]
INFO: [ app_begin ] --START--
INFO: ReadHtmlCache Behavior ::run [ RunTime:0.000000s ]
INFO: [ app_begin ] --END-- [ RunTime:0.001000s ]
NOTIC: [8] Undefined index: act D:\phpStudy\WWW\8.17\application\default\Lib\Action\BaseAction.class.php 第 8 行.
SQL: SHOW COLUMNS FROM `user` [ RunTime:0.005000s ]
SQL: SELECT * FROM `user` WHERE ( `id` = 1 ) LIMIT 1   [ RunTime:0.002000s ]
SQL: SHOW COLUMNS FROM `fx_user` [ RunTime:0.004000s ]
SQL: SELECT `uid`,`pid` FROM `fx_user`  [ RunTime:0.001000s ]
SQL: SELECT `uid`,`pid` FROM `fx_user` WHERE ( uid=120 ) LIMIT 1   [ RunTime:0.002000s ]
SQL: SELECT `uid`,`pid` FROM `fx_user` WHERE ( uid=1 ) LIMIT 1   [ RunTime:0.002000s ]
SQL: SELECT `uid`,`pid` FROM `fx_user` WHERE ( uid=0 ) LIMIT 1   [ RunTime:0.002000s ]
NOTIC: [8] Array to string conversion D:\phpStudy\WWW\8.17\application\default\Lib\Action\IndexAction.class.php 第 41 行.
NOTIC: [8] Undefined variable: tree D:\phpStudy\WWW\8.17\application\default\Lib\Action\IndexAction.class.php 第 45 行.

[ 2017-08-30T17:04:32+08:00 ] 127.0.0.1 /index.php/
INFO: [ route_check ] --START--
INFO: CheckRoute Behavior ::run [ RunTime:0.001000s ]
INFO: [ route_check ] --END-- [ RunTime:0.001000s ]
INFO: [ app_begin ] --START--
INFO: ReadHtmlCache Behavior ::run [ RunTime:0.001000s ]
INFO: [ app_begin ] --END-- [ RunTime:0.001000s ]
NOTIC: [8] Undefined index: act D:\phpStudy\WWW\8.17\application\default\Lib\Action\BaseAction.class.php 第 8 行.
SQL: SHOW COLUMNS FROM `user` [ RunTime:0.005000s ]
SQL: SELECT * FROM `user` WHERE ( `id` = 1 ) LIMIT 1   [ RunTime:0.003000s ]
SQL: SHOW COLUMNS FROM `fx_user` [ RunTime:0.003000s ]
SQL: SELECT `uid`,`pid` FROM `fx_user`  [ RunTime:0.002000s ]
SQL: SELECT `uid`,`pid` FROM `fx_user` WHERE ( uid=120 ) LIMIT 1   [ RunTime:0.001000s ]
SQL: SELECT `uid`,`pid` FROM `fx_user` WHERE ( uid=1 ) LIMIT 1   [ RunTime:0.001000s ]
SQL: SELECT `uid`,`pid` FROM `fx_user` WHERE ( uid=0 ) LIMIT 1   [ RunTime:0.001000s ]
NOTIC: [8] Array to string conversion D:\phpStudy\WWW\8.17\application\default\Lib\Action\IndexAction.class.php 第 41 行.
NOTIC: [8] Undefined variable: tree D:\phpStudy\WWW\8.17\application\default\Lib\Action\IndexAction.class.php 第 45 行.

[ 2017-08-30T17:04:41+08:00 ] 127.0.0.1 /index.php/
INFO: [ route_check ] --START--
INFO: CheckRoute Behavior ::run [ RunTime:0.001000s ]
INFO: [ route_check ] --END-- [ RunTime:0.001000s ]
INFO: [ app_begin ] --START--
INFO: ReadHtmlCache Behavior ::run [ RunTime:0.000000s ]
INFO: [ app_begin ] --END-- [ RunTime:0.001000s ]
NOTIC: [8] Undefined index: act D:\phpStudy\WWW\8.17\application\default\Lib\Action\BaseAction.class.php 第 8 行.
SQL: SHOW COLUMNS FROM `user` [ RunTime:0.005000s ]
SQL: SELECT * FROM `user` WHERE ( `id` = 1 ) LIMIT 1   [ RunTime:0.002000s ]
SQL: SHOW COLUMNS FROM `fx_user` [ RunTime:0.004000s ]
SQL: SELECT `uid`,`pid` FROM `fx_user`  [ RunTime:0.001000s ]
SQL: SELECT `uid`,`pid` FROM `fx_user` WHERE ( uid=120 ) LIMIT 1   [ RunTime:0.001000s ]
SQL: SELECT `uid`,`pid` FROM `fx_user` WHERE ( uid=1 ) LIMIT 1   [ RunTime:0.001000s ]
SQL: SELECT `uid`,`pid` FROM `fx_user` WHERE ( uid=0 ) LIMIT 1   [ RunTime:0.002000s ]
NOTIC: [8] Undefined variable: tree D:\phpStudy\WWW\8.17\application\default\Lib\Action\IndexAction.class.php 第 45 行.

[ 2017-08-30T17:11:21+08:00 ] 127.0.0.1 /index.php/
INFO: [ route_check ] --START--
INFO: CheckRoute Behavior ::run [ RunTime:0.001000s ]
INFO: [ route_check ] --END-- [ RunTime:0.001000s ]
INFO: [ app_begin ] --START--
INFO: ReadHtmlCache Behavior ::run [ RunTime:0.001000s ]
INFO: [ app_begin ] --END-- [ RunTime:0.001000s ]
NOTIC: [8] Undefined index: act D:\phpStudy\WWW\8.17\application\default\Lib\Action\BaseAction.class.php 第 8 行.
SQL: SHOW COLUMNS FROM `user` [ RunTime:0.005000s ]
SQL: SELECT * FROM `user` WHERE ( `id` = 1 ) LIMIT 1   [ RunTime:0.002000s ]
SQL: SELECT `uid`,`pid` FROM `fx_user`  [ RunTime:0.001000s ]

[ 2017-08-30T17:11:43+08:00 ] 127.0.0.1 /index.php/
INFO: [ route_check ] --START--
INFO: CheckRoute Behavior ::run [ RunTime:0.001000s ]
INFO: [ route_check ] --END-- [ RunTime:0.001000s ]
INFO: [ app_begin ] --START--
INFO: ReadHtmlCache Behavior ::run [ RunTime:0.001000s ]
INFO: [ app_begin ] --END-- [ RunTime:0.001000s ]
NOTIC: [8] Undefined index: act D:\phpStudy\WWW\8.17\application\default\Lib\Action\BaseAction.class.php 第 8 行.
SQL: SHOW COLUMNS FROM `user` [ RunTime:0.004000s ]
SQL: SELECT * FROM `user` WHERE ( `id` = 1 ) LIMIT 1   [ RunTime:0.002000s ]
SQL: SHOW COLUMNS FROM `fx_user` [ RunTime:0.004000s ]
SQL: SELECT `uid`,`pid` FROM `fx_user`  [ RunTime:0.002000s ]
SQL: SELECT `uid`,`pid` FROM `fx_user` WHERE ( uid=120 ) LIMIT 1   [ RunTime:0.001000s ]
SQL: SELECT `uid`,`pid` FROM `fx_user` WHERE ( uid=1 ) LIMIT 1   [ RunTime:0.002000s ]
SQL: SELECT `uid`,`pid` FROM `fx_user` WHERE ( uid=0 ) LIMIT 1   [ RunTime:0.001000s ]
NOTIC: [8] Array to string conversion D:\phpStudy\WWW\8.17\application\default\Lib\Action\IndexAction.class.php 第 38 行.
INFO: [ view_parse ] --START--
NOTIC: [8] Undefined variable: act D:\phpStudy\WWW\8.17\application\default\Runtime\Cache\33af4b837747d1d7905dbdd00c63e095.php 第 21 行.
NOTIC: [8] Undefined index: car_nowpoints D:\phpStudy\WWW\8.17\application\default\Runtime\Cache\33af4b837747d1d7905dbdd00c63e095.php 第 68 行.
INFO: ParseTemplate Behavior ::run [ RunTime:0.013000s ]
INFO: [ view_parse ] --END-- [ RunTime:0.013000s ]
INFO: [ view_filter ] --START--
INFO: ContentReplace Behavior ::run [ RunTime:0.001000s ]
INFO: TokenBuild Behavior ::run [ RunTime:0.001000s ]
INFO: WriteHtmlCache Behavior ::run [ RunTime:0.000000s ]
INFO: ShowRuntime Behavior ::run [ RunTime:0.001000s ]
INFO: [ view_filter ] --END-- [ RunTime:0.003000s ]
INFO: [ view_end ] --START--
INFO: ShowPageTrace Behavior ::run [ RunTime:0.001000s ]
INFO: [ view_end ] --END-- [ RunTime:0.001000s ]

[ 2017-08-30T17:12:13+08:00 ] 127.0.0.1 /index.php/
INFO: [ route_check ] --START--
INFO: CheckRoute Behavior ::run [ RunTime:0.001000s ]
INFO: [ route_check ] --END-- [ RunTime:0.001000s ]
INFO: [ app_begin ] --START--
INFO: ReadHtmlCache Behavior ::run [ RunTime:0.001000s ]
INFO: [ app_begin ] --END-- [ RunTime:0.001000s ]
NOTIC: [8] Undefined index: act D:\phpStudy\WWW\8.17\application\default\Lib\Action\BaseAction.class.php 第 8 行.
SQL: SHOW COLUMNS FROM `user` [ RunTime:0.005000s ]
SQL: SELECT * FROM `user` WHERE ( `id` = 1 ) LIMIT 1   [ RunTime:0.002000s ]
SQL: SHOW COLUMNS FROM `fx_user` [ RunTime:0.004000s ]
SQL: SELECT `uid`,`pid` FROM `fx_user`  [ RunTime:0.002000s ]
SQL: SELECT `uid`,`pid` FROM `fx_user` WHERE ( uid=120 ) LIMIT 1   [ RunTime:0.001000s ]
SQL: SELECT `uid`,`pid` FROM `fx_user` WHERE ( uid=1 ) LIMIT 1   [ RunTime:0.002000s ]
SQL: SELECT `uid`,`pid` FROM `fx_user` WHERE ( uid=0 ) LIMIT 1   [ RunTime:0.001000s ]
NOTIC: [8] Array to string conversion D:\phpStudy\WWW\8.17\application\default\Lib\Action\IndexAction.class.php 第 38 行.

[ 2017-08-30T17:12:33+08:00 ] 127.0.0.1 /index.php/
INFO: [ route_check ] --START--
INFO: CheckRoute Behavior ::run [ RunTime:0.001000s ]
INFO: [ route_check ] --END-- [ RunTime:0.001000s ]
INFO: [ app_begin ] --START--
INFO: ReadHtmlCache Behavior ::run [ RunTime:0.001000s ]
INFO: [ app_begin ] --END-- [ RunTime:0.001000s ]
NOTIC: [8] Undefined index: act D:\phpStudy\WWW\8.17\application\default\Lib\Action\BaseAction.class.php 第 8 行.
SQL: SHOW COLUMNS FROM `user` [ RunTime:0.005000s ]
SQL: SELECT * FROM `user` WHERE ( `id` = 1 ) LIMIT 1   [ RunTime:0.002000s ]
SQL: SHOW COLUMNS FROM `fx_user` [ RunTime:0.004000s ]
SQL: SELECT `uid`,`pid` FROM `fx_user`  [ RunTime:0.002000s ]
SQL: SELECT `uid`,`pid` FROM `fx_user` WHERE ( uid=120 ) LIMIT 1   [ RunTime:0.002000s ]
SQL: SELECT `uid`,`pid` FROM `fx_user` WHERE ( uid=1 ) LIMIT 1   [ RunTime:0.001000s ]
SQL: SELECT `uid`,`pid` FROM `fx_user` WHERE ( uid=0 ) LIMIT 1   [ RunTime:0.002000s ]
NOTIC: [8] Undefined variable: dataexplode D:\phpStudy\WWW\8.17\application\default\Lib\Action\IndexAction.class.php 第 38 行.

[ 2017-08-30T17:13:04+08:00 ] 127.0.0.1 /index.php/
INFO: [ route_check ] --START--
INFO: CheckRoute Behavior ::run [ RunTime:0.001000s ]
INFO: [ route_check ] --END-- [ RunTime:0.002000s ]
INFO: [ app_begin ] --START--
INFO: ReadHtmlCache Behavior ::run [ RunTime:0.000000s ]
INFO: [ app_begin ] --END-- [ RunTime:0.001000s ]
NOTIC: [8] Undefined index: act D:\phpStudy\WWW\8.17\application\default\Lib\Action\BaseAction.class.php 第 8 行.
SQL: SHOW COLUMNS FROM `user` [ RunTime:0.005000s ]
SQL: SELECT * FROM `user` WHERE ( `id` = 1 ) LIMIT 1   [ RunTime:0.003000s ]
SQL: SHOW COLUMNS FROM `fx_user` [ RunTime:0.003000s ]
SQL: SELECT `uid`,`pid` FROM `fx_user`  [ RunTime:0.002000s ]
SQL: SELECT `uid`,`pid` FROM `fx_user` WHERE ( uid=120 ) LIMIT 1   [ RunTime:0.003000s ]
SQL: SELECT `uid`,`pid` FROM `fx_user` WHERE ( uid=1 ) LIMIT 1   [ RunTime:0.002000s ]
SQL: SELECT `uid`,`pid` FROM `fx_user` WHERE ( uid=0 ) LIMIT 1   [ RunTime:0.001000s ]
NOTIC: [8] Undefined variable: dataexplode D:\phpStudy\WWW\8.17\application\default\Lib\Action\IndexAction.class.php 第 38 行.

[ 2017-08-30T17:13:20+08:00 ] 127.0.0.1 /index.php/
INFO: [ route_check ] --START--
INFO: CheckRoute Behavior ::run [ RunTime:0.001000s ]
INFO: [ route_check ] --END-- [ RunTime:0.001000s ]
INFO: [ app_begin ] --START--
INFO: ReadHtmlCache Behavior ::run [ RunTime:0.001000s ]
INFO: [ app_begin ] --END-- [ RunTime:0.001000s ]
NOTIC: [8] Undefined index: act D:\phpStudy\WWW\8.17\application\default\Lib\Action\BaseAction.class.php 第 8 行.
SQL: SHOW COLUMNS FROM `user` [ RunTime:0.005000s ]
SQL: SELECT * FROM `user` WHERE ( `id` = 1 ) LIMIT 1   [ RunTime:0.002000s ]
SQL: SHOW COLUMNS FROM `fx_user` [ RunTime:0.004000s ]
SQL: SELECT `uid`,`pid` FROM `fx_user`  [ RunTime:0.002000s ]
SQL: SELECT `uid`,`pid` FROM `fx_user` WHERE ( uid=120 ) LIMIT 1   [ RunTime:0.001000s ]
SQL: SELECT `uid`,`pid` FROM `fx_user` WHERE ( uid=1 ) LIMIT 1   [ RunTime:0.002000s ]
SQL: SELECT `uid`,`pid` FROM `fx_user` WHERE ( uid=0 ) LIMIT 1   [ RunTime:0.001000s ]

[ 2017-08-30T17:14:20+08:00 ] 127.0.0.1 /index.php/
INFO: [ route_check ] --START--
INFO: CheckRoute Behavior ::run [ RunTime:0.000000s ]
INFO: [ route_check ] --END-- [ RunTime:0.001000s ]
INFO: [ app_begin ] --START--
INFO: ReadHtmlCache Behavior ::run [ RunTime:0.000000s ]
INFO: [ app_begin ] --END-- [ RunTime:0.000000s ]
NOTIC: [8] Undefined index: act D:\phpStudy\WWW\8.17\application\default\Lib\Action\BaseAction.class.php 第 8 行.
SQL: SHOW COLUMNS FROM `user` [ RunTime:0.005000s ]
SQL: SELECT * FROM `user` WHERE ( `id` = 1 ) LIMIT 1   [ RunTime:0.002000s ]
SQL: SHOW COLUMNS FROM `fx_user` [ RunTime:0.004000s ]
SQL: SELECT `uid`,`pid` FROM `fx_user`  [ RunTime:0.002000s ]

[ 2017-08-30T17:15:15+08:00 ] 127.0.0.1 /index.php/
INFO: [ route_check ] --START--
INFO: CheckRoute Behavior ::run [ RunTime:0.001000s ]
INFO: [ route_check ] --END-- [ RunTime:0.001000s ]
INFO: [ app_begin ] --START--
INFO: ReadHtmlCache Behavior ::run [ RunTime:0.001000s ]
INFO: [ app_begin ] --END-- [ RunTime:0.001000s ]
NOTIC: [8] Undefined index: act D:\phpStudy\WWW\8.17\application\default\Lib\Action\BaseAction.class.php 第 8 行.
SQL: SHOW COLUMNS FROM `user` [ RunTime:0.005000s ]
SQL: SELECT * FROM `user` WHERE ( `id` = 1 ) LIMIT 1   [ RunTime:0.003000s ]
SQL: SHOW COLUMNS FROM `fx_user` [ RunTime:0.003000s ]
SQL: SELECT `uid`,`pid` FROM `fx_user`  [ RunTime:0.002000s ]
SQL: SELECT `uid`,`pid` FROM `fx_user` WHERE ( uid=120 ) LIMIT 1   [ RunTime:0.002000s ]
SQL: SELECT `uid`,`pid` FROM `fx_user` WHERE ( uid=1 ) LIMIT 1   [ RunTime:0.001000s ]
SQL: SELECT `uid`,`pid` FROM `fx_user` WHERE ( uid=0 ) LIMIT 1   [ RunTime:0.002000s ]

[ 2017-08-30T17:24:57+08:00 ] 127.0.0.1 /index.php/
INFO: [ route_check ] --START--
INFO: CheckRoute Behavior ::run [ RunTime:0.001000s ]
INFO: [ route_check ] --END-- [ RunTime:0.001000s ]
INFO: [ app_begin ] --START--
INFO: ReadHtmlCache Behavior ::run [ RunTime:0.000000s ]
INFO: [ app_begin ] --END-- [ RunTime:0.001000s ]
NOTIC: [8] Undefined index: act D:\phpStudy\WWW\8.17\application\default\Lib\Action\BaseAction.class.php 第 8 行.
SQL: SHOW COLUMNS FROM `user` [ RunTime:0.005000s ]
SQL: SELECT * FROM `user` WHERE ( `id` = 1 ) LIMIT 1   [ RunTime:0.002000s ]
SQL: SHOW COLUMNS FROM `fx_user` [ RunTime:0.005000s ]
SQL: SELECT `uid`,`pid` FROM `fx_user`  [ RunTime:0.001000s ]
SQL: SELECT `uid`,`pid` FROM `fx_user` WHERE ( uid=120 ) LIMIT 1   [ RunTime:0.002000s ]
SQL: SELECT `uid`,`pid` FROM `fx_user` WHERE ( uid=1 ) LIMIT 1   [ RunTime:0.001000s ]
SQL: SELECT `uid`,`pid` FROM `fx_user` WHERE ( uid=0 ) LIMIT 1   [ RunTime:0.002000s ]
SQL: UPDATE `user` SET `perf`=perf+100 WHERE ( `id` IN ('1','0') ) [ RunTime:0.001000s ]

[ 2017-08-30T17:24:58+08:00 ] 127.0.0.1 /index.php/
INFO: [ route_check ] --START--
INFO: CheckRoute Behavior ::run [ RunTime:0.001000s ]
INFO: [ route_check ] --END-- [ RunTime:0.001000s ]
INFO: [ app_begin ] --START--
INFO: ReadHtmlCache Behavior ::run [ RunTime:0.001000s ]
INFO: [ app_begin ] --END-- [ RunTime:0.001000s ]
NOTIC: [8] Undefined index: act D:\phpStudy\WWW\8.17\application\default\Lib\Action\BaseAction.class.php 第 8 行.
SQL: SHOW COLUMNS FROM `user` [ RunTime:0.004000s ]
SQL: SELECT * FROM `user` WHERE ( `id` = 1 ) LIMIT 1   [ RunTime:0.002000s ]
SQL: SHOW COLUMNS FROM `fx_user` [ RunTime:0.004000s ]
SQL: SELECT `uid`,`pid` FROM `fx_user`  [ RunTime:0.002000s ]
SQL: SELECT `uid`,`pid` FROM `fx_user` WHERE ( uid=120 ) LIMIT 1   [ RunTime:0.001000s ]
SQL: SELECT `uid`,`pid` FROM `fx_user` WHERE ( uid=1 ) LIMIT 1   [ RunTime:0.002000s ]
SQL: SELECT `uid`,`pid` FROM `fx_user` WHERE ( uid=0 ) LIMIT 1   [ RunTime:0.001000s ]
SQL: UPDATE `user` SET `perf`=perf+100 WHERE ( `id` IN ('1','0') ) [ RunTime:0.002000s ]

[ 2017-08-30T17:24:58+08:00 ] 127.0.0.1 /index.php/
INFO: [ route_check ] --START--
INFO: CheckRoute Behavior ::run [ RunTime:0.000000s ]
INFO: [ route_check ] --END-- [ RunTime:0.000000s ]
INFO: [ app_begin ] --START--
INFO: ReadHtmlCache Behavior ::run [ RunTime:0.000000s ]
INFO: [ app_begin ] --END-- [ RunTime:0.001000s ]
NOTIC: [8] Undefined index: act D:\phpStudy\WWW\8.17\application\default\Lib\Action\BaseAction.class.php 第 8 行.
SQL: SHOW COLUMNS FROM `user` [ RunTime:0.004000s ]
SQL: SELECT * FROM `user` WHERE ( `id` = 1 ) LIMIT 1   [ RunTime:0.002000s ]
SQL: SHOW COLUMNS FROM `fx_user` [ RunTime:0.004000s ]
SQL: SELECT `uid`,`pid` FROM `fx_user`  [ RunTime:0.001000s ]
SQL: SELECT `uid`,`pid` FROM `fx_user` WHERE ( uid=120 ) LIMIT 1   [ RunTime:0.002000s ]
SQL: SELECT `uid`,`pid` FROM `fx_user` WHERE ( uid=1 ) LIMIT 1   [ RunTime:0.001000s ]
SQL: SELECT `uid`,`pid` FROM `fx_user` WHERE ( uid=0 ) LIMIT 1   [ RunTime:0.001000s ]
SQL: UPDATE `user` SET `perf`=perf+100 WHERE ( `id` IN ('1','0') ) [ RunTime:0.001000s ]

[ 2017-08-30T17:25:45+08:00 ] 127.0.0.1 /index.php/
INFO: [ route_check ] --START--
INFO: CheckRoute Behavior ::run [ RunTime:0.001000s ]
INFO: [ route_check ] --END-- [ RunTime:0.001000s ]
INFO: [ app_begin ] --START--
INFO: ReadHtmlCache Behavior ::run [ RunTime:0.000000s ]
INFO: [ app_begin ] --END-- [ RunTime:0.000000s ]
NOTIC: [8] Undefined index: act D:\phpStudy\WWW\8.17\application\default\Lib\Action\BaseAction.class.php 第 8 行.
SQL: SHOW COLUMNS FROM `user` [ RunTime:0.005000s ]
SQL: SELECT * FROM `user` WHERE ( `id` = 1 ) LIMIT 1   [ RunTime:0.002000s ]
SQL: SHOW COLUMNS FROM `fx_user` [ RunTime:0.004000s ]
SQL: SELECT `uid`,`pid` FROM `fx_user`  [ RunTime:0.001000s ]
SQL: SELECT `uid`,`pid` FROM `fx_user` WHERE ( uid=120 ) LIMIT 1   [ RunTime:0.002000s ]
SQL: SELECT `uid`,`pid` FROM `fx_user` WHERE ( uid=1 ) LIMIT 1   [ RunTime:0.001000s ]
SQL: SELECT `uid`,`pid` FROM `fx_user` WHERE ( uid=0 ) LIMIT 1   [ RunTime:0.003000s ]
SQL: UPDATE `user` SET `perf`=perf+100 WHERE ( `id` IN ('1','0') ) [ RunTime:0.001000s ]

[ 2017-08-30T17:27:12+08:00 ] 127.0.0.1 /index.php/
INFO: [ route_check ] --START--
INFO: CheckRoute Behavior ::run [ RunTime:0.001000s ]
INFO: [ route_check ] --END-- [ RunTime:0.001000s ]
INFO: [ app_begin ] --START--
INFO: ReadHtmlCache Behavior ::run [ RunTime:0.001000s ]
INFO: [ app_begin ] --END-- [ RunTime:0.001000s ]
NOTIC: [8] Undefined index: act D:\phpStudy\WWW\8.17\application\default\Lib\Action\BaseAction.class.php 第 8 行.
SQL: SHOW COLUMNS FROM `user` [ RunTime:0.005000s ]
SQL: SELECT * FROM `user` WHERE ( `id` = 1 ) LIMIT 1   [ RunTime:0.002000s ]
SQL: SHOW COLUMNS FROM `fx_user` [ RunTime:0.004000s ]
SQL: SELECT `uid`,`pid` FROM `fx_user`  [ RunTime:0.002000s ]
SQL: SELECT `uid`,`pid` FROM `fx_user` WHERE ( uid=89 ) LIMIT 1   [ RunTime:0.002000s ]
SQL: SELECT `uid`,`pid` FROM `fx_user` WHERE ( uid=87 ) LIMIT 1   [ RunTime:0.001000s ]
SQL: SELECT `uid`,`pid` FROM `fx_user` WHERE ( uid=1 ) LIMIT 1   [ RunTime:0.001000s ]
SQL: SELECT `uid`,`pid` FROM `fx_user` WHERE ( uid=0 ) LIMIT 1   [ RunTime:0.001000s ]
SQL: UPDATE `user` SET `perf`=perf+100 WHERE ( `id` IN ('87','1','0') ) [ RunTime:0.001000s ]

