[ 2017-09-06T09:09:12+08:00 ] 127.0.0.1 /
INFO: [ app_begin ] --START--
INFO: ReadHtmlCache Behavior ::run [ RunTime:0.004000s ]
INFO: [ app_begin ] --END-- [ RunTime:0.018000s ]
NOTIC: [8] Undefined index: act D:\phpStudy\WWW\8.17\application\default\Lib\Action\BaseAction.class.php 第 8 行.
NOTIC: [8] Undefined index: id D:\phpStudy\WWW\8.17\application\default\Lib\Action\IndexAction.class.php 第 6 行.

[ 2017-09-06T09:09:12+08:00 ] 127.0.0.1 /index.php/Login/index.html
INFO: [ route_check ] --START--
INFO: CheckRoute Behavior ::run [ RunTime:0.002000s ]
INFO: [ route_check ] --END-- [ RunTime:0.002000s ]
INFO: [ app_begin ] --START--
INFO: ReadHtmlCache Behavior ::run [ RunTime:0.000000s ]
INFO: [ app_begin ] --END-- [ RunTime:0.001000s ]
NOTIC: [8] Undefined index: act D:\phpStudy\WWW\8.17\application\default\Lib\Action\BaseAction.class.php 第 8 行.
INFO: [ view_parse ] --START--
INFO: ParseTemplate Behavior ::run [ RunTime:0.043000s ]
INFO: [ view_parse ] --END-- [ RunTime:0.043000s ]
INFO: [ view_filter ] --START--
INFO: ContentReplace Behavior ::run [ RunTime:0.002000s ]
INFO: TokenBuild Behavior ::run [ RunTime:0.001000s ]
INFO: WriteHtmlCache Behavior ::run [ RunTime:0.001000s ]
INFO: ShowRuntime Behavior ::run [ RunTime:0.001000s ]
INFO: [ view_filter ] --END-- [ RunTime:0.006000s ]
INFO: [ view_end ] --START--
INFO: ShowPageTrace Behavior ::run [ RunTime:0.002000s ]
INFO: [ view_end ] --END-- [ RunTime:0.002000s ]

[ 2017-09-06T09:09:15+08:00 ] 127.0.0.1 /index.php/Login/login
INFO: [ route_check ] --START--
INFO: CheckRoute Behavior ::run [ RunTime:0.001000s ]
INFO: [ route_check ] --END-- [ RunTime:0.001000s ]
INFO: [ app_begin ] --START--
INFO: ReadHtmlCache Behavior ::run [ RunTime:0.000000s ]
INFO: [ app_begin ] --END-- [ RunTime:0.001000s ]
NOTIC: [8] Undefined index: act D:\phpStudy\WWW\8.17\application\default\Lib\Action\BaseAction.class.php 第 8 行.
SQL: SHOW COLUMNS FROM `user` [ RunTime:0.006000s ]
SQL: SELECT * FROM `user` WHERE ( `userid` = 'cxh20171' ) AND ( `password` = 'f379eaf3c831b04de153469d1bec345e' ) LIMIT 1   [ RunTime:0.003000s ]
NOTIC: [8] A session had already been started - ignoring session_start() D:\phpStudy\WWW\8.17\library\ThinkPHP\Common\functions.php 第 572 行.
SQL: UPDATE `user` SET `last_login`='2017-09-06 09:09:15',`last_ip`='127.0.0.1' WHERE ( id = 1 ) [ RunTime:0.002000s ]

[ 2017-09-06T09:09:17+08:00 ] 127.0.0.1 /index.php/Index/index.html
INFO: [ route_check ] --START--
INFO: CheckRoute Behavior ::run [ RunTime:0.001000s ]
INFO: [ route_check ] --END-- [ RunTime:0.001000s ]
INFO: [ app_begin ] --START--
INFO: ReadHtmlCache Behavior ::run [ RunTime:0.000000s ]
INFO: [ app_begin ] --END-- [ RunTime:0.000000s ]
NOTIC: [8] Undefined index: act D:\phpStudy\WWW\8.17\application\default\Lib\Action\BaseAction.class.php 第 8 行.
SQL: SHOW COLUMNS FROM `user` [ RunTime:0.005000s ]
SQL: SELECT * FROM `user` LEFT JOIN level on user.dls_lv=level.level_id WHERE ( `id` = '1' ) LIMIT 1   [ RunTime:0.003000s ]
SQL: SHOW COLUMNS FROM `fx_user` [ RunTime:0.004000s ]
SQL: SELECT `uid`,`pid` FROM `fx_user`  [ RunTime:0.002000s ]
INFO: [ view_parse ] --START--
NOTIC: [8] Undefined variable: act D:\phpStudy\WWW\8.17\application\default\Runtime\Cache\33af4b837747d1d7905dbdd00c63e095.php 第 21 行.
INFO: ParseTemplate Behavior ::run [ RunTime:0.060000s ]
INFO: [ view_parse ] --END-- [ RunTime:0.060000s ]
INFO: [ view_filter ] --START--
INFO: ContentReplace Behavior ::run [ RunTime:0.002000s ]
INFO: TokenBuild Behavior ::run [ RunTime:0.001000s ]
INFO: WriteHtmlCache Behavior ::run [ RunTime:0.001000s ]
INFO: ShowRuntime Behavior ::run [ RunTime:0.002000s ]
INFO: [ view_filter ] --END-- [ RunTime:0.006000s ]
INFO: [ view_end ] --START--
INFO: ShowPageTrace Behavior ::run [ RunTime:0.003000s ]
INFO: [ view_end ] --END-- [ RunTime:0.003000s ]

[ 2017-09-06T10:24:10+08:00 ] 127.0.0.1 /index.php/Index/index/act/%E9%A6%96%E9%A1%B5
INFO: [ route_check ] --START--
INFO: CheckRoute Behavior ::run [ RunTime:0.024000s ]
INFO: [ route_check ] --END-- [ RunTime:0.030000s ]
INFO: [ app_begin ] --START--
INFO: ReadHtmlCache Behavior ::run [ RunTime:0.002000s ]
INFO: [ app_begin ] --END-- [ RunTime:0.002000s ]

[ 2017-09-06T10:24:22+08:00 ] 127.0.0.1 /index.php/Index/index/act/%E9%A6%96%E9%A1%B5
INFO: [ route_check ] --START--
INFO: CheckRoute Behavior ::run [ RunTime:0.001000s ]
INFO: [ route_check ] --END-- [ RunTime:0.001000s ]
INFO: [ app_begin ] --START--
INFO: ReadHtmlCache Behavior ::run [ RunTime:0.001000s ]
INFO: [ app_begin ] --END-- [ RunTime:0.001000s ]

[ 2017-09-06T10:24:23+08:00 ] 127.0.0.1 /index.php
INFO: [ app_begin ] --START--
INFO: ReadHtmlCache Behavior ::run [ RunTime:0.001000s ]
INFO: [ app_begin ] --END-- [ RunTime:0.001000s ]

[ 2017-09-06T10:24:47+08:00 ] 127.0.0.1 /index.php/Index/index/act/%E9%A6%96%E9%A1%B5
INFO: [ route_check ] --START--
INFO: CheckRoute Behavior ::run [ RunTime:0.001000s ]
INFO: [ route_check ] --END-- [ RunTime:0.001000s ]
INFO: [ app_begin ] --START--
INFO: ReadHtmlCache Behavior ::run [ RunTime:0.001000s ]
INFO: [ app_begin ] --END-- [ RunTime:0.001000s ]

[ 2017-09-06T10:25:21+08:00 ] 127.0.0.1 /index.php/Index/index/act/%E9%A6%96%E9%A1%B5
INFO: [ route_check ] --START--
INFO: CheckRoute Behavior ::run [ RunTime:0.001000s ]
INFO: [ route_check ] --END-- [ RunTime:0.001000s ]
INFO: [ app_begin ] --START--
INFO: ReadHtmlCache Behavior ::run [ RunTime:0.001000s ]
INFO: [ app_begin ] --END-- [ RunTime:0.001000s ]
SQL: SHOW COLUMNS FROM `user` [ RunTime:0.006000s ]
SQL: SELECT * FROM `user` LEFT JOIN level on user.dls_lv=level.level_id WHERE ( `id` = '1' ) LIMIT 1   [ RunTime:0.004000s ]
SQL: SHOW COLUMNS FROM `fx_user` [ RunTime:0.005000s ]
SQL: SELECT `uid`,`pid` FROM `fx_user`  [ RunTime:0.003000s ]
SQL: SHOW COLUMNS FROM `fx_record` [ RunTime:0.005000s ]
SQL: SELECT DATE_FORMAT(datetime,'%Y-%c') as month,SUM('money') as mmoney FROM `fx_record` WHERE ( `uid` = 1 ) GROUP BY month ORDER BY month desc  [ RunTime:0.002000s ]

[ 2017-09-06T10:26:33+08:00 ] 127.0.0.1 /index.php/Index/index/act/%E9%A6%96%E9%A1%B5
INFO: [ route_check ] --START--
INFO: CheckRoute Behavior ::run [ RunTime:0.001000s ]
INFO: [ route_check ] --END-- [ RunTime:0.001000s ]
INFO: [ app_begin ] --START--
INFO: ReadHtmlCache Behavior ::run [ RunTime:0.001000s ]
INFO: [ app_begin ] --END-- [ RunTime:0.001000s ]
SQL: SHOW COLUMNS FROM `user` [ RunTime:0.005000s ]
SQL: SELECT * FROM `user` LEFT JOIN level on user.dls_lv=level.level_id WHERE ( `id` = '1' ) LIMIT 1   [ RunTime:0.003000s ]
SQL: SHOW COLUMNS FROM `fx_user` [ RunTime:0.004000s ]
SQL: SELECT `uid`,`pid` FROM `fx_user`  [ RunTime:0.002000s ]
SQL: SHOW COLUMNS FROM `fx_record` [ RunTime:0.004000s ]
SQL: SELECT DATE_FORMAT(datetime,'%Y-%c') as month,SUM('money') as mmoney FROM `fx_record` WHERE ( `uid` = 1 ) GROUP BY month ORDER BY month desc  [ RunTime:0.002000s ]

[ 2017-09-06T10:28:27+08:00 ] 127.0.0.1 /index.php/Index/index/act/%E9%A6%96%E9%A1%B5
INFO: [ route_check ] --START--
INFO: CheckRoute Behavior ::run [ RunTime:0.001000s ]
INFO: [ route_check ] --END-- [ RunTime:0.001000s ]
INFO: [ app_begin ] --START--
INFO: ReadHtmlCache Behavior ::run [ RunTime:0.000000s ]
INFO: [ app_begin ] --END-- [ RunTime:0.015000s ]
SQL: SHOW COLUMNS FROM `user` [ RunTime:0.006000s ]
SQL: SELECT * FROM `user` LEFT JOIN level on user.dls_lv=level.level_id WHERE ( `id` = '1' ) LIMIT 1   [ RunTime:0.002000s ]
SQL: SHOW COLUMNS FROM `fx_user` [ RunTime:0.004000s ]
SQL: SELECT `uid`,`pid` FROM `fx_user`  [ RunTime:0.002000s ]
SQL: SHOW COLUMNS FROM `fx_record` [ RunTime:0.004000s ]
SQL: SELECT SUM('money') as mmoney,DATE_FORMAT(datetime,'%Y-%c') as month FROM `fx_record` WHERE ( `uid` = 1 ) GROUP BY month ORDER BY month desc  [ RunTime:0.001000s ]

[ 2017-09-06T10:33:50+08:00 ] 127.0.0.1 /index.php/Index/index/act/%E9%A6%96%E9%A1%B5
INFO: [ route_check ] --START--
INFO: CheckRoute Behavior ::run [ RunTime:0.000000s ]
INFO: [ route_check ] --END-- [ RunTime:0.000000s ]
INFO: [ app_begin ] --START--
INFO: ReadHtmlCache Behavior ::run [ RunTime:0.000000s ]
INFO: [ app_begin ] --END-- [ RunTime:0.000000s ]
SQL: SHOW COLUMNS FROM `user` [ RunTime:0.005000s ]
SQL: SELECT * FROM `user` LEFT JOIN level on user.dls_lv=level.level_id WHERE ( `id` = '1' ) LIMIT 1   [ RunTime:0.002000s ]
SQL: SHOW COLUMNS FROM `fx_user` [ RunTime:0.005000s ]
SQL: SELECT `uid`,`pid` FROM `fx_user`  [ RunTime:0.002000s ]
SQL: SHOW COLUMNS FROM `fx_record` [ RunTime:0.004000s ]
SQL: SELECT `money`,DATE_FORMAT(datetime,'%Y-%c') as month FROM `fx_record` WHERE ( `uid` = 1 ) GROUP BY month ORDER BY month desc  [ RunTime:0.002000s ]

[ 2017-09-06T10:34:27+08:00 ] 127.0.0.1 /index.php/Index/index/act/%E9%A6%96%E9%A1%B5
INFO: [ route_check ] --START--
INFO: CheckRoute Behavior ::run [ RunTime:0.001000s ]
INFO: [ route_check ] --END-- [ RunTime:0.001000s ]
INFO: [ app_begin ] --START--
INFO: ReadHtmlCache Behavior ::run [ RunTime:0.001000s ]
INFO: [ app_begin ] --END-- [ RunTime:0.001000s ]
SQL: SHOW COLUMNS FROM `user` [ RunTime:0.006000s ]
SQL: SELECT * FROM `user` LEFT JOIN level on user.dls_lv=level.level_id WHERE ( `id` = '1' ) LIMIT 1   [ RunTime:0.003000s ]
SQL: SHOW COLUMNS FROM `fx_user` [ RunTime:0.004000s ]
SQL: SELECT `uid`,`pid` FROM `fx_user`  [ RunTime:0.002000s ]
SQL: SHOW COLUMNS FROM `fx_record` [ RunTime:0.004000s ]
SQL: SELECT SUM('money') as mmoney,DATE_FORMAT(datetime,'%Y-%c') as month FROM `fx_record` WHERE ( `uid` = 1 ) GROUP BY month ORDER BY month desc  [ RunTime:0.002000s ]

[ 2017-09-06T10:38:26+08:00 ] 127.0.0.1 /index.php/Index/index/act/%E9%A6%96%E9%A1%B5
INFO: [ route_check ] --START--
INFO: CheckRoute Behavior ::run [ RunTime:0.001000s ]
INFO: [ route_check ] --END-- [ RunTime:0.001000s ]
INFO: [ app_begin ] --START--
INFO: ReadHtmlCache Behavior ::run [ RunTime:0.001000s ]
INFO: [ app_begin ] --END-- [ RunTime:0.001000s ]
SQL: SHOW COLUMNS FROM `user` [ RunTime:0.005000s ]
SQL: SELECT * FROM `user` LEFT JOIN level on user.dls_lv=level.level_id WHERE ( `id` = '1' ) LIMIT 1   [ RunTime:0.003000s ]
SQL: SHOW COLUMNS FROM `fx_user` [ RunTime:0.004000s ]
SQL: SELECT `uid`,`pid` FROM `fx_user`  [ RunTime:0.002000s ]
SQL: SHOW COLUMNS FROM `fx_record` [ RunTime:0.004000s ]
SQL: SELECT sum('money') as mmoney,DATE_FORMAT(datetime,'%Y-%c') as month FROM `fx_record` WHERE ( `uid` = 1 ) GROUP BY month ORDER BY month desc  [ RunTime:0.002000s ]

[ 2017-09-06T10:38:26+08:00 ] 127.0.0.1 /index.php/Index/index/act/%E9%A6%96%E9%A1%B5
INFO: [ route_check ] --START--
INFO: CheckRoute Behavior ::run [ RunTime:0.002000s ]
INFO: [ route_check ] --END-- [ RunTime:0.002000s ]
INFO: [ app_begin ] --START--
INFO: ReadHtmlCache Behavior ::run [ RunTime:0.002000s ]
INFO: [ app_begin ] --END-- [ RunTime:0.002000s ]
SQL: SHOW COLUMNS FROM `user` [ RunTime:0.005000s ]
SQL: SELECT * FROM `user` LEFT JOIN level on user.dls_lv=level.level_id WHERE ( `id` = '1' ) LIMIT 1   [ RunTime:0.003000s ]
SQL: SHOW COLUMNS FROM `fx_user` [ RunTime:0.004000s ]
SQL: SELECT `uid`,`pid` FROM `fx_user`  [ RunTime:0.002000s ]
SQL: SHOW COLUMNS FROM `fx_record` [ RunTime:0.004000s ]
SQL: SELECT sum('money') as mmoney,DATE_FORMAT(datetime,'%Y-%c') as month FROM `fx_record` WHERE ( `uid` = 1 ) GROUP BY month ORDER BY month desc  [ RunTime:0.002000s ]

[ 2017-09-06T10:38:27+08:00 ] 127.0.0.1 /index.php/Index/index/act/%E9%A6%96%E9%A1%B5
INFO: [ route_check ] --START--
INFO: CheckRoute Behavior ::run [ RunTime:0.001000s ]
INFO: [ route_check ] --END-- [ RunTime:0.001000s ]
INFO: [ app_begin ] --START--
INFO: ReadHtmlCache Behavior ::run [ RunTime:0.001000s ]
INFO: [ app_begin ] --END-- [ RunTime:0.001000s ]
SQL: SHOW COLUMNS FROM `user` [ RunTime:0.005000s ]
SQL: SELECT * FROM `user` LEFT JOIN level on user.dls_lv=level.level_id WHERE ( `id` = '1' ) LIMIT 1   [ RunTime:0.003000s ]
SQL: SHOW COLUMNS FROM `fx_user` [ RunTime:0.004000s ]
SQL: SELECT `uid`,`pid` FROM `fx_user`  [ RunTime:0.002000s ]
SQL: SHOW COLUMNS FROM `fx_record` [ RunTime:0.004000s ]
SQL: SELECT sum('money') as mmoney,DATE_FORMAT(datetime,'%Y-%c') as month FROM `fx_record` WHERE ( `uid` = 1 ) GROUP BY month ORDER BY month desc  [ RunTime:0.002000s ]

[ 2017-09-06T10:38:27+08:00 ] 127.0.0.1 /index.php/Index/index/act/%E9%A6%96%E9%A1%B5
INFO: [ route_check ] --START--
INFO: CheckRoute Behavior ::run [ RunTime:0.000000s ]
INFO: [ route_check ] --END-- [ RunTime:0.001000s ]
INFO: [ app_begin ] --START--
INFO: ReadHtmlCache Behavior ::run [ RunTime:0.000000s ]
INFO: [ app_begin ] --END-- [ RunTime:0.000000s ]
SQL: SHOW COLUMNS FROM `user` [ RunTime:0.005000s ]
SQL: SELECT * FROM `user` LEFT JOIN level on user.dls_lv=level.level_id WHERE ( `id` = '1' ) LIMIT 1   [ RunTime:0.003000s ]
SQL: SHOW COLUMNS FROM `fx_user` [ RunTime:0.004000s ]
SQL: SELECT `uid`,`pid` FROM `fx_user`  [ RunTime:0.002000s ]
SQL: SHOW COLUMNS FROM `fx_record` [ RunTime:0.004000s ]
SQL: SELECT sum('money') as mmoney,DATE_FORMAT(datetime,'%Y-%c') as month FROM `fx_record` WHERE ( `uid` = 1 ) GROUP BY month ORDER BY month desc  [ RunTime:0.003000s ]

[ 2017-09-06T10:38:27+08:00 ] 127.0.0.1 /index.php/Index/index/act/%E9%A6%96%E9%A1%B5
INFO: [ route_check ] --START--
INFO: CheckRoute Behavior ::run [ RunTime:0.001000s ]
INFO: [ route_check ] --END-- [ RunTime:0.001000s ]
INFO: [ app_begin ] --START--
INFO: ReadHtmlCache Behavior ::run [ RunTime:0.001000s ]
INFO: [ app_begin ] --END-- [ RunTime:0.002000s ]
SQL: SHOW COLUMNS FROM `user` [ RunTime:0.005000s ]
SQL: SELECT * FROM `user` LEFT JOIN level on user.dls_lv=level.level_id WHERE ( `id` = '1' ) LIMIT 1   [ RunTime:0.003000s ]
SQL: SHOW COLUMNS FROM `fx_user` [ RunTime:0.004000s ]
SQL: SELECT `uid`,`pid` FROM `fx_user`  [ RunTime:0.002000s ]
SQL: SHOW COLUMNS FROM `fx_record` [ RunTime:0.004000s ]
SQL: SELECT sum('money') as mmoney,DATE_FORMAT(datetime,'%Y-%c') as month FROM `fx_record` WHERE ( `uid` = 1 ) GROUP BY month ORDER BY month desc  [ RunTime:0.003000s ]

[ 2017-09-06T10:38:32+08:00 ] 127.0.0.1 /index.php/Index/index/act/%E9%A6%96%E9%A1%B5
INFO: [ route_check ] --START--
INFO: CheckRoute Behavior ::run [ RunTime:0.001000s ]
INFO: [ route_check ] --END-- [ RunTime:0.001000s ]
INFO: [ app_begin ] --START--
INFO: ReadHtmlCache Behavior ::run [ RunTime:0.001000s ]
INFO: [ app_begin ] --END-- [ RunTime:0.001000s ]
SQL: SHOW COLUMNS FROM `user` [ RunTime:0.005000s ]
SQL: SELECT * FROM `user` LEFT JOIN level on user.dls_lv=level.level_id WHERE ( `id` = '1' ) LIMIT 1   [ RunTime:0.003000s ]
SQL: SHOW COLUMNS FROM `fx_user` [ RunTime:0.004000s ]
SQL: SELECT `uid`,`pid` FROM `fx_user`  [ RunTime:0.002000s ]
SQL: SHOW COLUMNS FROM `fx_record` [ RunTime:0.004000s ]
SQL: SELECT SUM('money') as mmoney,DATE_FORMAT(datetime,'%Y-%c') as month FROM `fx_record` WHERE ( `uid` = 1 ) GROUP BY month ORDER BY month desc  [ RunTime:0.002000s ]

[ 2017-09-06T10:38:33+08:00 ] 127.0.0.1 /index.php/Index/index/act/%E9%A6%96%E9%A1%B5
INFO: [ route_check ] --START--
INFO: CheckRoute Behavior ::run [ RunTime:0.001000s ]
INFO: [ route_check ] --END-- [ RunTime:0.001000s ]
INFO: [ app_begin ] --START--
INFO: ReadHtmlCache Behavior ::run [ RunTime:0.001000s ]
INFO: [ app_begin ] --END-- [ RunTime:0.001000s ]
SQL: SHOW COLUMNS FROM `user` [ RunTime:0.005000s ]
SQL: SELECT * FROM `user` LEFT JOIN level on user.dls_lv=level.level_id WHERE ( `id` = '1' ) LIMIT 1   [ RunTime:0.003000s ]
SQL: SHOW COLUMNS FROM `fx_user` [ RunTime:0.004000s ]
SQL: SELECT `uid`,`pid` FROM `fx_user`  [ RunTime:0.003000s ]
SQL: SHOW COLUMNS FROM `fx_record` [ RunTime:0.005000s ]
SQL: SELECT SUM('money') as mmoney,DATE_FORMAT(datetime,'%Y-%c') as month FROM `fx_record` WHERE ( `uid` = 1 ) GROUP BY month ORDER BY month desc  [ RunTime:0.003000s ]

[ 2017-09-06T10:38:33+08:00 ] 127.0.0.1 /index.php/Index/index/act/%E9%A6%96%E9%A1%B5
INFO: [ route_check ] --START--
INFO: CheckRoute Behavior ::run [ RunTime:0.002000s ]
INFO: [ route_check ] --END-- [ RunTime:0.002000s ]
INFO: [ app_begin ] --START--
INFO: ReadHtmlCache Behavior ::run [ RunTime:0.001000s ]
INFO: [ app_begin ] --END-- [ RunTime:0.001000s ]
SQL: SHOW COLUMNS FROM `user` [ RunTime:0.005000s ]
SQL: SELECT * FROM `user` LEFT JOIN level on user.dls_lv=level.level_id WHERE ( `id` = '1' ) LIMIT 1   [ RunTime:0.003000s ]
SQL: SHOW COLUMNS FROM `fx_user` [ RunTime:0.004000s ]
SQL: SELECT `uid`,`pid` FROM `fx_user`  [ RunTime:0.002000s ]
SQL: SHOW COLUMNS FROM `fx_record` [ RunTime:0.005000s ]
SQL: SELECT SUM('money') as mmoney,DATE_FORMAT(datetime,'%Y-%c') as month FROM `fx_record` WHERE ( `uid` = 1 ) GROUP BY month ORDER BY month desc  [ RunTime:0.003000s ]

[ 2017-09-06T10:38:33+08:00 ] 127.0.0.1 /index.php/Index/index/act/%E9%A6%96%E9%A1%B5
INFO: [ route_check ] --START--
INFO: CheckRoute Behavior ::run [ RunTime:0.001000s ]
INFO: [ route_check ] --END-- [ RunTime:0.001000s ]
INFO: [ app_begin ] --START--
INFO: ReadHtmlCache Behavior ::run [ RunTime:0.001000s ]
INFO: [ app_begin ] --END-- [ RunTime:0.001000s ]
SQL: SHOW COLUMNS FROM `user` [ RunTime:0.005000s ]
SQL: SELECT * FROM `user` LEFT JOIN level on user.dls_lv=level.level_id WHERE ( `id` = '1' ) LIMIT 1   [ RunTime:0.003000s ]
SQL: SHOW COLUMNS FROM `fx_user` [ RunTime:0.004000s ]
SQL: SELECT `uid`,`pid` FROM `fx_user`  [ RunTime:0.002000s ]
SQL: SHOW COLUMNS FROM `fx_record` [ RunTime:0.004000s ]
SQL: SELECT SUM('money') as mmoney,DATE_FORMAT(datetime,'%Y-%c') as month FROM `fx_record` WHERE ( `uid` = 1 ) GROUP BY month ORDER BY month desc  [ RunTime:0.003000s ]

[ 2017-09-06T10:38:38+08:00 ] 127.0.0.1 /index.php/Index/index/act/%E9%A6%96%E9%A1%B5
INFO: [ route_check ] --START--
INFO: CheckRoute Behavior ::run [ RunTime:0.001000s ]
INFO: [ route_check ] --END-- [ RunTime:0.001000s ]
INFO: [ app_begin ] --START--
INFO: ReadHtmlCache Behavior ::run [ RunTime:0.001000s ]
INFO: [ app_begin ] --END-- [ RunTime:0.001000s ]
SQL: SHOW COLUMNS FROM `user` [ RunTime:0.005000s ]
SQL: SELECT * FROM `user` LEFT JOIN level on user.dls_lv=level.level_id WHERE ( `id` = '1' ) LIMIT 1   [ RunTime:0.003000s ]
SQL: SHOW COLUMNS FROM `fx_user` [ RunTime:0.004000s ]
SQL: SELECT `uid`,`pid` FROM `fx_user`  [ RunTime:0.002000s ]
SQL: SHOW COLUMNS FROM `fx_record` [ RunTime:0.004000s ]
SQL: SELECT SUM('moey') as mmoney,DATE_FORMAT(datetime,'%Y-%c') as month FROM `fx_record` WHERE ( `uid` = 1 ) GROUP BY month ORDER BY month desc  [ RunTime:0.002000s ]

[ 2017-09-06T10:38:38+08:00 ] 127.0.0.1 /index.php/Index/index/act/%E9%A6%96%E9%A1%B5
INFO: [ route_check ] --START--
INFO: CheckRoute Behavior ::run [ RunTime:0.001000s ]
INFO: [ route_check ] --END-- [ RunTime:0.001000s ]
INFO: [ app_begin ] --START--
INFO: ReadHtmlCache Behavior ::run [ RunTime:0.001000s ]
INFO: [ app_begin ] --END-- [ RunTime:0.001000s ]
SQL: SHOW COLUMNS FROM `user` [ RunTime:0.005000s ]
SQL: SELECT * FROM `user` LEFT JOIN level on user.dls_lv=level.level_id WHERE ( `id` = '1' ) LIMIT 1   [ RunTime:0.003000s ]
SQL: SHOW COLUMNS FROM `fx_user` [ RunTime:0.004000s ]
SQL: SELECT `uid`,`pid` FROM `fx_user`  [ RunTime:0.002000s ]
SQL: SHOW COLUMNS FROM `fx_record` [ RunTime:0.004000s ]
SQL: SELECT SUM('moey') as mmoney,DATE_FORMAT(datetime,'%Y-%c') as month FROM `fx_record` WHERE ( `uid` = 1 ) GROUP BY month ORDER BY month desc  [ RunTime:0.002000s ]

[ 2017-09-06T10:38:39+08:00 ] 127.0.0.1 /index.php/Index/index/act/%E9%A6%96%E9%A1%B5
INFO: [ route_check ] --START--
INFO: CheckRoute Behavior ::run [ RunTime:0.001000s ]
INFO: [ route_check ] --END-- [ RunTime:0.001000s ]
INFO: [ app_begin ] --START--
INFO: ReadHtmlCache Behavior ::run [ RunTime:0.001000s ]
INFO: [ app_begin ] --END-- [ RunTime:0.001000s ]
SQL: SHOW COLUMNS FROM `user` [ RunTime:0.005000s ]
SQL: SELECT * FROM `user` LEFT JOIN level on user.dls_lv=level.level_id WHERE ( `id` = '1' ) LIMIT 1   [ RunTime:0.003000s ]
SQL: SHOW COLUMNS FROM `fx_user` [ RunTime:0.004000s ]
SQL: SELECT `uid`,`pid` FROM `fx_user`  [ RunTime:0.002000s ]
SQL: SHOW COLUMNS FROM `fx_record` [ RunTime:0.005000s ]
SQL: SELECT SUM('moey') as mmoney,DATE_FORMAT(datetime,'%Y-%c') as month FROM `fx_record` WHERE ( `uid` = 1 ) GROUP BY month ORDER BY month desc  [ RunTime:0.003000s ]

[ 2017-09-06T10:38:40+08:00 ] 127.0.0.1 /index.php/Index/index/act/%E9%A6%96%E9%A1%B5
INFO: [ route_check ] --START--
INFO: CheckRoute Behavior ::run [ RunTime:0.001000s ]
INFO: [ route_check ] --END-- [ RunTime:0.001000s ]
INFO: [ app_begin ] --START--
INFO: ReadHtmlCache Behavior ::run [ RunTime:0.000000s ]
INFO: [ app_begin ] --END-- [ RunTime:0.000000s ]
SQL: SHOW COLUMNS FROM `user` [ RunTime:0.004000s ]
SQL: SELECT * FROM `user` LEFT JOIN level on user.dls_lv=level.level_id WHERE ( `id` = '1' ) LIMIT 1   [ RunTime:0.002000s ]
SQL: SHOW COLUMNS FROM `fx_user` [ RunTime:0.004000s ]
SQL: SELECT `uid`,`pid` FROM `fx_user`  [ RunTime:0.002000s ]
SQL: SHOW COLUMNS FROM `fx_record` [ RunTime:0.004000s ]
SQL: SELECT SUM('moey') as mmoney,DATE_FORMAT(datetime,'%Y-%c') as month FROM `fx_record` WHERE ( `uid` = 1 ) GROUP BY month ORDER BY month desc  [ RunTime:0.002000s ]

[ 2017-09-06T10:38:40+08:00 ] 127.0.0.1 /index.php/Index/index/act/%E9%A6%96%E9%A1%B5
INFO: [ route_check ] --START--
INFO: CheckRoute Behavior ::run [ RunTime:0.001000s ]
INFO: [ route_check ] --END-- [ RunTime:0.001000s ]
INFO: [ app_begin ] --START--
INFO: ReadHtmlCache Behavior ::run [ RunTime:0.000000s ]
INFO: [ app_begin ] --END-- [ RunTime:0.000000s ]
SQL: SHOW COLUMNS FROM `user` [ RunTime:0.004000s ]
SQL: SELECT * FROM `user` LEFT JOIN level on user.dls_lv=level.level_id WHERE ( `id` = '1' ) LIMIT 1   [ RunTime:0.003000s ]
SQL: SHOW COLUMNS FROM `fx_user` [ RunTime:0.004000s ]
SQL: SELECT `uid`,`pid` FROM `fx_user`  [ RunTime:0.002000s ]
SQL: SHOW COLUMNS FROM `fx_record` [ RunTime:0.004000s ]
SQL: SELECT SUM('moey') as mmoney,DATE_FORMAT(datetime,'%Y-%c') as month FROM `fx_record` WHERE ( `uid` = 1 ) GROUP BY month ORDER BY month desc  [ RunTime:0.002000s ]

[ 2017-09-06T10:38:41+08:00 ] 127.0.0.1 /index.php/Index/index/act/%E9%A6%96%E9%A1%B5
INFO: [ route_check ] --START--
INFO: CheckRoute Behavior ::run [ RunTime:0.001000s ]
INFO: [ route_check ] --END-- [ RunTime:0.001000s ]
INFO: [ app_begin ] --START--
INFO: ReadHtmlCache Behavior ::run [ RunTime:0.000000s ]
INFO: [ app_begin ] --END-- [ RunTime:0.000000s ]
SQL: SHOW COLUMNS FROM `user` [ RunTime:0.004000s ]
SQL: SELECT * FROM `user` LEFT JOIN level on user.dls_lv=level.level_id WHERE ( `id` = '1' ) LIMIT 1   [ RunTime:0.003000s ]
SQL: SHOW COLUMNS FROM `fx_user` [ RunTime:0.004000s ]
SQL: SELECT `uid`,`pid` FROM `fx_user`  [ RunTime:0.002000s ]
SQL: SHOW COLUMNS FROM `fx_record` [ RunTime:0.004000s ]
SQL: SELECT SUM('moey') as mmoney,DATE_FORMAT(datetime,'%Y-%c') as month FROM `fx_record` WHERE ( `uid` = 1 ) GROUP BY month ORDER BY month desc  [ RunTime:0.002000s ]

[ 2017-09-06T10:38:44+08:00 ] 127.0.0.1 /index.php/Index/index/act/%E9%A6%96%E9%A1%B5
INFO: [ route_check ] --START--
INFO: CheckRoute Behavior ::run [ RunTime:0.001000s ]
INFO: [ route_check ] --END-- [ RunTime:0.001000s ]
INFO: [ app_begin ] --START--
INFO: ReadHtmlCache Behavior ::run [ RunTime:0.001000s ]
INFO: [ app_begin ] --END-- [ RunTime:0.001000s ]
SQL: SHOW COLUMNS FROM `user` [ RunTime:0.005000s ]
SQL: SELECT * FROM `user` LEFT JOIN level on user.dls_lv=level.level_id WHERE ( `id` = '1' ) LIMIT 1   [ RunTime:0.003000s ]
SQL: SHOW COLUMNS FROM `fx_user` [ RunTime:0.004000s ]
SQL: SELECT `uid`,`pid` FROM `fx_user`  [ RunTime:0.003000s ]
SQL: SHOW COLUMNS FROM `fx_record` [ RunTime:0.004000s ]
SQL: SELECT SUM('moey') as mmoney,DATE_FORMAT(datetime,'%Y-%c') as month FROM `fx_record` WHERE ( `uid` = 1 ) GROUP BY month ORDER BY month desc  [ RunTime:0.002000s ]

[ 2017-09-06T10:38:44+08:00 ] 127.0.0.1 /index.php/Index/index/act/%E9%A6%96%E9%A1%B5
INFO: [ route_check ] --START--
INFO: CheckRoute Behavior ::run [ RunTime:0.001000s ]
INFO: [ route_check ] --END-- [ RunTime:0.001000s ]
INFO: [ app_begin ] --START--
INFO: ReadHtmlCache Behavior ::run [ RunTime:0.001000s ]
INFO: [ app_begin ] --END-- [ RunTime:0.001000s ]
SQL: SHOW COLUMNS FROM `user` [ RunTime:0.005000s ]
SQL: SELECT * FROM `user` LEFT JOIN level on user.dls_lv=level.level_id WHERE ( `id` = '1' ) LIMIT 1   [ RunTime:0.003000s ]
SQL: SHOW COLUMNS FROM `fx_user` [ RunTime:0.004000s ]
SQL: SELECT `uid`,`pid` FROM `fx_user`  [ RunTime:0.002000s ]
SQL: SHOW COLUMNS FROM `fx_record` [ RunTime:0.004000s ]
SQL: SELECT SUM('moey') as mmoney,DATE_FORMAT(datetime,'%Y-%c') as month FROM `fx_record` WHERE ( `uid` = 1 ) GROUP BY month ORDER BY month desc  [ RunTime:0.002000s ]

[ 2017-09-06T10:38:44+08:00 ] 127.0.0.1 /index.php/Index/index/act/%E9%A6%96%E9%A1%B5
INFO: [ route_check ] --START--
INFO: CheckRoute Behavior ::run [ RunTime:0.000000s ]
INFO: [ route_check ] --END-- [ RunTime:0.000000s ]
INFO: [ app_begin ] --START--
INFO: ReadHtmlCache Behavior ::run [ RunTime:0.001000s ]
INFO: [ app_begin ] --END-- [ RunTime:0.001000s ]
SQL: SHOW COLUMNS FROM `user` [ RunTime:0.005000s ]
SQL: SELECT * FROM `user` LEFT JOIN level on user.dls_lv=level.level_id WHERE ( `id` = '1' ) LIMIT 1   [ RunTime:0.002000s ]
SQL: SHOW COLUMNS FROM `fx_user` [ RunTime:0.004000s ]
SQL: SELECT `uid`,`pid` FROM `fx_user`  [ RunTime:0.002000s ]
SQL: SHOW COLUMNS FROM `fx_record` [ RunTime:0.004000s ]
SQL: SELECT SUM('moey') as mmoney,DATE_FORMAT(datetime,'%Y-%c') as month FROM `fx_record` WHERE ( `uid` = 1 ) GROUP BY month ORDER BY month desc  [ RunTime:0.002000s ]

[ 2017-09-06T10:38:50+08:00 ] 127.0.0.1 /index.php/Index/index/act/%E9%A6%96%E9%A1%B5
INFO: [ route_check ] --START--
INFO: CheckRoute Behavior ::run [ RunTime:0.001000s ]
INFO: [ route_check ] --END-- [ RunTime:0.001000s ]
INFO: [ app_begin ] --START--
INFO: ReadHtmlCache Behavior ::run [ RunTime:0.001000s ]
INFO: [ app_begin ] --END-- [ RunTime:0.001000s ]
SQL: SHOW COLUMNS FROM `user` [ RunTime:0.006000s ]
SQL: SELECT * FROM `user` LEFT JOIN level on user.dls_lv=level.level_id WHERE ( `id` = '1' ) LIMIT 1   [ RunTime:0.003000s ]
SQL: SHOW COLUMNS FROM `fx_user` [ RunTime:0.004000s ]
SQL: SELECT `uid`,`pid` FROM `fx_user`  [ RunTime:0.002000s ]
SQL: SHOW COLUMNS FROM `fx_record` [ RunTime:0.005000s ]
SQL: SELECT SUM('money') as mmoney,DATE_FORMAT(datetime,'%Y-%c') as month FROM `fx_record` WHERE ( `uid` = 1 ) GROUP BY month ORDER BY month desc  [ RunTime:0.002000s ]

[ 2017-09-06T10:38:55+08:00 ] 127.0.0.1 /index.php/Index/index/act/%E9%A6%96%E9%A1%B5
INFO: [ route_check ] --START--
INFO: CheckRoute Behavior ::run [ RunTime:0.001000s ]
INFO: [ route_check ] --END-- [ RunTime:0.001000s ]
INFO: [ app_begin ] --START--
INFO: ReadHtmlCache Behavior ::run [ RunTime:0.001000s ]
INFO: [ app_begin ] --END-- [ RunTime:0.001000s ]
SQL: SHOW COLUMNS FROM `user` [ RunTime:0.005000s ]
SQL: SELECT * FROM `user` LEFT JOIN level on user.dls_lv=level.level_id WHERE ( `id` = '1' ) LIMIT 1   [ RunTime:0.003000s ]
SQL: SHOW COLUMNS FROM `fx_user` [ RunTime:0.004000s ]
SQL: SELECT `uid`,`pid` FROM `fx_user`  [ RunTime:0.002000s ]
SQL: SHOW COLUMNS FROM `fx_record` [ RunTime:0.004000s ]
SQL: SELECT SUM('money') as money,DATE_FORMAT(datetime,'%Y-%c') as month FROM `fx_record` WHERE ( `uid` = 1 ) GROUP BY month ORDER BY month desc  [ RunTime:0.003000s ]

[ 2017-09-06T10:38:58+08:00 ] 127.0.0.1 /index.php/Index/index/act/%E9%A6%96%E9%A1%B5
INFO: [ route_check ] --START--
INFO: CheckRoute Behavior ::run [ RunTime:0.002000s ]
INFO: [ route_check ] --END-- [ RunTime:0.002000s ]
INFO: [ app_begin ] --START--
INFO: ReadHtmlCache Behavior ::run [ RunTime:0.001000s ]
INFO: [ app_begin ] --END-- [ RunTime:0.001000s ]
SQL: SHOW COLUMNS FROM `user` [ RunTime:0.005000s ]
SQL: SELECT * FROM `user` LEFT JOIN level on user.dls_lv=level.level_id WHERE ( `id` = '1' ) LIMIT 1   [ RunTime:0.003000s ]
SQL: SHOW COLUMNS FROM `fx_user` [ RunTime:0.004000s ]
SQL: SELECT `uid`,`pid` FROM `fx_user`  [ RunTime:0.002000s ]
SQL: SHOW COLUMNS FROM `fx_record` [ RunTime:0.004000s ]
SQL: SELECT SUM('money') as mmoney,DATE_FORMAT(datetime,'%Y-%c') as month FROM `fx_record` WHERE ( `uid` = 1 ) GROUP BY month ORDER BY month desc  [ RunTime:0.003000s ]

[ 2017-09-06T10:40:32+08:00 ] 127.0.0.1 /index.php/Index/index/act/%E9%A6%96%E9%A1%B5
INFO: [ route_check ] --START--
INFO: CheckRoute Behavior ::run [ RunTime:0.001000s ]
INFO: [ route_check ] --END-- [ RunTime:0.001000s ]
INFO: [ app_begin ] --START--
INFO: ReadHtmlCache Behavior ::run [ RunTime:0.001000s ]
INFO: [ app_begin ] --END-- [ RunTime:0.001000s ]
SQL: SHOW COLUMNS FROM `user` [ RunTime:0.005000s ]
SQL: SELECT * FROM `user` LEFT JOIN level on user.dls_lv=level.level_id WHERE ( `id` = '1' ) LIMIT 1   [ RunTime:0.002000s ]
SQL: SHOW COLUMNS FROM `fx_user` [ RunTime:0.003000s ]
SQL: SELECT `uid`,`pid` FROM `fx_user`  [ RunTime:0.001000s ]
SQL: SHOW COLUMNS FROM `fx_record` [ RunTime:0.004000s ]
SQL: SELECT COUNT(*) AS tp_count FROM `fx_record` WHERE ( `uid` = 1 ) GROUP BY month ORDER BY month desc LIMIT 1   [ RunTime:0.001000s ]
ERR: 1054:Unknown column 'month' in 'order clause'
 [ SQL语句 ] : SELECT COUNT(*) AS tp_count FROM `fx_record` WHERE ( `uid` = 1 ) GROUP BY month ORDER BY month desc LIMIT 1  

[ 2017-09-06T10:40:33+08:00 ] 127.0.0.1 /index.php/Index/index/act/%E9%A6%96%E9%A1%B5
INFO: [ route_check ] --START--
INFO: CheckRoute Behavior ::run [ RunTime:0.000000s ]
INFO: [ route_check ] --END-- [ RunTime:0.001000s ]
INFO: [ app_begin ] --START--
INFO: ReadHtmlCache Behavior ::run [ RunTime:0.000000s ]
INFO: [ app_begin ] --END-- [ RunTime:0.000000s ]
SQL: SHOW COLUMNS FROM `user` [ RunTime:0.005000s ]
SQL: SELECT * FROM `user` LEFT JOIN level on user.dls_lv=level.level_id WHERE ( `id` = '1' ) LIMIT 1   [ RunTime:0.002000s ]
SQL: SHOW COLUMNS FROM `fx_user` [ RunTime:0.003000s ]
SQL: SELECT `uid`,`pid` FROM `fx_user`  [ RunTime:0.002000s ]
SQL: SHOW COLUMNS FROM `fx_record` [ RunTime:0.005000s ]
SQL: SELECT COUNT(*) AS tp_count FROM `fx_record` WHERE ( `uid` = 1 ) GROUP BY month ORDER BY month desc LIMIT 1   [ RunTime:0.001000s ]
ERR: 1054:Unknown column 'month' in 'order clause'
 [ SQL语句 ] : SELECT COUNT(*) AS tp_count FROM `fx_record` WHERE ( `uid` = 1 ) GROUP BY month ORDER BY month desc LIMIT 1  

[ 2017-09-06T10:40:37+08:00 ] 127.0.0.1 /index.php/Index/index/act/%E9%A6%96%E9%A1%B5
INFO: [ route_check ] --START--
INFO: CheckRoute Behavior ::run [ RunTime:0.002000s ]
INFO: [ route_check ] --END-- [ RunTime:0.002000s ]
INFO: [ app_begin ] --START--
INFO: ReadHtmlCache Behavior ::run [ RunTime:0.001000s ]
INFO: [ app_begin ] --END-- [ RunTime:0.001000s ]
SQL: SHOW COLUMNS FROM `user` [ RunTime:0.005000s ]
SQL: SELECT * FROM `user` LEFT JOIN level on user.dls_lv=level.level_id WHERE ( `id` = '1' ) LIMIT 1   [ RunTime:0.003000s ]
SQL: SHOW COLUMNS FROM `fx_user` [ RunTime:0.004000s ]
SQL: SELECT `uid`,`pid` FROM `fx_user`  [ RunTime:0.002000s ]
SQL: SHOW COLUMNS FROM `fx_record` [ RunTime:0.004000s ]
SQL: SELECT DATE_FORMAT(datetime,'%Y-%c') as month FROM `fx_record` WHERE ( `uid` = 1 ) GROUP BY month ORDER BY month desc  [ RunTime:0.002000s ]

[ 2017-09-06T10:40:43+08:00 ] 127.0.0.1 /index.php/Index/index/act/%E9%A6%96%E9%A1%B5
INFO: [ route_check ] --START--
INFO: CheckRoute Behavior ::run [ RunTime:0.001000s ]
INFO: [ route_check ] --END-- [ RunTime:0.001000s ]
INFO: [ app_begin ] --START--
INFO: ReadHtmlCache Behavior ::run [ RunTime:0.001000s ]
INFO: [ app_begin ] --END-- [ RunTime:0.001000s ]
SQL: SHOW COLUMNS FROM `user` [ RunTime:0.005000s ]
SQL: SELECT * FROM `user` LEFT JOIN level on user.dls_lv=level.level_id WHERE ( `id` = '1' ) LIMIT 1   [ RunTime:0.003000s ]
SQL: SHOW COLUMNS FROM `fx_user` [ RunTime:0.004000s ]
SQL: SELECT `uid`,`pid` FROM `fx_user`  [ RunTime:0.002000s ]
SQL: SHOW COLUMNS FROM `fx_record` [ RunTime:0.004000s ]
SQL: SELECT SUM('money') as mmoney,DATE_FORMAT(datetime,'%Y-%c') as month FROM `fx_record` WHERE ( `uid` = 1 ) GROUP BY month ORDER BY month desc  [ RunTime:0.002000s ]

[ 2017-09-06T10:41:06+08:00 ] 127.0.0.1 /index.php/Index/index/act/%E9%A6%96%E9%A1%B5
INFO: [ route_check ] --START--
INFO: CheckRoute Behavior ::run [ RunTime:0.001000s ]
INFO: [ route_check ] --END-- [ RunTime:0.001000s ]
INFO: [ app_begin ] --START--
INFO: ReadHtmlCache Behavior ::run [ RunTime:0.000000s ]
INFO: [ app_begin ] --END-- [ RunTime:0.001000s ]
SQL: SHOW COLUMNS FROM `user` [ RunTime:0.006000s ]
SQL: SELECT * FROM `user` LEFT JOIN level on user.dls_lv=level.level_id WHERE ( `id` = '1' ) LIMIT 1   [ RunTime:0.003000s ]
SQL: SHOW COLUMNS FROM `fx_user` [ RunTime:0.004000s ]
SQL: SELECT `uid`,`pid` FROM `fx_user`  [ RunTime:0.003000s ]
SQL: SHOW COLUMNS FROM `fx_record` [ RunTime:0.005000s ]
SQL: SELECT SUM('money') as mmoney,DATE_FORMAT(datetime,'%Y-%c') as month FROM `fx_record` WHERE ( `uid` = 1 ) GROUP BY month ORDER BY month desc  [ RunTime:0.002000s ]

[ 2017-09-06T10:42:49+08:00 ] 127.0.0.1 /index.php/Index/index/act/%E9%A6%96%E9%A1%B5
INFO: [ route_check ] --START--
INFO: CheckRoute Behavior ::run [ RunTime:0.001000s ]
INFO: [ route_check ] --END-- [ RunTime:0.001000s ]
INFO: [ app_begin ] --START--
INFO: ReadHtmlCache Behavior ::run [ RunTime:0.001000s ]
INFO: [ app_begin ] --END-- [ RunTime:0.001000s ]
SQL: SHOW COLUMNS FROM `user` [ RunTime:0.005000s ]
SQL: SELECT * FROM `user` LEFT JOIN level on user.dls_lv=level.level_id WHERE ( `id` = '1' ) LIMIT 1   [ RunTime:0.003000s ]
SQL: SHOW COLUMNS FROM `fx_user` [ RunTime:0.004000s ]
SQL: SELECT `uid`,`pid` FROM `fx_user`  [ RunTime:0.002000s ]
SQL: SHOW COLUMNS FROM `fx_record` [ RunTime:0.004000s ]
SQL: SELECT SUM('uid') as mmoney,DATE_FORMAT(datetime,'%Y-%c') as month FROM `fx_record` WHERE ( `uid` = 1 ) GROUP BY month ORDER BY month desc  [ RunTime:0.002000s ]

[ 2017-09-06T10:42:50+08:00 ] 127.0.0.1 /index.php/Index/index/act/%E9%A6%96%E9%A1%B5
INFO: [ route_check ] --START--
INFO: CheckRoute Behavior ::run [ RunTime:0.002000s ]
INFO: [ route_check ] --END-- [ RunTime:0.002000s ]
INFO: [ app_begin ] --START--
INFO: ReadHtmlCache Behavior ::run [ RunTime:0.001000s ]
INFO: [ app_begin ] --END-- [ RunTime:0.001000s ]
SQL: SHOW COLUMNS FROM `user` [ RunTime:0.005000s ]
SQL: SELECT * FROM `user` LEFT JOIN level on user.dls_lv=level.level_id WHERE ( `id` = '1' ) LIMIT 1   [ RunTime:0.003000s ]
SQL: SHOW COLUMNS FROM `fx_user` [ RunTime:0.004000s ]
SQL: SELECT `uid`,`pid` FROM `fx_user`  [ RunTime:0.002000s ]
SQL: SHOW COLUMNS FROM `fx_record` [ RunTime:0.004000s ]
SQL: SELECT SUM('uid') as mmoney,DATE_FORMAT(datetime,'%Y-%c') as month FROM `fx_record` WHERE ( `uid` = 1 ) GROUP BY month ORDER BY month desc  [ RunTime:0.002000s ]

[ 2017-09-06T10:42:51+08:00 ] 127.0.0.1 /index.php/Index/index/act/%E9%A6%96%E9%A1%B5
INFO: [ route_check ] --START--
INFO: CheckRoute Behavior ::run [ RunTime:0.001000s ]
INFO: [ route_check ] --END-- [ RunTime:0.001000s ]
INFO: [ app_begin ] --START--
INFO: ReadHtmlCache Behavior ::run [ RunTime:0.002000s ]
INFO: [ app_begin ] --END-- [ RunTime:0.002000s ]
SQL: SHOW COLUMNS FROM `user` [ RunTime:0.005000s ]
SQL: SELECT * FROM `user` LEFT JOIN level on user.dls_lv=level.level_id WHERE ( `id` = '1' ) LIMIT 1   [ RunTime:0.003000s ]
SQL: SHOW COLUMNS FROM `fx_user` [ RunTime:0.004000s ]
SQL: SELECT `uid`,`pid` FROM `fx_user`  [ RunTime:0.002000s ]
SQL: SHOW COLUMNS FROM `fx_record` [ RunTime:0.004000s ]
SQL: SELECT SUM('uid') as mmoney,DATE_FORMAT(datetime,'%Y-%c') as month FROM `fx_record` WHERE ( `uid` = 1 ) GROUP BY month ORDER BY month desc  [ RunTime:0.002000s ]

[ 2017-09-06T10:42:53+08:00 ] 127.0.0.1 /index.php/Index/index/act/%E9%A6%96%E9%A1%B5
INFO: [ route_check ] --START--
INFO: CheckRoute Behavior ::run [ RunTime:0.001000s ]
INFO: [ route_check ] --END-- [ RunTime:0.001000s ]
INFO: [ app_begin ] --START--
INFO: ReadHtmlCache Behavior ::run [ RunTime:0.000000s ]
INFO: [ app_begin ] --END-- [ RunTime:0.000000s ]
SQL: SHOW COLUMNS FROM `user` [ RunTime:0.004000s ]
SQL: SELECT * FROM `user` LEFT JOIN level on user.dls_lv=level.level_id WHERE ( `id` = '1' ) LIMIT 1   [ RunTime:0.002000s ]
SQL: SHOW COLUMNS FROM `fx_user` [ RunTime:0.004000s ]
SQL: SELECT `uid`,`pid` FROM `fx_user`  [ RunTime:0.002000s ]
SQL: SHOW COLUMNS FROM `fx_record` [ RunTime:0.004000s ]
SQL: SELECT SUM('uid') as mmoney,DATE_FORMAT(datetime,'%Y-%c') as month FROM `fx_record` WHERE ( `uid` = 1 ) GROUP BY month ORDER BY month desc  [ RunTime:0.002000s ]

[ 2017-09-06T10:42:53+08:00 ] 127.0.0.1 /index.php/Index/index/act/%E9%A6%96%E9%A1%B5
INFO: [ route_check ] --START--
INFO: CheckRoute Behavior ::run [ RunTime:0.001000s ]
INFO: [ route_check ] --END-- [ RunTime:0.001000s ]
INFO: [ app_begin ] --START--
INFO: ReadHtmlCache Behavior ::run [ RunTime:0.001000s ]
INFO: [ app_begin ] --END-- [ RunTime:0.001000s ]
SQL: SHOW COLUMNS FROM `user` [ RunTime:0.005000s ]
SQL: SELECT * FROM `user` LEFT JOIN level on user.dls_lv=level.level_id WHERE ( `id` = '1' ) LIMIT 1   [ RunTime:0.002000s ]
SQL: SHOW COLUMNS FROM `fx_user` [ RunTime:0.005000s ]
SQL: SELECT `uid`,`pid` FROM `fx_user`  [ RunTime:0.002000s ]
SQL: SHOW COLUMNS FROM `fx_record` [ RunTime:0.004000s ]
SQL: SELECT SUM('uid') as mmoney,DATE_FORMAT(datetime,'%Y-%c') as month FROM `fx_record` WHERE ( `uid` = 1 ) GROUP BY month ORDER BY month desc  [ RunTime:0.003000s ]

[ 2017-09-06T10:42:57+08:00 ] 127.0.0.1 /index.php/Index/index/act/%E9%A6%96%E9%A1%B5
INFO: [ route_check ] --START--
INFO: CheckRoute Behavior ::run [ RunTime:0.000000s ]
INFO: [ route_check ] --END-- [ RunTime:0.001000s ]
INFO: [ app_begin ] --START--
INFO: ReadHtmlCache Behavior ::run [ RunTime:0.000000s ]
INFO: [ app_begin ] --END-- [ RunTime:0.000000s ]
SQL: SHOW COLUMNS FROM `user` [ RunTime:0.005000s ]
SQL: SELECT * FROM `user` LEFT JOIN level on user.dls_lv=level.level_id WHERE ( `id` = '1' ) LIMIT 1   [ RunTime:0.002000s ]
SQL: SHOW COLUMNS FROM `fx_user` [ RunTime:0.004000s ]
SQL: SELECT `uid`,`pid` FROM `fx_user`  [ RunTime:0.002000s ]
SQL: SHOW COLUMNS FROM `fx_record` [ RunTime:0.004000s ]
SQL: SELECT SUM('money') as mmoney,DATE_FORMAT(datetime,'%Y-%c') as month FROM `fx_record` WHERE ( `uid` = 1 ) GROUP BY month ORDER BY month desc  [ RunTime:0.002000s ]

[ 2017-09-06T10:42:57+08:00 ] 127.0.0.1 /index.php/Index/index/act/%E9%A6%96%E9%A1%B5
INFO: [ route_check ] --START--
INFO: CheckRoute Behavior ::run [ RunTime:0.001000s ]
INFO: [ route_check ] --END-- [ RunTime:0.001000s ]
INFO: [ app_begin ] --START--
INFO: ReadHtmlCache Behavior ::run [ RunTime:0.001000s ]
INFO: [ app_begin ] --END-- [ RunTime:0.001000s ]
SQL: SHOW COLUMNS FROM `user` [ RunTime:0.005000s ]
SQL: SELECT * FROM `user` LEFT JOIN level on user.dls_lv=level.level_id WHERE ( `id` = '1' ) LIMIT 1   [ RunTime:0.002000s ]
SQL: SHOW COLUMNS FROM `fx_user` [ RunTime:0.004000s ]
SQL: SELECT `uid`,`pid` FROM `fx_user`  [ RunTime:0.002000s ]
SQL: SHOW COLUMNS FROM `fx_record` [ RunTime:0.004000s ]
SQL: SELECT SUM('money') as mmoney,DATE_FORMAT(datetime,'%Y-%c') as month FROM `fx_record` WHERE ( `uid` = 1 ) GROUP BY month ORDER BY month desc  [ RunTime:0.002000s ]

[ 2017-09-06T10:43:21+08:00 ] 127.0.0.1 /index.php/Index/index/act/%E9%A6%96%E9%A1%B5
INFO: [ route_check ] --START--
INFO: CheckRoute Behavior ::run [ RunTime:0.001000s ]
INFO: [ route_check ] --END-- [ RunTime:0.001000s ]
INFO: [ app_begin ] --START--
INFO: ReadHtmlCache Behavior ::run [ RunTime:0.000000s ]
INFO: [ app_begin ] --END-- [ RunTime:0.000000s ]
SQL: SHOW COLUMNS FROM `user` [ RunTime:0.005000s ]
SQL: SELECT * FROM `user` LEFT JOIN level on user.dls_lv=level.level_id WHERE ( `id` = '1' ) LIMIT 1   [ RunTime:0.003000s ]
SQL: SHOW COLUMNS FROM `fx_user` [ RunTime:0.004000s ]
SQL: SELECT `uid`,`pid` FROM `fx_user`  [ RunTime:0.002000s ]
SQL: SHOW COLUMNS FROM `fx_record` [ RunTime:0.004000s ]
SQL: SELECT SUM('money') as mmoney,DATE_FORMAT(datetime,'%Y-%c') as month FROM `fx_record` WHERE ( `uid` = 87 ) GROUP BY month ORDER BY month desc  [ RunTime:0.002000s ]

[ 2017-09-06T10:43:22+08:00 ] 127.0.0.1 /index.php/Index/index/act/%E9%A6%96%E9%A1%B5
INFO: [ route_check ] --START--
INFO: CheckRoute Behavior ::run [ RunTime:0.001000s ]
INFO: [ route_check ] --END-- [ RunTime:0.001000s ]
INFO: [ app_begin ] --START--
INFO: ReadHtmlCache Behavior ::run [ RunTime:0.000000s ]
INFO: [ app_begin ] --END-- [ RunTime:0.000000s ]
SQL: SHOW COLUMNS FROM `user` [ RunTime:0.004000s ]
SQL: SELECT * FROM `user` LEFT JOIN level on user.dls_lv=level.level_id WHERE ( `id` = '1' ) LIMIT 1   [ RunTime:0.002000s ]
SQL: SHOW COLUMNS FROM `fx_user` [ RunTime:0.004000s ]
SQL: SELECT `uid`,`pid` FROM `fx_user`  [ RunTime:0.002000s ]
SQL: SHOW COLUMNS FROM `fx_record` [ RunTime:0.005000s ]
SQL: SELECT SUM('money') as mmoney,DATE_FORMAT(datetime,'%Y-%c') as month FROM `fx_record` WHERE ( `uid` = 87 ) GROUP BY month ORDER BY month desc  [ RunTime:0.002000s ]

[ 2017-09-06T10:43:22+08:00 ] 127.0.0.1 /index.php/Index/index/act/%E9%A6%96%E9%A1%B5
INFO: [ route_check ] --START--
INFO: CheckRoute Behavior ::run [ RunTime:0.002000s ]
INFO: [ route_check ] --END-- [ RunTime:0.002000s ]
INFO: [ app_begin ] --START--
INFO: ReadHtmlCache Behavior ::run [ RunTime:0.002000s ]
INFO: [ app_begin ] --END-- [ RunTime:0.002000s ]
SQL: SHOW COLUMNS FROM `user` [ RunTime:0.005000s ]
SQL: SELECT * FROM `user` LEFT JOIN level on user.dls_lv=level.level_id WHERE ( `id` = '1' ) LIMIT 1   [ RunTime:0.002000s ]
SQL: SHOW COLUMNS FROM `fx_user` [ RunTime:0.004000s ]
SQL: SELECT `uid`,`pid` FROM `fx_user`  [ RunTime:0.002000s ]
SQL: SHOW COLUMNS FROM `fx_record` [ RunTime:0.004000s ]
SQL: SELECT SUM('money') as mmoney,DATE_FORMAT(datetime,'%Y-%c') as month FROM `fx_record` WHERE ( `uid` = 87 ) GROUP BY month ORDER BY month desc  [ RunTime:0.002000s ]

[ 2017-09-06T10:43:22+08:00 ] 127.0.0.1 /index.php/Index/index/act/%E9%A6%96%E9%A1%B5
INFO: [ route_check ] --START--
INFO: CheckRoute Behavior ::run [ RunTime:0.001000s ]
INFO: [ route_check ] --END-- [ RunTime:0.001000s ]
INFO: [ app_begin ] --START--
INFO: ReadHtmlCache Behavior ::run [ RunTime:0.001000s ]
INFO: [ app_begin ] --END-- [ RunTime:0.001000s ]
SQL: SHOW COLUMNS FROM `user` [ RunTime:0.005000s ]
SQL: SELECT * FROM `user` LEFT JOIN level on user.dls_lv=level.level_id WHERE ( `id` = '1' ) LIMIT 1   [ RunTime:0.003000s ]
SQL: SHOW COLUMNS FROM `fx_user` [ RunTime:0.004000s ]
SQL: SELECT `uid`,`pid` FROM `fx_user`  [ RunTime:0.002000s ]
SQL: SHOW COLUMNS FROM `fx_record` [ RunTime:0.004000s ]
SQL: SELECT SUM('money') as mmoney,DATE_FORMAT(datetime,'%Y-%c') as month FROM `fx_record` WHERE ( `uid` = 87 ) GROUP BY month ORDER BY month desc  [ RunTime:0.003000s ]

[ 2017-09-06T10:43:23+08:00 ] 127.0.0.1 /index.php/Index/index/act/%E9%A6%96%E9%A1%B5
INFO: [ route_check ] --START--
INFO: CheckRoute Behavior ::run [ RunTime:0.001000s ]
INFO: [ route_check ] --END-- [ RunTime:0.001000s ]
INFO: [ app_begin ] --START--
INFO: ReadHtmlCache Behavior ::run [ RunTime:0.001000s ]
INFO: [ app_begin ] --END-- [ RunTime:0.001000s ]
SQL: SHOW COLUMNS FROM `user` [ RunTime:0.005000s ]
SQL: SELECT * FROM `user` LEFT JOIN level on user.dls_lv=level.level_id WHERE ( `id` = '1' ) LIMIT 1   [ RunTime:0.003000s ]
SQL: SHOW COLUMNS FROM `fx_user` [ RunTime:0.004000s ]
SQL: SELECT `uid`,`pid` FROM `fx_user`  [ RunTime:0.002000s ]
SQL: SHOW COLUMNS FROM `fx_record` [ RunTime:0.004000s ]
SQL: SELECT SUM('money') as mmoney,DATE_FORMAT(datetime,'%Y-%c') as month FROM `fx_record` WHERE ( `uid` = 87 ) GROUP BY month ORDER BY month desc  [ RunTime:0.002000s ]

[ 2017-09-06T10:43:25+08:00 ] 127.0.0.1 /index.php/Index/index/act/%E9%A6%96%E9%A1%B5
INFO: [ route_check ] --START--
INFO: CheckRoute Behavior ::run [ RunTime:0.001000s ]
INFO: [ route_check ] --END-- [ RunTime:0.001000s ]
INFO: [ app_begin ] --START--
INFO: ReadHtmlCache Behavior ::run [ RunTime:0.001000s ]
INFO: [ app_begin ] --END-- [ RunTime:0.001000s ]
SQL: SHOW COLUMNS FROM `user` [ RunTime:0.005000s ]
SQL: SELECT * FROM `user` LEFT JOIN level on user.dls_lv=level.level_id WHERE ( `id` = '1' ) LIMIT 1   [ RunTime:0.003000s ]
SQL: SHOW COLUMNS FROM `fx_user` [ RunTime:0.004000s ]
SQL: SELECT `uid`,`pid` FROM `fx_user`  [ RunTime:0.002000s ]
SQL: SHOW COLUMNS FROM `fx_record` [ RunTime:0.004000s ]
SQL: SELECT SUM('money') as mmoney,DATE_FORMAT(datetime,'%Y-%c') as month FROM `fx_record` WHERE ( `uid` = 87 ) GROUP BY month ORDER BY month desc  [ RunTime:0.003000s ]

[ 2017-09-06T10:43:25+08:00 ] 127.0.0.1 /index.php/Index/index/act/%E9%A6%96%E9%A1%B5
INFO: [ route_check ] --START--
INFO: CheckRoute Behavior ::run [ RunTime:0.001000s ]
INFO: [ route_check ] --END-- [ RunTime:0.001000s ]
INFO: [ app_begin ] --START--
INFO: ReadHtmlCache Behavior ::run [ RunTime:0.000000s ]
INFO: [ app_begin ] --END-- [ RunTime:0.001000s ]
SQL: SHOW COLUMNS FROM `user` [ RunTime:0.005000s ]
SQL: SELECT * FROM `user` LEFT JOIN level on user.dls_lv=level.level_id WHERE ( `id` = '1' ) LIMIT 1   [ RunTime:0.002000s ]
SQL: SHOW COLUMNS FROM `fx_user` [ RunTime:0.004000s ]
SQL: SELECT `uid`,`pid` FROM `fx_user`  [ RunTime:0.002000s ]
SQL: SHOW COLUMNS FROM `fx_record` [ RunTime:0.004000s ]
SQL: SELECT SUM('money') as mmoney,DATE_FORMAT(datetime,'%Y-%c') as month FROM `fx_record` WHERE ( `uid` = 87 ) GROUP BY month ORDER BY month desc  [ RunTime:0.002000s ]

[ 2017-09-06T10:43:25+08:00 ] 127.0.0.1 /index.php/Index/index/act/%E9%A6%96%E9%A1%B5
INFO: [ route_check ] --START--
INFO: CheckRoute Behavior ::run [ RunTime:0.001000s ]
INFO: [ route_check ] --END-- [ RunTime:0.001000s ]
INFO: [ app_begin ] --START--
INFO: ReadHtmlCache Behavior ::run [ RunTime:0.001000s ]
INFO: [ app_begin ] --END-- [ RunTime:0.001000s ]
SQL: SHOW COLUMNS FROM `user` [ RunTime:0.005000s ]
SQL: SELECT * FROM `user` LEFT JOIN level on user.dls_lv=level.level_id WHERE ( `id` = '1' ) LIMIT 1   [ RunTime:0.002000s ]
SQL: SHOW COLUMNS FROM `fx_user` [ RunTime:0.004000s ]
SQL: SELECT `uid`,`pid` FROM `fx_user`  [ RunTime:0.002000s ]
SQL: SHOW COLUMNS FROM `fx_record` [ RunTime:0.004000s ]
SQL: SELECT SUM('money') as mmoney,DATE_FORMAT(datetime,'%Y-%c') as month FROM `fx_record` WHERE ( `uid` = 87 ) GROUP BY month ORDER BY month desc  [ RunTime:0.002000s ]

[ 2017-09-06T10:43:28+08:00 ] 127.0.0.1 /index.php/Index/index/act/%E9%A6%96%E9%A1%B5
INFO: [ route_check ] --START--
INFO: CheckRoute Behavior ::run [ RunTime:0.001000s ]
INFO: [ route_check ] --END-- [ RunTime:0.001000s ]
INFO: [ app_begin ] --START--
INFO: ReadHtmlCache Behavior ::run [ RunTime:0.000000s ]
INFO: [ app_begin ] --END-- [ RunTime:0.001000s ]
SQL: SHOW COLUMNS FROM `user` [ RunTime:0.005000s ]
SQL: SELECT * FROM `user` LEFT JOIN level on user.dls_lv=level.level_id WHERE ( `id` = '1' ) LIMIT 1   [ RunTime:0.002000s ]
SQL: SHOW COLUMNS FROM `fx_user` [ RunTime:0.004000s ]
SQL: SELECT `uid`,`pid` FROM `fx_user`  [ RunTime:0.002000s ]
SQL: SHOW COLUMNS FROM `fx_record` [ RunTime:0.004000s ]
SQL: SELECT SUM('money') as mmoney,DATE_FORMAT(datetime,'%Y-%c') as month FROM `fx_record` WHERE ( `uid` = 1 ) GROUP BY month ORDER BY month desc  [ RunTime:0.002000s ]

[ 2017-09-06T10:44:37+08:00 ] 127.0.0.1 /index.php/Index/index/act/%E9%A6%96%E9%A1%B5
INFO: [ route_check ] --START--
INFO: CheckRoute Behavior ::run [ RunTime:0.000000s ]
INFO: [ route_check ] --END-- [ RunTime:0.000000s ]
INFO: [ app_begin ] --START--
INFO: ReadHtmlCache Behavior ::run [ RunTime:0.000000s ]
INFO: [ app_begin ] --END-- [ RunTime:0.000000s ]
SQL: SHOW COLUMNS FROM `user` [ RunTime:0.005000s ]
SQL: SELECT * FROM `user` LEFT JOIN level on user.dls_lv=level.level_id WHERE ( `id` = '1' ) LIMIT 1   [ RunTime:0.003000s ]
SQL: SHOW COLUMNS FROM `fx_user` [ RunTime:0.004000s ]
SQL: SELECT `uid`,`pid` FROM `fx_user`  [ RunTime:0.002000s ]
SQL: SHOW COLUMNS FROM `fx_record` [ RunTime:0.004000s ]
SQL: SELECT SUM('money') as mmoney,DATE_FORMAT(datetime,'%Y-%c') as month FROM `fx_record` WHERE ( `uid` = 1 ) GROUP BY month ORDER BY month desc  [ RunTime:0.002000s ]

[ 2017-09-06T10:48:06+08:00 ] 127.0.0.1 /index.php/Index/index/act/%E9%A6%96%E9%A1%B5
INFO: [ route_check ] --START--
INFO: CheckRoute Behavior ::run [ RunTime:0.001000s ]
INFO: [ route_check ] --END-- [ RunTime:0.001000s ]
INFO: [ app_begin ] --START--
INFO: ReadHtmlCache Behavior ::run [ RunTime:0.001000s ]
INFO: [ app_begin ] --END-- [ RunTime:0.001000s ]
SQL: SHOW COLUMNS FROM `user` [ RunTime:0.005000s ]
SQL: SELECT * FROM `user` LEFT JOIN level on user.dls_lv=level.level_id WHERE ( `id` = '1' ) LIMIT 1   [ RunTime:0.003000s ]
SQL: SHOW COLUMNS FROM `fx_user` [ RunTime:0.004000s ]
SQL: SELECT `uid`,`pid` FROM `fx_user`  [ RunTime:0.003000s ]
SQL: SHOW COLUMNS FROM `fx_record` [ RunTime:0.004000s ]
SQL: SELECT SUM('money') as mmoney,DATE_FORMAT(datetime,'%Y-%c') as month FROM `fx_record` WHERE ( `uid` = 1 ) GROUP BY month ORDER BY month desc  [ RunTime:0.002000s ]

[ 2017-09-06T10:48:06+08:00 ] 127.0.0.1 /index.php/Index/index/act/%E9%A6%96%E9%A1%B5
INFO: [ route_check ] --START--
INFO: CheckRoute Behavior ::run [ RunTime:0.002000s ]
INFO: [ route_check ] --END-- [ RunTime:0.002000s ]
INFO: [ app_begin ] --START--
INFO: ReadHtmlCache Behavior ::run [ RunTime:0.002000s ]
INFO: [ app_begin ] --END-- [ RunTime:0.002000s ]
SQL: SHOW COLUMNS FROM `user` [ RunTime:0.005000s ]
SQL: SELECT * FROM `user` LEFT JOIN level on user.dls_lv=level.level_id WHERE ( `id` = '1' ) LIMIT 1   [ RunTime:0.002000s ]
SQL: SHOW COLUMNS FROM `fx_user` [ RunTime:0.004000s ]
SQL: SELECT `uid`,`pid` FROM `fx_user`  [ RunTime:0.002000s ]
SQL: SHOW COLUMNS FROM `fx_record` [ RunTime:0.004000s ]
SQL: SELECT SUM('money') as mmoney,DATE_FORMAT(datetime,'%Y-%c') as month FROM `fx_record` WHERE ( `uid` = 1 ) GROUP BY month ORDER BY month desc  [ RunTime:0.003000s ]

[ 2017-09-06T10:48:06+08:00 ] 127.0.0.1 /index.php/Index/index/act/%E9%A6%96%E9%A1%B5
INFO: [ route_check ] --START--
INFO: CheckRoute Behavior ::run [ RunTime:0.001000s ]
INFO: [ route_check ] --END-- [ RunTime:0.001000s ]
INFO: [ app_begin ] --START--
INFO: ReadHtmlCache Behavior ::run [ RunTime:0.001000s ]
INFO: [ app_begin ] --END-- [ RunTime:0.001000s ]
SQL: SHOW COLUMNS FROM `user` [ RunTime:0.005000s ]
SQL: SELECT * FROM `user` LEFT JOIN level on user.dls_lv=level.level_id WHERE ( `id` = '1' ) LIMIT 1   [ RunTime:0.003000s ]
SQL: SHOW COLUMNS FROM `fx_user` [ RunTime:0.004000s ]
SQL: SELECT `uid`,`pid` FROM `fx_user`  [ RunTime:0.002000s ]
SQL: SHOW COLUMNS FROM `fx_record` [ RunTime:0.004000s ]
SQL: SELECT SUM('money') as mmoney,DATE_FORMAT(datetime,'%Y-%c') as month FROM `fx_record` WHERE ( `uid` = 1 ) GROUP BY month ORDER BY month desc  [ RunTime:0.002000s ]

[ 2017-09-06T10:48:06+08:00 ] 127.0.0.1 /index.php/Index/index/act/%E9%A6%96%E9%A1%B5
INFO: [ route_check ] --START--
INFO: CheckRoute Behavior ::run [ RunTime:0.002000s ]
INFO: [ route_check ] --END-- [ RunTime:0.002000s ]
INFO: [ app_begin ] --START--
INFO: ReadHtmlCache Behavior ::run [ RunTime:0.001000s ]
INFO: [ app_begin ] --END-- [ RunTime:0.001000s ]
SQL: SHOW COLUMNS FROM `user` [ RunTime:0.005000s ]
SQL: SELECT * FROM `user` LEFT JOIN level on user.dls_lv=level.level_id WHERE ( `id` = '1' ) LIMIT 1   [ RunTime:0.003000s ]
SQL: SHOW COLUMNS FROM `fx_user` [ RunTime:0.004000s ]
SQL: SELECT `uid`,`pid` FROM `fx_user`  [ RunTime:0.002000s ]
SQL: SHOW COLUMNS FROM `fx_record` [ RunTime:0.004000s ]
SQL: SELECT SUM('money') as mmoney,DATE_FORMAT(datetime,'%Y-%c') as month FROM `fx_record` WHERE ( `uid` = 1 ) GROUP BY month ORDER BY month desc  [ RunTime:0.002000s ]

[ 2017-09-06T10:49:00+08:00 ] 127.0.0.1 /index.php/Index/index/act/%E9%A6%96%E9%A1%B5
INFO: [ route_check ] --START--
INFO: CheckRoute Behavior ::run [ RunTime:0.001000s ]
INFO: [ route_check ] --END-- [ RunTime:0.001000s ]
INFO: [ app_begin ] --START--
INFO: ReadHtmlCache Behavior ::run [ RunTime:0.001000s ]
INFO: [ app_begin ] --END-- [ RunTime:0.001000s ]
SQL: SHOW COLUMNS FROM `user` [ RunTime:0.005000s ]
SQL: SELECT * FROM `user` LEFT JOIN level on user.dls_lv=level.level_id WHERE ( `id` = '1' ) LIMIT 1   [ RunTime:0.003000s ]
SQL: SHOW COLUMNS FROM `fx_user` [ RunTime:0.004000s ]
SQL: SELECT `uid`,`pid` FROM `fx_user`  [ RunTime:0.002000s ]
SQL: SHOW COLUMNS FROM `fx_record` [ RunTime:0.004000s ]
SQL: SELECT SUM('money') as mmoney,DATE_FORMAT(datetime,'%Y-%c') as month FROM `fx_record` WHERE ( `uid` = 1 ) GROUP BY month ORDER BY month desc  [ RunTime:0.002000s ]

[ 2017-09-06T10:49:24+08:00 ] 127.0.0.1 /index.php/Index/index/act/%E9%A6%96%E9%A1%B5
INFO: [ route_check ] --START--
INFO: CheckRoute Behavior ::run [ RunTime:0.001000s ]
INFO: [ route_check ] --END-- [ RunTime:0.001000s ]
INFO: [ app_begin ] --START--
INFO: ReadHtmlCache Behavior ::run [ RunTime:0.000000s ]
INFO: [ app_begin ] --END-- [ RunTime:0.000000s ]
SQL: SHOW COLUMNS FROM `user` [ RunTime:0.005000s ]
SQL: SELECT * FROM `user` LEFT JOIN level on user.dls_lv=level.level_id WHERE ( `id` = '1' ) LIMIT 1   [ RunTime:0.003000s ]
SQL: SHOW COLUMNS FROM `fx_user` [ RunTime:0.004000s ]
SQL: SELECT `uid`,`pid` FROM `fx_user`  [ RunTime:0.002000s ]
SQL: SHOW COLUMNS FROM `fx_record` [ RunTime:0.004000s ]
SQL: SELECT SUM('money') as summoney,DATE_FORMAT(datetime,'%Y-%c') as month FROM `fx_record` WHERE ( `uid` = 1 ) GROUP BY month ORDER BY month desc  [ RunTime:0.002000s ]

[ 2017-09-06T10:49:25+08:00 ] 127.0.0.1 /index.php/Index/index/act/%E9%A6%96%E9%A1%B5
INFO: [ route_check ] --START--
INFO: CheckRoute Behavior ::run [ RunTime:0.000000s ]
INFO: [ route_check ] --END-- [ RunTime:0.001000s ]
INFO: [ app_begin ] --START--
INFO: ReadHtmlCache Behavior ::run [ RunTime:0.000000s ]
INFO: [ app_begin ] --END-- [ RunTime:0.000000s ]
SQL: SHOW COLUMNS FROM `user` [ RunTime:0.004000s ]
SQL: SELECT * FROM `user` LEFT JOIN level on user.dls_lv=level.level_id WHERE ( `id` = '1' ) LIMIT 1   [ RunTime:0.002000s ]
SQL: SHOW COLUMNS FROM `fx_user` [ RunTime:0.004000s ]
SQL: SELECT `uid`,`pid` FROM `fx_user`  [ RunTime:0.002000s ]
SQL: SHOW COLUMNS FROM `fx_record` [ RunTime:0.004000s ]
SQL: SELECT SUM('money') as summoney,DATE_FORMAT(datetime,'%Y-%c') as month FROM `fx_record` WHERE ( `uid` = 1 ) GROUP BY month ORDER BY month desc  [ RunTime:0.002000s ]

[ 2017-09-06T10:49:25+08:00 ] 127.0.0.1 /index.php/Index/index/act/%E9%A6%96%E9%A1%B5
INFO: [ route_check ] --START--
INFO: CheckRoute Behavior ::run [ RunTime:0.001000s ]
INFO: [ route_check ] --END-- [ RunTime:0.001000s ]
INFO: [ app_begin ] --START--
INFO: ReadHtmlCache Behavior ::run [ RunTime:0.000000s ]
INFO: [ app_begin ] --END-- [ RunTime:0.000000s ]
SQL: SHOW COLUMNS FROM `user` [ RunTime:0.004000s ]
SQL: SELECT * FROM `user` LEFT JOIN level on user.dls_lv=level.level_id WHERE ( `id` = '1' ) LIMIT 1   [ RunTime:0.002000s ]
SQL: SHOW COLUMNS FROM `fx_user` [ RunTime:0.004000s ]
SQL: SELECT `uid`,`pid` FROM `fx_user`  [ RunTime:0.002000s ]
SQL: SHOW COLUMNS FROM `fx_record` [ RunTime:0.005000s ]
SQL: SELECT SUM('money') as summoney,DATE_FORMAT(datetime,'%Y-%c') as month FROM `fx_record` WHERE ( `uid` = 1 ) GROUP BY month ORDER BY month desc  [ RunTime:0.002000s ]

[ 2017-09-06T10:49:25+08:00 ] 127.0.0.1 /index.php/Index/index/act/%E9%A6%96%E9%A1%B5
INFO: [ route_check ] --START--
INFO: CheckRoute Behavior ::run [ RunTime:0.000000s ]
INFO: [ route_check ] --END-- [ RunTime:0.000000s ]
INFO: [ app_begin ] --START--
INFO: ReadHtmlCache Behavior ::run [ RunTime:0.000000s ]
INFO: [ app_begin ] --END-- [ RunTime:0.000000s ]
SQL: SHOW COLUMNS FROM `user` [ RunTime:0.005000s ]
SQL: SELECT * FROM `user` LEFT JOIN level on user.dls_lv=level.level_id WHERE ( `id` = '1' ) LIMIT 1   [ RunTime:0.002000s ]
SQL: SHOW COLUMNS FROM `fx_user` [ RunTime:0.004000s ]
SQL: SELECT `uid`,`pid` FROM `fx_user`  [ RunTime:0.002000s ]
SQL: SHOW COLUMNS FROM `fx_record` [ RunTime:0.005000s ]
SQL: SELECT SUM('money') as summoney,DATE_FORMAT(datetime,'%Y-%c') as month FROM `fx_record` WHERE ( `uid` = 1 ) GROUP BY month ORDER BY month desc  [ RunTime:0.002000s ]

[ 2017-09-06T10:49:26+08:00 ] 127.0.0.1 /index.php/Index/index/act/%E9%A6%96%E9%A1%B5
INFO: [ route_check ] --START--
INFO: CheckRoute Behavior ::run [ RunTime:0.001000s ]
INFO: [ route_check ] --END-- [ RunTime:0.001000s ]
INFO: [ app_begin ] --START--
INFO: ReadHtmlCache Behavior ::run [ RunTime:0.001000s ]
INFO: [ app_begin ] --END-- [ RunTime:0.001000s ]
SQL: SHOW COLUMNS FROM `user` [ RunTime:0.005000s ]
SQL: SELECT * FROM `user` LEFT JOIN level on user.dls_lv=level.level_id WHERE ( `id` = '1' ) LIMIT 1   [ RunTime:0.003000s ]
SQL: SHOW COLUMNS FROM `fx_user` [ RunTime:0.004000s ]
SQL: SELECT `uid`,`pid` FROM `fx_user`  [ RunTime:0.002000s ]
SQL: SHOW COLUMNS FROM `fx_record` [ RunTime:0.004000s ]
SQL: SELECT SUM('money') as summoney,DATE_FORMAT(datetime,'%Y-%c') as month FROM `fx_record` WHERE ( `uid` = 1 ) GROUP BY month ORDER BY month desc  [ RunTime:0.002000s ]

[ 2017-09-06T10:49:26+08:00 ] 127.0.0.1 /index.php/Index/index/act/%E9%A6%96%E9%A1%B5
INFO: [ route_check ] --START--
INFO: CheckRoute Behavior ::run [ RunTime:0.000000s ]
INFO: [ route_check ] --END-- [ RunTime:0.000000s ]
INFO: [ app_begin ] --START--
INFO: ReadHtmlCache Behavior ::run [ RunTime:0.001000s ]
INFO: [ app_begin ] --END-- [ RunTime:0.001000s ]
SQL: SHOW COLUMNS FROM `user` [ RunTime:0.005000s ]
SQL: SELECT * FROM `user` LEFT JOIN level on user.dls_lv=level.level_id WHERE ( `id` = '1' ) LIMIT 1   [ RunTime:0.003000s ]
SQL: SHOW COLUMNS FROM `fx_user` [ RunTime:0.005000s ]
SQL: SELECT `uid`,`pid` FROM `fx_user`  [ RunTime:0.002000s ]
SQL: SHOW COLUMNS FROM `fx_record` [ RunTime:0.004000s ]
SQL: SELECT SUM('money') as summoney,DATE_FORMAT(datetime,'%Y-%c') as month FROM `fx_record` WHERE ( `uid` = 1 ) GROUP BY month ORDER BY month desc  [ RunTime:0.002000s ]

[ 2017-09-06T10:49:26+08:00 ] 127.0.0.1 /index.php/Index/index/act/%E9%A6%96%E9%A1%B5
INFO: [ route_check ] --START--
INFO: CheckRoute Behavior ::run [ RunTime:0.001000s ]
INFO: [ route_check ] --END-- [ RunTime:0.001000s ]
INFO: [ app_begin ] --START--
INFO: ReadHtmlCache Behavior ::run [ RunTime:0.001000s ]
INFO: [ app_begin ] --END-- [ RunTime:0.001000s ]
SQL: SHOW COLUMNS FROM `user` [ RunTime:0.005000s ]
SQL: SELECT * FROM `user` LEFT JOIN level on user.dls_lv=level.level_id WHERE ( `id` = '1' ) LIMIT 1   [ RunTime:0.003000s ]
SQL: SHOW COLUMNS FROM `fx_user` [ RunTime:0.004000s ]
SQL: SELECT `uid`,`pid` FROM `fx_user`  [ RunTime:0.002000s ]
SQL: SHOW COLUMNS FROM `fx_record` [ RunTime:0.005000s ]
SQL: SELECT SUM('money') as summoney,DATE_FORMAT(datetime,'%Y-%c') as month FROM `fx_record` WHERE ( `uid` = 1 ) GROUP BY month ORDER BY month desc  [ RunTime:0.002000s ]

[ 2017-09-06T10:49:26+08:00 ] 127.0.0.1 /index.php/Index/index/act/%E9%A6%96%E9%A1%B5
INFO: [ route_check ] --START--
INFO: CheckRoute Behavior ::run [ RunTime:0.001000s ]
INFO: [ route_check ] --END-- [ RunTime:0.001000s ]
INFO: [ app_begin ] --START--
INFO: ReadHtmlCache Behavior ::run [ RunTime:0.001000s ]
INFO: [ app_begin ] --END-- [ RunTime:0.001000s ]
SQL: SHOW COLUMNS FROM `user` [ RunTime:0.005000s ]
SQL: SELECT * FROM `user` LEFT JOIN level on user.dls_lv=level.level_id WHERE ( `id` = '1' ) LIMIT 1   [ RunTime:0.003000s ]
SQL: SHOW COLUMNS FROM `fx_user` [ RunTime:0.004000s ]
SQL: SELECT `uid`,`pid` FROM `fx_user`  [ RunTime:0.002000s ]
SQL: SHOW COLUMNS FROM `fx_record` [ RunTime:0.004000s ]
SQL: SELECT SUM('money') as summoney,DATE_FORMAT(datetime,'%Y-%c') as month FROM `fx_record` WHERE ( `uid` = 1 ) GROUP BY month ORDER BY month desc  [ RunTime:0.002000s ]

[ 2017-09-06T10:49:27+08:00 ] 127.0.0.1 /index.php/Index/index/act/%E9%A6%96%E9%A1%B5
INFO: [ route_check ] --START--
INFO: CheckRoute Behavior ::run [ RunTime:0.001000s ]
INFO: [ route_check ] --END-- [ RunTime:0.001000s ]
INFO: [ app_begin ] --START--
INFO: ReadHtmlCache Behavior ::run [ RunTime:0.001000s ]
INFO: [ app_begin ] --END-- [ RunTime:0.001000s ]
SQL: SHOW COLUMNS FROM `user` [ RunTime:0.005000s ]
SQL: SELECT * FROM `user` LEFT JOIN level on user.dls_lv=level.level_id WHERE ( `id` = '1' ) LIMIT 1   [ RunTime:0.003000s ]
SQL: SHOW COLUMNS FROM `fx_user` [ RunTime:0.004000s ]
SQL: SELECT `uid`,`pid` FROM `fx_user`  [ RunTime:0.002000s ]
SQL: SHOW COLUMNS FROM `fx_record` [ RunTime:0.004000s ]
SQL: SELECT SUM('money') as summoney,DATE_FORMAT(datetime,'%Y-%c') as month FROM `fx_record` WHERE ( `uid` = 1 ) GROUP BY month ORDER BY month desc  [ RunTime:0.003000s ]

[ 2017-09-06T10:49:27+08:00 ] 127.0.0.1 /index.php/Index/index/act/%E9%A6%96%E9%A1%B5
INFO: [ route_check ] --START--
INFO: CheckRoute Behavior ::run [ RunTime:0.001000s ]
INFO: [ route_check ] --END-- [ RunTime:0.001000s ]
INFO: [ app_begin ] --START--
INFO: ReadHtmlCache Behavior ::run [ RunTime:0.001000s ]
INFO: [ app_begin ] --END-- [ RunTime:0.001000s ]
SQL: SHOW COLUMNS FROM `user` [ RunTime:0.005000s ]
SQL: SELECT * FROM `user` LEFT JOIN level on user.dls_lv=level.level_id WHERE ( `id` = '1' ) LIMIT 1   [ RunTime:0.004000s ]
SQL: SHOW COLUMNS FROM `fx_user` [ RunTime:0.004000s ]
SQL: SELECT `uid`,`pid` FROM `fx_user`  [ RunTime:0.002000s ]
SQL: SHOW COLUMNS FROM `fx_record` [ RunTime:0.005000s ]
SQL: SELECT SUM('money') as summoney,DATE_FORMAT(datetime,'%Y-%c') as month FROM `fx_record` WHERE ( `uid` = 1 ) GROUP BY month ORDER BY month desc  [ RunTime:0.002000s ]

[ 2017-09-06T10:49:27+08:00 ] 127.0.0.1 /index.php/Index/index/act/%E9%A6%96%E9%A1%B5
INFO: [ route_check ] --START--
INFO: CheckRoute Behavior ::run [ RunTime:0.002000s ]
INFO: [ route_check ] --END-- [ RunTime:0.002000s ]
INFO: [ app_begin ] --START--
INFO: ReadHtmlCache Behavior ::run [ RunTime:0.001000s ]
INFO: [ app_begin ] --END-- [ RunTime:0.001000s ]
SQL: SHOW COLUMNS FROM `user` [ RunTime:0.005000s ]
SQL: SELECT * FROM `user` LEFT JOIN level on user.dls_lv=level.level_id WHERE ( `id` = '1' ) LIMIT 1   [ RunTime:0.003000s ]
SQL: SHOW COLUMNS FROM `fx_user` [ RunTime:0.004000s ]
SQL: SELECT `uid`,`pid` FROM `fx_user`  [ RunTime:0.002000s ]
SQL: SHOW COLUMNS FROM `fx_record` [ RunTime:0.004000s ]
SQL: SELECT SUM('money') as summoney,DATE_FORMAT(datetime,'%Y-%c') as month FROM `fx_record` WHERE ( `uid` = 1 ) GROUP BY month ORDER BY month desc  [ RunTime:0.002000s ]

[ 2017-09-06T10:49:27+08:00 ] 127.0.0.1 /index.php/Index/index/act/%E9%A6%96%E9%A1%B5
INFO: [ route_check ] --START--
INFO: CheckRoute Behavior ::run [ RunTime:0.001000s ]
INFO: [ route_check ] --END-- [ RunTime:0.001000s ]
INFO: [ app_begin ] --START--
INFO: ReadHtmlCache Behavior ::run [ RunTime:0.001000s ]
INFO: [ app_begin ] --END-- [ RunTime:0.001000s ]
SQL: SHOW COLUMNS FROM `user` [ RunTime:0.005000s ]
SQL: SELECT * FROM `user` LEFT JOIN level on user.dls_lv=level.level_id WHERE ( `id` = '1' ) LIMIT 1   [ RunTime:0.003000s ]
SQL: SHOW COLUMNS FROM `fx_user` [ RunTime:0.004000s ]
SQL: SELECT `uid`,`pid` FROM `fx_user`  [ RunTime:0.002000s ]
SQL: SHOW COLUMNS FROM `fx_record` [ RunTime:0.004000s ]
SQL: SELECT SUM('money') as summoney,DATE_FORMAT(datetime,'%Y-%c') as month FROM `fx_record` WHERE ( `uid` = 1 ) GROUP BY month ORDER BY month desc  [ RunTime:0.002000s ]

[ 2017-09-06T10:49:28+08:00 ] 127.0.0.1 /index.php/Index/index/act/%E9%A6%96%E9%A1%B5
INFO: [ route_check ] --START--
INFO: CheckRoute Behavior ::run [ RunTime:0.003000s ]
INFO: [ route_check ] --END-- [ RunTime:0.003000s ]
INFO: [ app_begin ] --START--
INFO: ReadHtmlCache Behavior ::run [ RunTime:0.001000s ]
INFO: [ app_begin ] --END-- [ RunTime:0.002000s ]
SQL: SHOW COLUMNS FROM `user` [ RunTime:0.006000s ]
SQL: SELECT * FROM `user` LEFT JOIN level on user.dls_lv=level.level_id WHERE ( `id` = '1' ) LIMIT 1   [ RunTime:0.003000s ]
SQL: SHOW COLUMNS FROM `fx_user` [ RunTime:0.004000s ]
SQL: SELECT `uid`,`pid` FROM `fx_user`  [ RunTime:0.002000s ]
SQL: SHOW COLUMNS FROM `fx_record` [ RunTime:0.005000s ]
SQL: SELECT SUM('money') as summoney,DATE_FORMAT(datetime,'%Y-%c') as month FROM `fx_record` WHERE ( `uid` = 1 ) GROUP BY month ORDER BY month desc  [ RunTime:0.002000s ]

[ 2017-09-06T10:49:28+08:00 ] 127.0.0.1 /index.php/Index/index/act/%E9%A6%96%E9%A1%B5
INFO: [ route_check ] --START--
INFO: CheckRoute Behavior ::run [ RunTime:0.001000s ]
INFO: [ route_check ] --END-- [ RunTime:0.001000s ]
INFO: [ app_begin ] --START--
INFO: ReadHtmlCache Behavior ::run [ RunTime:0.001000s ]
INFO: [ app_begin ] --END-- [ RunTime:0.001000s ]
SQL: SHOW COLUMNS FROM `user` [ RunTime:0.005000s ]
SQL: SELECT * FROM `user` LEFT JOIN level on user.dls_lv=level.level_id WHERE ( `id` = '1' ) LIMIT 1   [ RunTime:0.003000s ]
SQL: SHOW COLUMNS FROM `fx_user` [ RunTime:0.004000s ]
SQL: SELECT `uid`,`pid` FROM `fx_user`  [ RunTime:0.002000s ]
SQL: SHOW COLUMNS FROM `fx_record` [ RunTime:0.004000s ]
SQL: SELECT SUM('money') as summoney,DATE_FORMAT(datetime,'%Y-%c') as month FROM `fx_record` WHERE ( `uid` = 1 ) GROUP BY month ORDER BY month desc  [ RunTime:0.002000s ]

[ 2017-09-06T10:51:51+08:00 ] 127.0.0.1 /index.php/Index/index/act/%E9%A6%96%E9%A1%B5
INFO: [ route_check ] --START--
INFO: CheckRoute Behavior ::run [ RunTime:0.001000s ]
INFO: [ route_check ] --END-- [ RunTime:0.001000s ]
INFO: [ app_begin ] --START--
INFO: ReadHtmlCache Behavior ::run [ RunTime:0.001000s ]
INFO: [ app_begin ] --END-- [ RunTime:0.001000s ]
SQL: SHOW COLUMNS FROM `user` [ RunTime:0.004000s ]
SQL: SELECT * FROM `user` LEFT JOIN level on user.dls_lv=level.level_id WHERE ( `id` = '1' ) LIMIT 1   [ RunTime:0.002000s ]
SQL: SHOW COLUMNS FROM `fx_user` [ RunTime:0.004000s ]
SQL: SELECT `uid`,`pid` FROM `fx_user`  [ RunTime:0.002000s ]
SQL: SHOW COLUMNS FROM `fx_record` [ RunTime:0.004000s ]
SQL: SELECT avg('money') as summoney,DATE_FORMAT(datetime,'%Y-%c') as month FROM `fx_record` WHERE ( `uid` = 1 ) GROUP BY month ORDER BY month desc  [ RunTime:0.002000s ]

[ 2017-09-06T10:51:52+08:00 ] 127.0.0.1 /index.php/Index/index/act/%E9%A6%96%E9%A1%B5
INFO: [ route_check ] --START--
INFO: CheckRoute Behavior ::run [ RunTime:0.001000s ]
INFO: [ route_check ] --END-- [ RunTime:0.001000s ]
INFO: [ app_begin ] --START--
INFO: ReadHtmlCache Behavior ::run [ RunTime:0.001000s ]
INFO: [ app_begin ] --END-- [ RunTime:0.001000s ]
SQL: SHOW COLUMNS FROM `user` [ RunTime:0.005000s ]
SQL: SELECT * FROM `user` LEFT JOIN level on user.dls_lv=level.level_id WHERE ( `id` = '1' ) LIMIT 1   [ RunTime:0.003000s ]
SQL: SHOW COLUMNS FROM `fx_user` [ RunTime:0.004000s ]
SQL: SELECT `uid`,`pid` FROM `fx_user`  [ RunTime:0.002000s ]
SQL: SHOW COLUMNS FROM `fx_record` [ RunTime:0.004000s ]
SQL: SELECT avg('money') as summoney,DATE_FORMAT(datetime,'%Y-%c') as month FROM `fx_record` WHERE ( `uid` = 1 ) GROUP BY month ORDER BY month desc  [ RunTime:0.002000s ]

[ 2017-09-06T10:51:52+08:00 ] 127.0.0.1 /index.php/Index/index/act/%E9%A6%96%E9%A1%B5
INFO: [ route_check ] --START--
INFO: CheckRoute Behavior ::run [ RunTime:0.001000s ]
INFO: [ route_check ] --END-- [ RunTime:0.001000s ]
INFO: [ app_begin ] --START--
INFO: ReadHtmlCache Behavior ::run [ RunTime:0.001000s ]
INFO: [ app_begin ] --END-- [ RunTime:0.001000s ]
SQL: SHOW COLUMNS FROM `user` [ RunTime:0.005000s ]
SQL: SELECT * FROM `user` LEFT JOIN level on user.dls_lv=level.level_id WHERE ( `id` = '1' ) LIMIT 1   [ RunTime:0.002000s ]
SQL: SHOW COLUMNS FROM `fx_user` [ RunTime:0.003000s ]
SQL: SELECT `uid`,`pid` FROM `fx_user`  [ RunTime:0.002000s ]
SQL: SHOW COLUMNS FROM `fx_record` [ RunTime:0.005000s ]
SQL: SELECT avg('money') as summoney,DATE_FORMAT(datetime,'%Y-%c') as month FROM `fx_record` WHERE ( `uid` = 1 ) GROUP BY month ORDER BY month desc  [ RunTime:0.002000s ]

[ 2017-09-06T10:51:52+08:00 ] 127.0.0.1 /index.php/Index/index/act/%E9%A6%96%E9%A1%B5
INFO: [ route_check ] --START--
INFO: CheckRoute Behavior ::run [ RunTime:0.001000s ]
INFO: [ route_check ] --END-- [ RunTime:0.001000s ]
INFO: [ app_begin ] --START--
INFO: ReadHtmlCache Behavior ::run [ RunTime:0.000000s ]
INFO: [ app_begin ] --END-- [ RunTime:0.001000s ]
SQL: SHOW COLUMNS FROM `user` [ RunTime:0.005000s ]
SQL: SELECT * FROM `user` LEFT JOIN level on user.dls_lv=level.level_id WHERE ( `id` = '1' ) LIMIT 1   [ RunTime:0.003000s ]
SQL: SHOW COLUMNS FROM `fx_user` [ RunTime:0.004000s ]
SQL: SELECT `uid`,`pid` FROM `fx_user`  [ RunTime:0.002000s ]
SQL: SHOW COLUMNS FROM `fx_record` [ RunTime:0.005000s ]
SQL: SELECT avg('money') as summoney,DATE_FORMAT(datetime,'%Y-%c') as month FROM `fx_record` WHERE ( `uid` = 1 ) GROUP BY month ORDER BY month desc  [ RunTime:0.002000s ]

[ 2017-09-06T10:51:53+08:00 ] 127.0.0.1 /index.php/Index/index/act/%E9%A6%96%E9%A1%B5
INFO: [ route_check ] --START--
INFO: CheckRoute Behavior ::run [ RunTime:0.002000s ]
INFO: [ route_check ] --END-- [ RunTime:0.002000s ]
INFO: [ app_begin ] --START--
INFO: ReadHtmlCache Behavior ::run [ RunTime:0.001000s ]
INFO: [ app_begin ] --END-- [ RunTime:0.001000s ]
SQL: SHOW COLUMNS FROM `user` [ RunTime:0.005000s ]
SQL: SELECT * FROM `user` LEFT JOIN level on user.dls_lv=level.level_id WHERE ( `id` = '1' ) LIMIT 1   [ RunTime:0.003000s ]
SQL: SHOW COLUMNS FROM `fx_user` [ RunTime:0.004000s ]
SQL: SELECT `uid`,`pid` FROM `fx_user`  [ RunTime:0.002000s ]
SQL: SHOW COLUMNS FROM `fx_record` [ RunTime:0.004000s ]
SQL: SELECT avg('money') as summoney,DATE_FORMAT(datetime,'%Y-%c') as month FROM `fx_record` WHERE ( `uid` = 1 ) GROUP BY month ORDER BY month desc  [ RunTime:0.002000s ]

[ 2017-09-06T10:51:53+08:00 ] 127.0.0.1 /index.php/Index/index/act/%E9%A6%96%E9%A1%B5
INFO: [ route_check ] --START--
INFO: CheckRoute Behavior ::run [ RunTime:0.001000s ]
INFO: [ route_check ] --END-- [ RunTime:0.001000s ]
INFO: [ app_begin ] --START--
INFO: ReadHtmlCache Behavior ::run [ RunTime:0.001000s ]
INFO: [ app_begin ] --END-- [ RunTime:0.001000s ]
SQL: SHOW COLUMNS FROM `user` [ RunTime:0.006000s ]
SQL: SELECT * FROM `user` LEFT JOIN level on user.dls_lv=level.level_id WHERE ( `id` = '1' ) LIMIT 1   [ RunTime:0.002000s ]
SQL: SHOW COLUMNS FROM `fx_user` [ RunTime:0.004000s ]
SQL: SELECT `uid`,`pid` FROM `fx_user`  [ RunTime:0.002000s ]
SQL: SHOW COLUMNS FROM `fx_record` [ RunTime:0.004000s ]
SQL: SELECT avg('money') as summoney,DATE_FORMAT(datetime,'%Y-%c') as month FROM `fx_record` WHERE ( `uid` = 1 ) GROUP BY month ORDER BY month desc  [ RunTime:0.002000s ]

[ 2017-09-06T10:51:59+08:00 ] 127.0.0.1 /index.php/Index/index/act/%E9%A6%96%E9%A1%B5
INFO: [ route_check ] --START--
INFO: CheckRoute Behavior ::run [ RunTime:0.001000s ]
INFO: [ route_check ] --END-- [ RunTime:0.001000s ]
INFO: [ app_begin ] --START--
INFO: ReadHtmlCache Behavior ::run [ RunTime:0.001000s ]
INFO: [ app_begin ] --END-- [ RunTime:0.001000s ]
SQL: SHOW COLUMNS FROM `user` [ RunTime:0.005000s ]
SQL: SELECT * FROM `user` LEFT JOIN level on user.dls_lv=level.level_id WHERE ( `id` = '1' ) LIMIT 1   [ RunTime:0.002000s ]
SQL: SHOW COLUMNS FROM `fx_user` [ RunTime:0.004000s ]
SQL: SELECT `uid`,`pid` FROM `fx_user`  [ RunTime:0.002000s ]
SQL: SHOW COLUMNS FROM `fx_record` [ RunTime:0.004000s ]
SQL: SELECT sum('money') as summoney,DATE_FORMAT(datetime,'%Y-%c') as month FROM `fx_record` WHERE ( `uid` = 1 ) GROUP BY month ORDER BY month desc  [ RunTime:0.002000s ]

[ 2017-09-06T10:51:59+08:00 ] 127.0.0.1 /index.php/Index/index/act/%E9%A6%96%E9%A1%B5
INFO: [ route_check ] --START--
INFO: CheckRoute Behavior ::run [ RunTime:0.001000s ]
INFO: [ route_check ] --END-- [ RunTime:0.001000s ]
INFO: [ app_begin ] --START--
INFO: ReadHtmlCache Behavior ::run [ RunTime:0.000000s ]
INFO: [ app_begin ] --END-- [ RunTime:0.000000s ]
SQL: SHOW COLUMNS FROM `user` [ RunTime:0.005000s ]
SQL: SELECT * FROM `user` LEFT JOIN level on user.dls_lv=level.level_id WHERE ( `id` = '1' ) LIMIT 1   [ RunTime:0.002000s ]
SQL: SHOW COLUMNS FROM `fx_user` [ RunTime:0.005000s ]
SQL: SELECT `uid`,`pid` FROM `fx_user`  [ RunTime:0.002000s ]
SQL: SHOW COLUMNS FROM `fx_record` [ RunTime:0.004000s ]
SQL: SELECT sum('money') as summoney,DATE_FORMAT(datetime,'%Y-%c') as month FROM `fx_record` WHERE ( `uid` = 1 ) GROUP BY month ORDER BY month desc  [ RunTime:0.002000s ]

[ 2017-09-06T10:51:59+08:00 ] 127.0.0.1 /index.php/Index/index/act/%E9%A6%96%E9%A1%B5
INFO: [ route_check ] --START--
INFO: CheckRoute Behavior ::run [ RunTime:0.000000s ]
INFO: [ route_check ] --END-- [ RunTime:0.001000s ]
INFO: [ app_begin ] --START--
INFO: ReadHtmlCache Behavior ::run [ RunTime:0.000000s ]
INFO: [ app_begin ] --END-- [ RunTime:0.000000s ]
SQL: SHOW COLUMNS FROM `user` [ RunTime:0.005000s ]
SQL: SELECT * FROM `user` LEFT JOIN level on user.dls_lv=level.level_id WHERE ( `id` = '1' ) LIMIT 1   [ RunTime:0.003000s ]
SQL: SHOW COLUMNS FROM `fx_user` [ RunTime:0.004000s ]
SQL: SELECT `uid`,`pid` FROM `fx_user`  [ RunTime:0.002000s ]
SQL: SHOW COLUMNS FROM `fx_record` [ RunTime:0.004000s ]
SQL: SELECT sum('money') as summoney,DATE_FORMAT(datetime,'%Y-%c') as month FROM `fx_record` WHERE ( `uid` = 1 ) GROUP BY month ORDER BY month desc  [ RunTime:0.002000s ]

[ 2017-09-06T10:51:59+08:00 ] 127.0.0.1 /index.php/Index/index/act/%E9%A6%96%E9%A1%B5
INFO: [ route_check ] --START--
INFO: CheckRoute Behavior ::run [ RunTime:0.001000s ]
INFO: [ route_check ] --END-- [ RunTime:0.001000s ]
INFO: [ app_begin ] --START--
INFO: ReadHtmlCache Behavior ::run [ RunTime:0.001000s ]
INFO: [ app_begin ] --END-- [ RunTime:0.001000s ]
SQL: SHOW COLUMNS FROM `user` [ RunTime:0.004000s ]
SQL: SELECT * FROM `user` LEFT JOIN level on user.dls_lv=level.level_id WHERE ( `id` = '1' ) LIMIT 1   [ RunTime:0.002000s ]
SQL: SHOW COLUMNS FROM `fx_user` [ RunTime:0.004000s ]
SQL: SELECT `uid`,`pid` FROM `fx_user`  [ RunTime:0.001000s ]
SQL: SHOW COLUMNS FROM `fx_record` [ RunTime:0.004000s ]
SQL: SELECT sum('money') as summoney,DATE_FORMAT(datetime,'%Y-%c') as month FROM `fx_record` WHERE ( `uid` = 1 ) GROUP BY month ORDER BY month desc  [ RunTime:0.002000s ]

[ 2017-09-06T11:08:23+08:00 ] 127.0.0.1 /index.php/Index/index/act/%E9%A6%96%E9%A1%B5
INFO: [ route_check ] --START--
INFO: CheckRoute Behavior ::run [ RunTime:0.001000s ]
INFO: [ route_check ] --END-- [ RunTime:0.001000s ]
INFO: [ app_begin ] --START--
INFO: ReadHtmlCache Behavior ::run [ RunTime:0.001000s ]
INFO: [ app_begin ] --END-- [ RunTime:0.001000s ]
SQL: SHOW COLUMNS FROM `user` [ RunTime:0.005000s ]
SQL: SELECT * FROM `user` LEFT JOIN level on user.dls_lv=level.level_id WHERE ( `id` = '1' ) LIMIT 1   [ RunTime:0.003000s ]
SQL: SHOW COLUMNS FROM `fx_user` [ RunTime:0.004000s ]
SQL: SELECT `uid`,`pid` FROM `fx_user`  [ RunTime:0.002000s ]
SQL: SHOW COLUMNS FROM `fx_record` [ RunTime:0.004000s ]
SQL: SELECT sum('money') as summoney,DATE_FORMAT(datetime,'%Y-%c') as month FROM `fx_record` WHERE ( `uid` = 1 ) GROUP BY month ORDER BY month desc  [ RunTime:0.002000s ]

[ 2017-09-06T11:11:33+08:00 ] 127.0.0.1 /index.php/Index/index/act/%E9%A6%96%E9%A1%B5
INFO: [ route_check ] --START--
INFO: CheckRoute Behavior ::run [ RunTime:0.001000s ]
INFO: [ route_check ] --END-- [ RunTime:0.001000s ]
INFO: [ app_begin ] --START--
INFO: ReadHtmlCache Behavior ::run [ RunTime:0.001000s ]
INFO: [ app_begin ] --END-- [ RunTime:0.001000s ]
SQL: SHOW COLUMNS FROM `user` [ RunTime:0.004000s ]
SQL: SELECT * FROM `user` LEFT JOIN level on user.dls_lv=level.level_id WHERE ( `id` = '1' ) LIMIT 1   [ RunTime:0.002000s ]
SQL: SHOW COLUMNS FROM `fx_user` [ RunTime:0.004000s ]
SQL: SELECT `uid`,`pid` FROM `fx_user`  [ RunTime:0.002000s ]
SQL: SHOW COLUMNS FROM `fx_record` [ RunTime:0.005000s ]
SQL: SELECT DATE_FORMAT(datetime,'%Y-%c') as month,sum('money') as summoney FROM `fx_record` WHERE ( `uid` = 1 ) GROUP BY month ORDER BY month desc  [ RunTime:0.003000s ]

[ 2017-09-06T11:11:55+08:00 ] 127.0.0.1 /index.php/Index/index/act/%E9%A6%96%E9%A1%B5
INFO: [ route_check ] --START--
INFO: CheckRoute Behavior ::run [ RunTime:0.001000s ]
INFO: [ route_check ] --END-- [ RunTime:0.001000s ]
INFO: [ app_begin ] --START--
INFO: ReadHtmlCache Behavior ::run [ RunTime:0.001000s ]
INFO: [ app_begin ] --END-- [ RunTime:0.001000s ]
SQL: SHOW COLUMNS FROM `user` [ RunTime:0.005000s ]
SQL: SELECT * FROM `user` LEFT JOIN level on user.dls_lv=level.level_id WHERE ( `id` = '1' ) LIMIT 1   [ RunTime:0.002000s ]
SQL: SHOW COLUMNS FROM `fx_user` [ RunTime:0.004000s ]
SQL: SELECT `uid`,`pid` FROM `fx_user`  [ RunTime:0.001000s ]
SQL: SHOW COLUMNS FROM `fx_record` [ RunTime:0.003000s ]
SQL: SELECT DATE_FORMAT(datetime,'%Y-%c') as month,`money` FROM `fx_record` WHERE ( `uid` = 1 ) GROUP BY month ORDER BY month desc  [ RunTime:0.002000s ]

[ 2017-09-06T11:26:02+08:00 ] 127.0.0.1 /index.php/Index/index/act/%E9%A6%96%E9%A1%B5
INFO: [ route_check ] --START--
INFO: CheckRoute Behavior ::run [ RunTime:0.001000s ]
INFO: [ route_check ] --END-- [ RunTime:0.001000s ]
INFO: [ app_begin ] --START--
INFO: ReadHtmlCache Behavior ::run [ RunTime:0.001000s ]
INFO: [ app_begin ] --END-- [ RunTime:0.001000s ]

[ 2017-09-06T11:26:08+08:00 ] 127.0.0.1 /index.php/Index/index/act/%E9%A6%96%E9%A1%B5
INFO: [ route_check ] --START--
INFO: CheckRoute Behavior ::run [ RunTime:0.001000s ]
INFO: [ route_check ] --END-- [ RunTime:0.001000s ]
INFO: [ app_begin ] --START--
INFO: ReadHtmlCache Behavior ::run [ RunTime:0.001000s ]
INFO: [ app_begin ] --END-- [ RunTime:0.001000s ]
SQL: SHOW COLUMNS FROM `user` [ RunTime:0.005000s ]
SQL: SELECT * FROM `user` LEFT JOIN level on user.dls_lv=level.level_id WHERE ( `id` = '1' ) LIMIT 1   [ RunTime:0.003000s ]
SQL: SHOW COLUMNS FROM `fx_user` [ RunTime:0.005000s ]
SQL: SELECT `uid`,`pid` FROM `fx_user`  [ RunTime:0.002000s ]
SQL: SHOW COLUMNS FROM `fx_record` [ RunTime:0.004000s ]
SQL: SELECT DATE_FORMAT(datetime,'%Y-%c') as month,`money` FROM `fx_record` WHERE ( `uid` = 1 ) GROUP BY month  [ RunTime:0.002000s ]

[ 2017-09-06T11:26:34+08:00 ] 127.0.0.1 /index.php/Index/index/act/%E9%A6%96%E9%A1%B5
INFO: [ route_check ] --START--
INFO: CheckRoute Behavior ::run [ RunTime:0.001000s ]
INFO: [ route_check ] --END-- [ RunTime:0.001000s ]
INFO: [ app_begin ] --START--
INFO: ReadHtmlCache Behavior ::run [ RunTime:0.000000s ]
INFO: [ app_begin ] --END-- [ RunTime:0.001000s ]
SQL: SHOW COLUMNS FROM `user` [ RunTime:0.005000s ]
SQL: SELECT * FROM `user` LEFT JOIN level on user.dls_lv=level.level_id WHERE ( `id` = '1' ) LIMIT 1   [ RunTime:0.002000s ]
SQL: SHOW COLUMNS FROM `fx_user` [ RunTime:0.004000s ]
SQL: SELECT `uid`,`pid` FROM `fx_user`  [ RunTime:0.002000s ]
SQL: SHOW COLUMNS FROM `fx_record` [ RunTime:0.004000s ]
SQL: SELECT DATE_FORMAT(datetime,'%Y-%c') as month,sum('money') as summoney FROM `fx_record` WHERE ( `uid` = 1 ) GROUP BY month  [ RunTime:0.002000s ]

[ 2017-09-06T11:28:19+08:00 ] 127.0.0.1 /index.php/Index/index/act/%E9%A6%96%E9%A1%B5
INFO: [ route_check ] --START--
INFO: CheckRoute Behavior ::run [ RunTime:0.000000s ]
INFO: [ route_check ] --END-- [ RunTime:0.001000s ]
INFO: [ app_begin ] --START--
INFO: ReadHtmlCache Behavior ::run [ RunTime:0.000000s ]
INFO: [ app_begin ] --END-- [ RunTime:0.000000s ]

[ 2017-09-06T11:28:22+08:00 ] 127.0.0.1 /index.php/Index/index/act/%E9%A6%96%E9%A1%B5
INFO: [ route_check ] --START--
INFO: CheckRoute Behavior ::run [ RunTime:0.001000s ]
INFO: [ route_check ] --END-- [ RunTime:0.001000s ]
INFO: [ app_begin ] --START--
INFO: ReadHtmlCache Behavior ::run [ RunTime:0.001000s ]
INFO: [ app_begin ] --END-- [ RunTime:0.001000s ]

[ 2017-09-06T11:28:38+08:00 ] 127.0.0.1 /index.php/Index/index/act/%E9%A6%96%E9%A1%B5
INFO: [ route_check ] --START--
INFO: CheckRoute Behavior ::run [ RunTime:0.001000s ]
INFO: [ route_check ] --END-- [ RunTime:0.001000s ]
INFO: [ app_begin ] --START--
INFO: ReadHtmlCache Behavior ::run [ RunTime:0.000000s ]
INFO: [ app_begin ] --END-- [ RunTime:0.000000s ]
SQL: SHOW COLUMNS FROM `user` [ RunTime:0.005000s ]
SQL: SELECT * FROM `user` LEFT JOIN level on user.dls_lv=level.level_id WHERE ( `id` = '1' ) LIMIT 1   [ RunTime:0.002000s ]
SQL: SHOW COLUMNS FROM `fx_user` [ RunTime:0.005000s ]
SQL: SELECT `uid`,`pid` FROM `fx_user`  [ RunTime:0.002000s ]
SQL: SHOW COLUMNS FROM `fx_record` [ RunTime:0.004000s ]
SQL: SELECT DATE_FORMAT(datetime,'%Y-%c') as month,sum('money') as summoney FROM `fx_record` WHERE ( `uid` = 1 ) GROUP BY DATE_FORMAT(datetime,'%Y-%c')  [ RunTime:0.002000s ]

[ 2017-09-06T11:28:39+08:00 ] 127.0.0.1 /index.php/Index/index/act/%E9%A6%96%E9%A1%B5
INFO: [ route_check ] --START--
INFO: CheckRoute Behavior ::run [ RunTime:0.000000s ]
INFO: [ route_check ] --END-- [ RunTime:0.000000s ]
INFO: [ app_begin ] --START--
INFO: ReadHtmlCache Behavior ::run [ RunTime:0.001000s ]
INFO: [ app_begin ] --END-- [ RunTime:0.001000s ]
SQL: SHOW COLUMNS FROM `user` [ RunTime:0.005000s ]
SQL: SELECT * FROM `user` LEFT JOIN level on user.dls_lv=level.level_id WHERE ( `id` = '1' ) LIMIT 1   [ RunTime:0.003000s ]
SQL: SHOW COLUMNS FROM `fx_user` [ RunTime:0.004000s ]
SQL: SELECT `uid`,`pid` FROM `fx_user`  [ RunTime:0.002000s ]
SQL: SHOW COLUMNS FROM `fx_record` [ RunTime:0.004000s ]
SQL: SELECT DATE_FORMAT(datetime,'%Y-%c') as month,sum('money') as summoney FROM `fx_record` WHERE ( `uid` = 1 ) GROUP BY DATE_FORMAT(datetime,'%Y-%c')  [ RunTime:0.002000s ]

[ 2017-09-06T11:28:56+08:00 ] 127.0.0.1 /index.php/Index/index/act/%E9%A6%96%E9%A1%B5
INFO: [ route_check ] --START--
INFO: CheckRoute Behavior ::run [ RunTime:0.000000s ]
INFO: [ route_check ] --END-- [ RunTime:0.001000s ]
INFO: [ app_begin ] --START--
INFO: ReadHtmlCache Behavior ::run [ RunTime:0.000000s ]
INFO: [ app_begin ] --END-- [ RunTime:0.000000s ]
SQL: SHOW COLUMNS FROM `user` [ RunTime:0.005000s ]
SQL: SELECT * FROM `user` LEFT JOIN level on user.dls_lv=level.level_id WHERE ( `id` = '1' ) LIMIT 1   [ RunTime:0.004000s ]
SQL: SHOW COLUMNS FROM `fx_user` [ RunTime:0.004000s ]
SQL: SELECT `uid`,`pid` FROM `fx_user`  [ RunTime:0.002000s ]
SQL: SHOW COLUMNS FROM `fx_record` [ RunTime:0.004000s ]
SQL: SELECT DATE_FORMAT(datetime,'%Y-%c'),sum('money') as summoney FROM `fx_record` WHERE ( `uid` = 1 ) GROUP BY DATE_FORMAT(datetime,'%Y-%c')  [ RunTime:0.004000s ]

[ 2017-09-06T11:29:07+08:00 ] 127.0.0.1 /index.php/Index/index/act/%E9%A6%96%E9%A1%B5
INFO: [ route_check ] --START--
INFO: CheckRoute Behavior ::run [ RunTime:0.000000s ]
INFO: [ route_check ] --END-- [ RunTime:0.000000s ]
INFO: [ app_begin ] --START--
INFO: ReadHtmlCache Behavior ::run [ RunTime:0.000000s ]
INFO: [ app_begin ] --END-- [ RunTime:0.000000s ]
SQL: SHOW COLUMNS FROM `user` [ RunTime:0.004000s ]
SQL: SELECT * FROM `user` LEFT JOIN level on user.dls_lv=level.level_id WHERE ( `id` = '1' ) LIMIT 1   [ RunTime:0.002000s ]
SQL: SHOW COLUMNS FROM `fx_user` [ RunTime:0.005000s ]
SQL: SELECT `uid`,`pid` FROM `fx_user`  [ RunTime:0.001000s ]
SQL: SHOW COLUMNS FROM `fx_record` [ RunTime:0.004000s ]
SQL: SELECT DATE_FORMAT(datetime,'%Y-%c') as month,sum('money') as summoney FROM `fx_record` WHERE ( `uid` = 1 ) GROUP BY DATE_FORMAT(datetime,'%Y-%c')  [ RunTime:0.002000s ]

[ 2017-09-06T11:30:44+08:00 ] 127.0.0.1 /index.php/Index/index/act/%E9%A6%96%E9%A1%B5
INFO: [ route_check ] --START--
INFO: CheckRoute Behavior ::run [ RunTime:0.001000s ]
INFO: [ route_check ] --END-- [ RunTime:0.001000s ]
INFO: [ app_begin ] --START--
INFO: ReadHtmlCache Behavior ::run [ RunTime:0.001000s ]
INFO: [ app_begin ] --END-- [ RunTime:0.001000s ]

[ 2017-09-06T11:30:45+08:00 ] 127.0.0.1 /index.php/Index/index/act/%E9%A6%96%E9%A1%B5
INFO: [ route_check ] --START--
INFO: CheckRoute Behavior ::run [ RunTime:0.001000s ]
INFO: [ route_check ] --END-- [ RunTime:0.001000s ]
INFO: [ app_begin ] --START--
INFO: ReadHtmlCache Behavior ::run [ RunTime:0.001000s ]
INFO: [ app_begin ] --END-- [ RunTime:0.001000s ]

[ 2017-09-06T11:30:55+08:00 ] 127.0.0.1 /index.php/Index/index/act/%E9%A6%96%E9%A1%B5
INFO: [ route_check ] --START--
INFO: CheckRoute Behavior ::run [ RunTime:0.001000s ]
INFO: [ route_check ] --END-- [ RunTime:0.001000s ]
INFO: [ app_begin ] --START--
INFO: ReadHtmlCache Behavior ::run [ RunTime:0.001000s ]
INFO: [ app_begin ] --END-- [ RunTime:0.001000s ]
SQL: SHOW COLUMNS FROM `user` [ RunTime:0.004000s ]
SQL: SELECT * FROM `user` LEFT JOIN level on user.dls_lv=level.level_id WHERE ( `id` = '1' ) LIMIT 1   [ RunTime:0.003000s ]
SQL: SHOW COLUMNS FROM `fx_user` [ RunTime:0.004000s ]
SQL: SELECT `uid`,`pid` FROM `fx_user`  [ RunTime:0.002000s ]
SQL: SHOW COLUMNS FROM `fx_record` [ RunTime:0.004000s ]
SQL: select sum(money),time from (select uid,money,DATE_FORMAT(datetime,'%y-%c')time from fx_record) as a group by time [ RunTime:0.002000s ]

[ 2017-09-06T11:30:56+08:00 ] 127.0.0.1 /index.php/Index/index/act/%E9%A6%96%E9%A1%B5
INFO: [ route_check ] --START--
INFO: CheckRoute Behavior ::run [ RunTime:0.001000s ]
INFO: [ route_check ] --END-- [ RunTime:0.001000s ]
INFO: [ app_begin ] --START--
INFO: ReadHtmlCache Behavior ::run [ RunTime:0.001000s ]
INFO: [ app_begin ] --END-- [ RunTime:0.001000s ]
SQL: SHOW COLUMNS FROM `user` [ RunTime:0.005000s ]
SQL: SELECT * FROM `user` LEFT JOIN level on user.dls_lv=level.level_id WHERE ( `id` = '1' ) LIMIT 1   [ RunTime:0.002000s ]
SQL: SHOW COLUMNS FROM `fx_user` [ RunTime:0.005000s ]
SQL: SELECT `uid`,`pid` FROM `fx_user`  [ RunTime:0.002000s ]
SQL: SHOW COLUMNS FROM `fx_record` [ RunTime:0.004000s ]
SQL: select sum(money),time from (select uid,money,DATE_FORMAT(datetime,'%y-%c')time from fx_record) as a group by time [ RunTime:0.002000s ]

[ 2017-09-06T14:23:22+08:00 ] 127.0.0.1 /index.php/Index/index/act/%E9%A6%96%E9%A1%B5
INFO: [ route_check ] --START--
INFO: CheckRoute Behavior ::run [ RunTime:0.010000s ]
INFO: [ route_check ] --END-- [ RunTime:0.010000s ]
INFO: [ app_begin ] --START--
INFO: ReadHtmlCache Behavior ::run [ RunTime:0.001000s ]
INFO: [ app_begin ] --END-- [ RunTime:0.001000s ]
SQL: SHOW COLUMNS FROM `user` [ RunTime:0.017000s ]
SQL: SELECT * FROM `user` LEFT JOIN level on user.dls_lv=level.level_id WHERE ( `id` = '1' ) LIMIT 1   [ RunTime:0.003000s ]
SQL: SHOW COLUMNS FROM `fx_user` [ RunTime:0.005000s ]
SQL: SELECT `uid`,`pid` FROM `fx_user`  [ RunTime:0.019000s ]
SQL: SHOW COLUMNS FROM `fx_record` [ RunTime:0.004000s ]
SQL: select sum(money),time from (select uid,money,DATE_FORMAT(datetime,'%y-%c')time from fx_record) as a group by time [ RunTime:0.004000s ]

[ 2017-09-06T14:23:24+08:00 ] 127.0.0.1 /index.php/Index/index/act/%E9%A6%96%E9%A1%B5
INFO: [ route_check ] --START--
INFO: CheckRoute Behavior ::run [ RunTime:0.001000s ]
INFO: [ route_check ] --END-- [ RunTime:0.001000s ]
INFO: [ app_begin ] --START--
INFO: ReadHtmlCache Behavior ::run [ RunTime:0.001000s ]
INFO: [ app_begin ] --END-- [ RunTime:0.001000s ]
SQL: SHOW COLUMNS FROM `user` [ RunTime:0.005000s ]
SQL: SELECT * FROM `user` LEFT JOIN level on user.dls_lv=level.level_id WHERE ( `id` = '1' ) LIMIT 1   [ RunTime:0.002000s ]
SQL: SHOW COLUMNS FROM `fx_user` [ RunTime:0.004000s ]
SQL: SELECT `uid`,`pid` FROM `fx_user`  [ RunTime:0.002000s ]
SQL: SHOW COLUMNS FROM `fx_record` [ RunTime:0.004000s ]
SQL: select sum(money),time from (select uid,money,DATE_FORMAT(datetime,'%y-%c')time from fx_record) as a group by time [ RunTime:0.002000s ]

